<?xml version="1.0" encoding="UTF-8" ?><testsuite errors="0" name="jasmine.specs" tests="288" failures="160" skipped="0" hostname="localhost" time="0.0" timestamp="2012-08-13T19:44:10"><testcase classname="jasmine" name="Eight Ball Game Scoring should be able to take a ball number 1-7 and 9-15 and score it correctly" time="0.0" failure="false"/><testcase classname="jasmine" name="Eight Ball Game Scoring should be able to take ball number 8 and score it correctly" time="0.0" failure="false"/><testcase classname="jasmine" name="Eight Ball Game Scoring should only allow each ball to be scored one time" time="0.0" failure="false"/><testcase classname="jasmine" name="Eight Ball Game Scoring should be able to get the number of balls types each player has hit in" time="0.0" failure="false"/><testcase classname="jasmine" name="Eight Ball Game Scoring should be able to set a game as Scratch On 8" time="0.0" failure="false"/><testcase classname="jasmine" name="Eight Ball Game Scoring should be able to keep track if player one had 8 on snap" time="0.0" failure="false"/><testcase classname="jasmine" name="Eight Ball Game Scoring should be able to keep track if player one had break and run" time="0.0" failure="false"/><testcase classname="jasmine" name="Eight Ball Game Scoring should be able to keep track if player two had 8 on snap" time="0.0" failure="false"/><testcase classname="jasmine" name="Eight Ball Game Scoring should be able to keep track if player one two break and run" time="0.0" failure="false"/><testcase classname="jasmine" name="Eight Ball Game Scoring should know if the 8 ball is pocketed on the break and give the current player a EightOnSnap" time="0.0" failure="false"/><testcase classname="jasmine" name="Eight Ball Game Scoring should know if the 8 ball is not pocketed on the break and not give the current player a EightOnSnap" time="0.0" failure="false"/><testcase classname="jasmine" name="Eight Ball Game Scoring should know when a player has hit all the balls in and is still breaking and only give them a 8BR" time="0.0" failure="false"/><testcase classname="jasmine" name="Eight Ball Game Scoring should be able to set player one to have a eight on snap and if not already true add one to that players total eight on snaps." time="0.0" failure="false"/><testcase classname="jasmine" name="Eight Ball Game Scoring should be able to set player two to have a eight on snap and if not already true add one to that players total eight on snaps." time="0.0" failure="false"/><testcase classname="jasmine" name="Eight Ball Game Scoring should be able to set player one to have a break and run and if not already true add one to that players total break and runs." time="0.0" failure="false"/><testcase classname="jasmine" name="Eight Ball Game Scoring should be able to tell if the game is an early eight ball" time="0.0" failure="false"/><testcase classname="jasmine" name="Eight Ball Game Scoring should be able to set player two to have a break and run and if not already true add one to that players total break and runs." time="0.0" failure="false"/><testcase classname="jasmine" name="Eight Ball Game Scoring should know when the player breaks and then continues on to all the balls in without missing one" time="0.0" failure="false"/><testcase classname="jasmine" name="Eight Ball Game Scoring should able to assign a ball type after the break if only one ball type has been hit in" time="0.0" failure="false"/><testcase classname="jasmine" name="Eight Ball Game Scoring should able to assign a ball type after the break if only one ball type has been hit in" time="0.0" failure="false"/><testcase classname="jasmine" name="Eight Ball Game Scoring should be able to keep track of which solid balls have been hit in" time="0.0" failure="false"/><testcase classname="jasmine" name="Eight Ball Game Scoring should be able to keep track of which striped balls have been hit in" time="0.0" failure="false"/><testcase classname="jasmine" name="Eight Ball Game Scoring should be able to set player one to striped balls" time="0.0" failure="false"/><testcase classname="jasmine" name="Eight Ball Game Scoring should be able to set player one to solid balls" time="0.0" failure="false"/><testcase classname="jasmine" name="Eight Ball Game Scoring should be able to set player two to striped balls" time="0.0" failure="false"/><testcase classname="jasmine" name="Eight Ball Game Scoring should be able to set player two to solid balls" time="0.0" failure="false"/><testcase classname="jasmine" name="Eight Ball Game Scoring should be able to find out if there is a winner if a player hits a BR and set that player to won" time="0.0" failure="false"/><testcase classname="jasmine" name="Eight Ball Game Scoring should be able to find out if there is a winner if player two wins and set that player to won" time="0.0" failure="false"/><testcase classname="jasmine" name="Eight Ball Game Scoring should be able to find out if there is a winner after ball type has been selected and set that player to won" time="0.0" failure="false"/><testcase classname="jasmine" name="Eight Ball Game Scoring should be able to return a list of all balls that have been hit in" time="0.0" failure="false"/><testcase classname="jasmine" name="Eight Ball Game Scoring should be able to hit a safety" time="0.0" failure="false"/><testcase classname="jasmine" name="Eight Ball Game Scoring should be able to return the game score with player one's score first (example 2-3)" time="0.0" failure="false"/><testcase classname="jasmine" name="Eight Ball Game Scoring should be able to keep track of the last ball scored" time="0.0" failure="false"/><testcase classname="jasmine" name="Eight Ball Game Innings should keep track of the number of innings" time="0.0" failure="false"/><testcase classname="jasmine" name="Eight Ball Game Innings should be able to add 1 to the number of innings" time="0.0" failure="false"/><testcase classname="jasmine" name="Eight Ball Game Innings should be able to add 1 to the innings when player2's turn is over" time="0.0" failure="false"/><testcase classname="jasmine" name="Eight Ball Game Innings should be able to end the break if no balls were hit in" time="0.0" failure="false"/><testcase classname="jasmine" name="Eight Ball Game Innings should be able to change who is currentlyUp" time="0.0" failure="false"/><testcase classname="jasmine" name="Eight Ball Game Innings should be able to know if a player is still breaking(balls scored) when they use NextPlayerIsUp while breaking" time="0.0" failure="false"/><testcase classname="jasmine" name="Eight Ball Game Innings should be able to know if a players turn is over(no balls scored) when they use NextPlayerIsUp while breaking" time="0.0" failure="false"/><testcase classname="jasmine" name="Eight Ball Game Innings should end the current players turn when they hit a safety" time="0.0" failure="false"/><testcase classname="jasmine" name="Eight Ball Game Innings should be able to have a state of breaking" time="0.0" failure="false"/><testcase classname="jasmine" name="Eight Ball Game Innings should be able to have change the breaking state to false" time="0.0" failure="false"/><testcase classname="jasmine" name="Eight Ball Game Innings should know if the breaking player is still up" time="0.0" failure="false"/><testcase classname="jasmine" name="Eight Ball Game Game Ending should be able to be ended" time="0.0" failure="false"/><testcase classname="jasmine" name="Eight Ball Game Game Ending should be able to make a player win and add one to games won" time="0.0" failure="false"/><testcase classname="jasmine" name="Eight Ball Game Game Ending should end the game and give currently player up the win if they pocket the 8 ball on break" time="0.0" failure="false"/><testcase classname="jasmine" name="Eight Ball Game Game Ending should know the match has completed when the 8 his hit in" time="0.0" failure="false"/><testcase classname="jasmine" name="Eight Ball Game Game Ending should end the game if a player hits the 8 ball in when it is not their last ball or on break" time="0.0" failure="false"/><testcase classname="jasmine" name="Eight Ball Game Player Timeouts should allow the currentplayer to be able to take a timeout" time="0.0" failure="false"/><testcase classname="jasmine" name="Eight Ball Game Player Timeouts should not allow the current player to take more time outs than given" time="0.0" failure="false"/><testcase classname="jasmine" name="Eight Ball Game Player Timeouts should be able to return the current player's remaining number of timeouts" time="0.0" failure="false"/><testcase classname="jasmine" name="Eight Ball Game Player Information should return winning players name (player one)" time="0.0" failure="false"/><testcase classname="jasmine" name="Eight Ball Game toJSON/fromJSON should be able to take a new Game and turn it into a JSON object" time="0.0" failure="false"/><testcase classname="jasmine" name="Eight Ball Game toJSON/fromJSON should be able to take a filled up Game and turn it into a JSON object" time="0.0" failure="false"/><testcase classname="jasmine" name="Eight Ball Game toJSON/fromJSON should be able to take a Game JSON and fill a Game object with it" time="0.0" failure="false"/><testcase classname="jasmine" name="Eight Ball League Match should have homeTeamNumber, awayTeamNumber, startTime, and tableType initialized from constructor" time="0.0" failure="false"/><testcase classname="jasmine" name="Eight Ball League Match should hold 5 different games" time="0.0" failure="false"/><testcase classname="jasmine" name="Eight Ball League Match should hold a home and away team numbers" time="0.0" failure="false"/><testcase classname="jasmine" name="Eight Ball League Match should keep scorecard team owners number" time="0.0" failure="false"/><testcase classname="jasmine" name="Eight Ball League Match should have the Start Time and End Time" time="0.0" failure="false"/><testcase classname="jasmine" name="Eight Ball League Match should be able to set each match and set the leagueMatchId for each" time="0.0" failure="false"/><testcase classname="jasmine" name="Eight Ball League Match should know when all of the matches have ended and the league match is complete" time="0.0" failure="false"/><testcase classname="jasmine" name="Eight Ball League Match should be able to get the home teams total match points" time="0.0" failure="true"><error type="expect.toEqual" message="Expected 0 to equal 5.">Expected 0 to equal 5.</error></testcase><testcase classname="jasmine" name="Eight Ball League Match should be able to get the away teams total match points" time="0.0" failure="true"><error type="expect.toEqual" message="Expected 0 to equal 5.Passed.">Expected 0 to equal 5.Passed.</error></testcase><testcase classname="jasmine" name="Eight Ball League Match should know if home team won the match" time="0.0" failure="true"><error type="expect.toEqual" message="Expected false to equal true.">Expected false to equal true.</error></testcase><testcase classname="jasmine" name="Eight Ball League Match should know if away team won the match" time="0.0" failure="true"><error type="expect.toEqual" message="Expected 0 to equal 5.Passed.Expected false to equal true.">Expected 0 to equal 5.Passed.Expected false to equal true.</error></testcase><testcase classname="jasmine" name="Eight Ball League Match should be able to get the winning team number if its the away team" time="0.0" failure="true"><error type="expect.toEqual" message="Expected '123' to equal '345'.">Expected '123' to equal '345'.</error></testcase><testcase classname="jasmine" name="Eight Ball League Match should be able to get the winning team number if it is the home team" time="0.0" failure="false"/><testcase classname="jasmine" name="Eight Ball League Match should be able to keep team names" time="0.0" failure="false"/><testcase classname="jasmine" name="Eight Ball League Match should be able to tell which team has signed the match" time="0.0" failure="false"/><testcase classname="jasmine" name="Eight Ball League Match toJSON/fromJSON should be able to take a new League Match and turn it into a JSON object" time="0.0" failure="true"><error type="expect.toEqual" message="Expected { matchOne : { player : { one : { name : 'Player1', rank : null, gamesNeededToWin : 0, number : '1', teamNumber : '123', gamesWon : 0, safeties : 0, eightOnSnaps : 0, breakAndRuns : 0, currentlyUp : true }, two : { name : 'Player2', rank : 2, gamesNeededToWin : 0, number : '2', teamNumber : '345', gamesWon : 0, safeties : 0, eightOnSnaps : 0, breakAndRuns : 0, currentlyUp : false } }, playerOneWon : 2, playerTwoWon : 0, currentGame : { playerOneTimeoutsTaken : 1, playerTwoTimeoutsTaken : 0, playerOneEightOnSnap : true, playerOneBreakAndRun : false, playerTwoEightOnSnap : false, playerTwoBreakAndRun : false, playerOneBallType : null, playerTwoBallType : null, playerOneEightBall : [ 8 ], playerTwoEightBall : [  ], playerOneWon : true, playerTwoWon : false, numberOfInnings : 0, earlyEight : false, scratchOnEight : false, breakingPlayerStillShooting : true, stripedBallsHitIn : [  ], solidBallsHitIn : [  ], lastBallHitIn : null, onBreak : true, ended : false }, completedGames : [ { playerOneTimeoutsTaken : 1, playerTwoTimeoutsTaken : 0, playerOneEightOnSnap : true, playerOneBreakAndRun : false, playerTwoEightOnSnap : false, playerTwoBreakAndRun : false, playerOneBallType : null, playerTwoBallType : null, playerOneEightBall : [ 8 ], playerTwoEightBall : [  ], playerOneWon : true, playerTwoWon : false, numberOfInnings : 0, earlyEight : false, scratchOnEight : false, breakingPlayerStillShooting : true, stripedBallsHitIn : [  ], solidBallsHitIn : [  ], lastBallHitIn : 8, onBreak : true, ended : true } ], suddenDeath : false, forfeit : false, ended : false, originalId : 0, leagueMatchId : 1 }, matchTwo : { player : { one : { name : 'Player1', rank : null, gamesNeededToWin : 0, number : '1', teamNumber : '123', gamesWon : 0, safeties : 0, eightOnSnaps : 0, breakAndRuns : 0, currentlyUp : true }, two : { name : 'Player2', rank : 2, gamesNeededToWin : 0, number : '2', teamNumber : '345', gamesWon : 0, safeties : 0, eightOnSnaps : 0, breakAndRuns : 0, currentlyUp : false } }, playerOneWon : 2, playerTwoWon : 0, currentGame : { playerOneTimeoutsTaken : 1, playerTwoTimeoutsTaken : 0, playerOneEightOnSnap : true, playerOneBreakAndRun : false, playerTwoEightOnSnap : false, playerTwoBreakAndRun : false, playerOneBallType : null, playerTwoBallType : null, playerOneEightBall : [ 8 ], playerTwoEightBall : [  ], playerOneWon : true, playerTwoWon : false, numberOfInnings : 0, earlyEight : false, scratchOnEight : false, breakingPlayerStillShooting : true, stripedBallsHitIn : [  ], solidBallsHitIn : [  ], lastBallHitIn : null, onBreak : true, ended : false }, completedGames : [ { playerOneTimeoutsTaken : 1, playerTwoTimeoutsTaken : 0, playerOneEightOnSnap : true, playerOneBreakAndRun : false, playerTwoEightOnSnap : false, playerTwoBreakAndRun : false, playerOneBallType : null, playerTwoBallType : null, playerOneEightBall : [ 8 ], playerTwoEightBall : [  ], playerOneWon : true, playerTwoWon : false, numberOfInnings : 0, earlyEight : false, scratchOnEight : false, breakingPlayerStillShooting : true, stripedBallsHitIn : [  ], solidBallsHitIn : [  ], lastBallHitIn : 8, onBreak : true, ended : true } ], suddenDeath : false, forfeit : false, ended : false, originalId : 0, leagueMatchId : 2 }, matchThree : { player : { one : { name : 'Player1', rank : null, gamesNeededToWin : 0, number : '1', teamNumber : '123', gamesWon : 0, safeties : 0, eightOnSnaps : 0, breakAndRuns : 0, currentlyUp : true }, two : { name : 'Player2', rank : 2, gamesNeededToWin : 0, number : '2', teamNumber : '345', gamesWon : 0, safeties : 0, eightOnSnaps : 0, breakAndRuns : 0, currentlyUp : false } }, playerOneWon : 2, playerTwoWon : 0, currentGame : { playerOneTimeoutsTaken : 1, playerTwoTimeoutsTaken : 0, playerOneEightOnSnap : true, playerOneBreakAndRun : false, playerTwoEightOnSnap : false, playerTwoBreakAndRun : false, playerOneBallType : null, playerTwoBallType : null, playerOneEightBall : [ 8 ], playerTwoEightBall : [  ], playerOneWon : true, playerTwoWon : false, numberOfInnings : 0, earlyEight : false, scratchOnEight : false, breakingPlayerStillShooting : true, stripedBallsHitIn : [  ], solidBallsHitIn : [  ], lastBallHitIn : null, onBreak : true, ended : false }, completedGames : [ { playerOneTimeoutsTaken : 1, playerTwoTimeoutsTaken : 0, playerOneEightOnSnap : true, playerOneBreakAndRun : false, playerTwoEightOnSnap : false, playerTwoBreakAndRun : false, playerOneBallType : null, playerTwoBallType : null, playerOneEightBall : [ 8 ], playerTwoEightBall : [  ], playerOneWon : true, playerTwoWon : false, numberOfInnings : 0, earlyEight : false, scratchOnEight : false, breakingPlayerStillShooting : true, stripedBallsHitIn : [  ], solidBallsHitIn : [  ], lastBallHitIn : 8, onBreak : true, ended : true } ], suddenDeath : false, forfeit : false, ended : false, originalId : 0, leagueMatchId : 3 }, matchFour : { player : { one : { name : 'Player1', rank : null, gamesNeededToWin : 0, number : '1', teamNumber : '123', gamesWon : 0, safeties : 0, eightOnSnaps : 0, breakAndRuns : 0, currentlyUp : true }, two : { name : 'Player2', rank : 2, gamesNeededToWin : 0, number : '2', teamNumber : '345', gamesWon : 0, safeties : 0, eightOnSnaps : 0, breakAndRuns : 0, currentlyUp : false } }, playerOneWon : 2, playerTwoWon : 0, currentGame : { playerOneTimeoutsTaken : 1, playerTwoTimeoutsTaken : 0, playerOneEightOnSnap : true, playerOneBreakAndRun : false, playerTwoEightOnSnap : false, playerTwoBreakAndRun : false, playerOneBallType : null, playerTwoBallType : null, playerOneEightBall : [ 8 ], playerTwoEightBall : [  ], playerOneWon : true, playerTwoWon : false, numberOfInnings : 0, earlyEight : false, scratchOnEight : false, breakingPlayerStillShooting : true, stripedBallsHitIn : [  ], solidBallsHitIn : [  ], lastBallHitIn : null, onBreak : true, ended : false }, completedGames : [ { playerOneTimeoutsTaken : 1, playerTwoTimeoutsTaken : 0, playerOneEightOnSnap : true, playerOneBreakAndRun : false, playerTwoEightOnSnap : false, playerTwoBreakAndRun : false, playerOneBallType : null, playerTwoBallType : null, playerOneEightBall : [ 8 ], playerTwoEightBall : [  ], playerOneWon : true, playerTwoWon : false, numberOfInnings : 0, earlyEight : false, scratchOnEight : false, breakingPlayerStillShooting : true, stripedBallsHitIn : [  ], solidBallsHitIn : [  ], lastBallHitIn : 8, onBreak : true, ended : true } ], suddenDeath : false, forfeit : false, ended : false, originalId : 0, leagueMatchId : 4 }, matchFive : { player : { one : { name : 'Player1', rank : null, gamesNeededToWin : 0, number : '1', teamNumber : '123', gamesWon : 0, safeties : 0, eightOnSnaps : 0, breakAndRuns : 0, currentlyUp : true }, two : { name : 'Player2', rank : 2, gamesNeededToWin : 0, number : '2', teamNumber : '345', gamesWon : 0, safeties : 0, eightOnSnaps : 0, breakAndRuns : 0, currentlyUp : false } }, playerOneWon : 2, playerTwoWon : 0, currentGame : { playerOneTimeoutsTaken : 1, playerTwoTimeoutsTaken : 0, playerOneEightOnSnap : true, playerOneBreakAndRun : false, playerTwoEightOnSnap : false, playerTwoBreakAndRun : false, playerOneBallType : null, playerTwoBallType : null, playerOneEightBall : [ 8 ], playerTwoEightBall : [  ], playerOneWon : true, playerTwoWon : false, numberOfInnings : 0, earlyEight : false, scratchOnEight : false, breakingPlayerStillShooting : true, stripedBallsHitIn : [  ], solidBallsHitIn : [  ], lastBallHitIn : null, onBreak : true, ended : false }, completedGames : [ { playerOneTimeoutsTaken : 1, playerTwoTimeoutsTaken : 0, playerOneEightOnSnap : true, playerOneBreakAndRun : false, playerTwoEightOnSnap : false, playerTwoBreakAndRun : false, playerOneBallType : null, playerTwoBallType : null, playerOneEightBall : [ 8 ], playerTwoEightBall : [  ], playerOneWon : true, playerTwoWon : false, numberOfInnings : 0, earlyEight : false, scratchOnEight : false, breakingPlayerStillShooting : true, stripedBallsHitIn : [  ], solidBallsHitIn : [  ], lastBallHitIn : 8, onBreak : true, ended : true } ], suddenDeath : false, forfeit : false, ended : false, originalId : 0, leagueMatchId : 5 }, teamNumber : '', homeTeamNumber : '123', awayTeamNumber : '345', startTime : '10:00 pm', endTime : '', tableType : 'Coin-Operated', leagueMatchId : 0 } to equal { matchOne : { player : { one : { name : 'Player1', rank : null, gamesNeededToWin : 0, number : '1', teamNumber : '123', gamesWon : 0, safeties : 0, eightOnSnaps : 0, breakAndRuns : 0, currentlyUp : true }, two : { name : 'Player2', rank : 2, gamesNeededToWin : 0, number : '2', teamNumber : '345', gamesWon : 0, safeties : 0, eightOnSnaps : 0, breakAndRuns : 0, currentlyUp : false } }, playerOneWon : 0, playerTwoWon : 0, currentGame : { playerOneTimeoutsTaken : 0, playerTwoTimeoutsTaken : 0, playerOneEightOnSnap : true, playerOneBreakAndRun : false, playerTwoEightOnSnap : false, playerTwoBreakAndRun : false, playerOneBallType : null, playerTwoBallType : null, playerOneEightBall : [ 8 ], playerTwoEightBall : [  ], playerOneWon : true, playerTwoWon : false, numberOfInnings : 0, earlyEight : false, scratchOnEight : false, breakingPlayerStillShooting : true, stripedBallsHitIn : [  ], solidBallsHitIn : [  ], lastBallHitIn : null, onBreak : true, ended : false }, completedGames : [ { playerOneTimeoutsTaken : 0, playerTwoTimeoutsTaken : 0, playerOneEightOnSnap : true, playerOneBreakAndRun : false, playerTwoEightOnSnap : false, playerTwoBreakAndRun : false, playerOneBallType : null, playerTwoBallType : null, playerOneEightBall : [ 8 ], playerTwoEightBall : [  ], playerOneWon : true, playerTwoWon : false, numberOfInnings : 0, earlyEight : false, scratchOnEight : false, breakingPlayerStillShooting : true, stripedBallsHitIn : [  ], solidBallsHitIn : [  ], lastBallHitIn : 8, onBreak : true, ended : true } ], suddenDeath : false, forfeit : false, ended : false, originalId : 0, leagueMatchId : 1 }, matchTwo : { player : { one : { name : 'Player1', rank : null, gamesNeededToWin : 0, number : '1', teamNumber : '123', gamesWon : 0, safeties : 0, eightOnSnaps : 0, breakAndRuns : 0, currentlyUp : true }, two : { name : 'Player2', rank : 2, gamesNeededToWin : 0, number : '2', teamNumber : '345', gamesWon : 0, safeties : 0, eightOnSnaps : 0, breakAndRuns : 0, currentlyUp : false } }, playerOneWon : 0, playerTwoWon : 0, currentGame : { playerOneTimeoutsTaken : 0, playerTwoTimeoutsTaken : 0, playerOneEightOnSnap : true, playerOneBreakAndRun : false, playerTwoEightOnSnap : false, playerTwoBreakAndRun : false, playerOneBallType : null, playerTwoBallType : null, playerOneEightBall : [ 8 ], playerTwoEightBall : [  ], playerOneWon : true, playerTwoWon : false, numberOfInnings : 0, earlyEight : false, scratchOnEight : false, breakingPlayerStillShooting : true, stripedBallsHitIn : [  ], solidBallsHitIn : [  ], lastBallHitIn : null, onBreak : true, ended : false }, completedGames : [ { playerOneTimeoutsTaken : 0, playerTwoTimeoutsTaken : 0, playerOneEightOnSnap : true, playerOneBreakAndRun : false, playerTwoEightOnSnap : false, playerTwoBreakAndRun : false, playerOneBallType : null, playerTwoBallType : null, playerOneEightBall : [ 8 ], playerTwoEightBall : [  ], playerOneWon : true, playerTwoWon : false, numberOfInnings : 0, earlyEight : false, scratchOnEight : false, breakingPlayerStillShooting : true, stripedBallsHitIn : [  ], solidBallsHitIn : [  ], lastBallHitIn : 8, onBreak : true, ended : true } ], suddenDeath : false, forfeit : false, ended : false, originalId : 0, leagueMatchId : 2 }, matchThree : { player : { one : { name : 'Player1', rank : null, gamesNeededToWin : 0, number : '1', teamNumber : '123', gamesWon : 0, safeties : 0, eightOnSnaps : 0, breakAndRuns : 0, currentlyUp : true }, two : { name : 'Player2', rank : 2, gamesNeededToWin : 0, number : '2', teamNumber : '345', gamesWon : 0, safeties : 0, eightOnSnaps : 0, breakAndRuns : 0, currentlyUp : false } }, playerOneWon : 0, playerTwoWon : 0, currentGame : { playerOneTimeoutsTaken : 0, playerTwoTimeoutsTaken : 0, playerOneEightOnSnap : true, playerOneBreakAndRun : false, playerTwoEightOnSnap : false, playerTwoBreakAndRun : false, playerOneBallType : null, playerTwoBallType : null, playerOneEightBall : [ 8 ], playerTwoEightBall : [  ], playerOneWon : true, playerTwoWon : false, numberOfInnings : 0, earlyEight : false, scratchOnEight : false, breakingPlayerStillShooting : true, stripedBallsHitIn : [  ], solidBallsHitIn : [  ], lastBallHitIn : null, onBreak : true, ended : false }, completedGames : [ { playerOneTimeoutsTaken : 0, playerTwoTimeoutsTaken : 0, playerOneEightOnSnap : true, playerOneBreakAndRun : false, playerTwoEightOnSnap : false, playerTwoBreakAndRun : false, playerOneBallType : null, playerTwoBallType : null, playerOneEightBall : [ 8 ], playerTwoEightBall : [  ], playerOneWon : true, playerTwoWon : false, numberOfInnings : 0, earlyEight : false, scratchOnEight : false, breakingPlayerStillShooting : true, stripedBallsHitIn : [  ], solidBallsHitIn : [  ], lastBallHitIn : 8, onBreak : true, ended : true } ], suddenDeath : false, forfeit : false, ended : false, originalId : 0, leagueMatchId : 3 }, matchFour : { player : { one : { name : 'Player1', rank : null, gamesNeededToWin : 0, number : '1', teamNumber : '123', gamesWon : 0, safeties : 0, eightOnSnaps : 0, breakAndRuns : 0, currentlyUp : true }, two : { name : 'Player2', rank : 2, gamesNeededToWin : 0, number : '2', teamNumber : '345', gamesWon : 0, safeties : 0, eightOnSnaps : 0, breakAndRuns : 0, currentlyUp : false } }, playerOneWon : 0, playerTwoWon : 0, currentGame : { playerOneTimeoutsTaken : 0, playerTwoTimeoutsTaken : 0, playerOneEightOnSnap : true, playerOneBreakAndRun : false, playerTwoEightOnSnap : false, playerTwoBreakAndRun : false, playerOneBallType : null, playerTwoBallType : null, playerOneEightBall : [ 8 ], playerTwoEightBall : [  ], playerOneWon : true, playerTwoWon : false, numberOfInnings : 0, earlyEight : false, scratchOnEight : false, breakingPlayerStillShooting : true, stripedBallsHitIn : [  ], solidBallsHitIn : [  ], lastBallHitIn : null, onBreak : true, ended : false }, completedGames : [ { playerOneTimeoutsTaken : 0, playerTwoTimeoutsTaken : 0, playerOneEightOnSnap : true, playerOneBreakAndRun : false, playerTwoEightOnSnap : false, playerTwoBreakAndRun : false, playerOneBallType : null, playerTwoBallType : null, playerOneEightBall : [ 8 ], playerTwoEightBall : [  ], playerOneWon : true, playerTwoWon : false, numberOfInnings : 0, earlyEight : false, scratchOnEight : false, breakingPlayerStillShooting : true, stripedBallsHitIn : [  ], solidBallsHitIn : [  ], lastBallHitIn : 8, onBreak : true, ended : true } ], suddenDeath : false, forfeit : false, ended : false, originalId : 0, leagueMatchId : 4 }, matchFive : { player : { one : { name : 'Player1', rank : null, gamesNeededToWin : 0, number : '1', teamNumber : '123', gamesWon : 0, safeties : 0, eightOnSnaps : 0, breakAndRuns : 0, currentlyUp : true }, two : { name : 'Player2', rank : 2, gamesNeededToWin : 0, number : '2', teamNumber : '345', gamesWon : 0, safeties : 0, eightOnSnaps : 0, breakAndRuns : 0, currentlyUp : false } }, playerOneWon : 0, playerTwoWon : 0, currentGame : { playerOneTimeoutsTaken : 0, playerTwoTimeoutsTaken : 0, playerOneEightOnSnap : true, playerOneBreakAndRun : false, playerTwoEightOnSnap : false, playerTwoBreakAndRun : false, playerOneBallType : null, playerTwoBallType : null, playerOneEightBall : [ 8 ], playerTwoEightBall : [  ], playerOneWon : true, playerTwoWon : false, numberOfInnings : 0, earlyEight : false, scratchOnEight : false, breakingPlayerStillShooting : true, stripedBallsHitIn : [  ], solidBallsHitIn : [  ], lastBallHitIn : null, onBreak : true, ended : false }, completedGames : [ { playerOneTimeoutsTaken : 0, playerTwoTimeoutsTaken : 0, playerOneEightOnSnap : true, playerOneBreakAndRun : false, playerTwoEightOnSnap : false, playerTwoBreakAndRun : false, playerOneBallType : null, playerTwoBallType : null, playerOneEightBall : [ 8 ], playerTwoEightBall : [  ], playerOneWon : true, playerTwoWon : false, numberOfInnings : 0, earlyEight : false, scratchOnEight : false, breakingPlayerStillShooting : true, stripedBallsHitIn : [  ], solidBallsHitIn : [  ], lastBallHitIn : 8, onBreak : true, ended : true } ], suddenDeath : false, forfeit : false, ended : false, originalId : 0, leagueMatchId : 5 }, teamNumber : '', homeTeamNumber : '123', awayTeamNumber : '345', startTime : '10: 00pm', endTime : '', tableType : 'Coin-Operated', leagueMatchId : 0 }.">Expected { matchOne : { player : { one : { name : 'Player1', rank : null, gamesNeededToWin : 0, number : '1', teamNumber : '123', gamesWon : 0, safeties : 0, eightOnSnaps : 0, breakAndRuns : 0, currentlyUp : true }, two : { name : 'Player2', rank : 2, gamesNeededToWin : 0, number : '2', teamNumber : '345', gamesWon : 0, safeties : 0, eightOnSnaps : 0, breakAndRuns : 0, currentlyUp : false } }, playerOneWon : 2, playerTwoWon : 0, currentGame : { playerOneTimeoutsTaken : 1, playerTwoTimeoutsTaken : 0, playerOneEightOnSnap : true, playerOneBreakAndRun : false, playerTwoEightOnSnap : false, playerTwoBreakAndRun : false, playerOneBallType : null, playerTwoBallType : null, playerOneEightBall : [ 8 ], playerTwoEightBall : [  ], playerOneWon : true, playerTwoWon : false, numberOfInnings : 0, earlyEight : false, scratchOnEight : false, breakingPlayerStillShooting : true, stripedBallsHitIn : [  ], solidBallsHitIn : [  ], lastBallHitIn : null, onBreak : true, ended : false }, completedGames : [ { playerOneTimeoutsTaken : 1, playerTwoTimeoutsTaken : 0, playerOneEightOnSnap : true, playerOneBreakAndRun : false, playerTwoEightOnSnap : false, playerTwoBreakAndRun : false, playerOneBallType : null, playerTwoBallType : null, playerOneEightBall : [ 8 ], playerTwoEightBall : [  ], playerOneWon : true, playerTwoWon : false, numberOfInnings : 0, earlyEight : false, scratchOnEight : false, breakingPlayerStillShooting : true, stripedBallsHitIn : [  ], solidBallsHitIn : [  ], lastBallHitIn : 8, onBreak : true, ended : true } ], suddenDeath : false, forfeit : false, ended : false, originalId : 0, leagueMatchId : 1 }, matchTwo : { player : { one : { name : 'Player1', rank : null, gamesNeededToWin : 0, number : '1', teamNumber : '123', gamesWon : 0, safeties : 0, eightOnSnaps : 0, breakAndRuns : 0, currentlyUp : true }, two : { name : 'Player2', rank : 2, gamesNeededToWin : 0, number : '2', teamNumber : '345', gamesWon : 0, safeties : 0, eightOnSnaps : 0, breakAndRuns : 0, currentlyUp : false } }, playerOneWon : 2, playerTwoWon : 0, currentGame : { playerOneTimeoutsTaken : 1, playerTwoTimeoutsTaken : 0, playerOneEightOnSnap : true, playerOneBreakAndRun : false, playerTwoEightOnSnap : false, playerTwoBreakAndRun : false, playerOneBallType : null, playerTwoBallType : null, playerOneEightBall : [ 8 ], playerTwoEightBall : [  ], playerOneWon : true, playerTwoWon : false, numberOfInnings : 0, earlyEight : false, scratchOnEight : false, breakingPlayerStillShooting : true, stripedBallsHitIn : [  ], solidBallsHitIn : [  ], lastBallHitIn : null, onBreak : true, ended : false }, completedGames : [ { playerOneTimeoutsTaken : 1, playerTwoTimeoutsTaken : 0, playerOneEightOnSnap : true, playerOneBreakAndRun : false, playerTwoEightOnSnap : false, playerTwoBreakAndRun : false, playerOneBallType : null, playerTwoBallType : null, playerOneEightBall : [ 8 ], playerTwoEightBall : [  ], playerOneWon : true, playerTwoWon : false, numberOfInnings : 0, earlyEight : false, scratchOnEight : false, breakingPlayerStillShooting : true, stripedBallsHitIn : [  ], solidBallsHitIn : [  ], lastBallHitIn : 8, onBreak : true, ended : true } ], suddenDeath : false, forfeit : false, ended : false, originalId : 0, leagueMatchId : 2 }, matchThree : { player : { one : { name : 'Player1', rank : null, gamesNeededToWin : 0, number : '1', teamNumber : '123', gamesWon : 0, safeties : 0, eightOnSnaps : 0, breakAndRuns : 0, currentlyUp : true }, two : { name : 'Player2', rank : 2, gamesNeededToWin : 0, number : '2', teamNumber : '345', gamesWon : 0, safeties : 0, eightOnSnaps : 0, breakAndRuns : 0, currentlyUp : false } }, playerOneWon : 2, playerTwoWon : 0, currentGame : { playerOneTimeoutsTaken : 1, playerTwoTimeoutsTaken : 0, playerOneEightOnSnap : true, playerOneBreakAndRun : false, playerTwoEightOnSnap : false, playerTwoBreakAndRun : false, playerOneBallType : null, playerTwoBallType : null, playerOneEightBall : [ 8 ], playerTwoEightBall : [  ], playerOneWon : true, playerTwoWon : false, numberOfInnings : 0, earlyEight : false, scratchOnEight : false, breakingPlayerStillShooting : true, stripedBallsHitIn : [  ], solidBallsHitIn : [  ], lastBallHitIn : null, onBreak : true, ended : false }, completedGames : [ { playerOneTimeoutsTaken : 1, playerTwoTimeoutsTaken : 0, playerOneEightOnSnap : true, playerOneBreakAndRun : false, playerTwoEightOnSnap : false, playerTwoBreakAndRun : false, playerOneBallType : null, playerTwoBallType : null, playerOneEightBall : [ 8 ], playerTwoEightBall : [  ], playerOneWon : true, playerTwoWon : false, numberOfInnings : 0, earlyEight : false, scratchOnEight : false, breakingPlayerStillShooting : true, stripedBallsHitIn : [  ], solidBallsHitIn : [  ], lastBallHitIn : 8, onBreak : true, ended : true } ], suddenDeath : false, forfeit : false, ended : false, originalId : 0, leagueMatchId : 3 }, matchFour : { player : { one : { name : 'Player1', rank : null, gamesNeededToWin : 0, number : '1', teamNumber : '123', gamesWon : 0, safeties : 0, eightOnSnaps : 0, breakAndRuns : 0, currentlyUp : true }, two : { name : 'Player2', rank : 2, gamesNeededToWin : 0, number : '2', teamNumber : '345', gamesWon : 0, safeties : 0, eightOnSnaps : 0, breakAndRuns : 0, currentlyUp : false } }, playerOneWon : 2, playerTwoWon : 0, currentGame : { playerOneTimeoutsTaken : 1, playerTwoTimeoutsTaken : 0, playerOneEightOnSnap : true, playerOneBreakAndRun : false, playerTwoEightOnSnap : false, playerTwoBreakAndRun : false, playerOneBallType : null, playerTwoBallType : null, playerOneEightBall : [ 8 ], playerTwoEightBall : [  ], playerOneWon : true, playerTwoWon : false, numberOfInnings : 0, earlyEight : false, scratchOnEight : false, breakingPlayerStillShooting : true, stripedBallsHitIn : [  ], solidBallsHitIn : [  ], lastBallHitIn : null, onBreak : true, ended : false }, completedGames : [ { playerOneTimeoutsTaken : 1, playerTwoTimeoutsTaken : 0, playerOneEightOnSnap : true, playerOneBreakAndRun : false, playerTwoEightOnSnap : false, playerTwoBreakAndRun : false, playerOneBallType : null, playerTwoBallType : null, playerOneEightBall : [ 8 ], playerTwoEightBall : [  ], playerOneWon : true, playerTwoWon : false, numberOfInnings : 0, earlyEight : false, scratchOnEight : false, breakingPlayerStillShooting : true, stripedBallsHitIn : [  ], solidBallsHitIn : [  ], lastBallHitIn : 8, onBreak : true, ended : true } ], suddenDeath : false, forfeit : false, ended : false, originalId : 0, leagueMatchId : 4 }, matchFive : { player : { one : { name : 'Player1', rank : null, gamesNeededToWin : 0, number : '1', teamNumber : '123', gamesWon : 0, safeties : 0, eightOnSnaps : 0, breakAndRuns : 0, currentlyUp : true }, two : { name : 'Player2', rank : 2, gamesNeededToWin : 0, number : '2', teamNumber : '345', gamesWon : 0, safeties : 0, eightOnSnaps : 0, breakAndRuns : 0, currentlyUp : false } }, playerOneWon : 2, playerTwoWon : 0, currentGame : { playerOneTimeoutsTaken : 1, playerTwoTimeoutsTaken : 0, playerOneEightOnSnap : true, playerOneBreakAndRun : false, playerTwoEightOnSnap : false, playerTwoBreakAndRun : false, playerOneBallType : null, playerTwoBallType : null, playerOneEightBall : [ 8 ], playerTwoEightBall : [  ], playerOneWon : true, playerTwoWon : false, numberOfInnings : 0, earlyEight : false, scratchOnEight : false, breakingPlayerStillShooting : true, stripedBallsHitIn : [  ], solidBallsHitIn : [  ], lastBallHitIn : null, onBreak : true, ended : false }, completedGames : [ { playerOneTimeoutsTaken : 1, playerTwoTimeoutsTaken : 0, playerOneEightOnSnap : true, playerOneBreakAndRun : false, playerTwoEightOnSnap : false, playerTwoBreakAndRun : false, playerOneBallType : null, playerTwoBallType : null, playerOneEightBall : [ 8 ], playerTwoEightBall : [  ], playerOneWon : true, playerTwoWon : false, numberOfInnings : 0, earlyEight : false, scratchOnEight : false, breakingPlayerStillShooting : true, stripedBallsHitIn : [  ], solidBallsHitIn : [  ], lastBallHitIn : 8, onBreak : true, ended : true } ], suddenDeath : false, forfeit : false, ended : false, originalId : 0, leagueMatchId : 5 }, teamNumber : '', homeTeamNumber : '123', awayTeamNumber : '345', startTime : '10:00 pm', endTime : '', tableType : 'Coin-Operated', leagueMatchId : 0 } to equal { matchOne : { player : { one : { name : 'Player1', rank : null, gamesNeededToWin : 0, number : '1', teamNumber : '123', gamesWon : 0, safeties : 0, eightOnSnaps : 0, breakAndRuns : 0, currentlyUp : true }, two : { name : 'Player2', rank : 2, gamesNeededToWin : 0, number : '2', teamNumber : '345', gamesWon : 0, safeties : 0, eightOnSnaps : 0, breakAndRuns : 0, currentlyUp : false } }, playerOneWon : 0, playerTwoWon : 0, currentGame : { playerOneTimeoutsTaken : 0, playerTwoTimeoutsTaken : 0, playerOneEightOnSnap : true, playerOneBreakAndRun : false, playerTwoEightOnSnap : false, playerTwoBreakAndRun : false, playerOneBallType : null, playerTwoBallType : null, playerOneEightBall : [ 8 ], playerTwoEightBall : [  ], playerOneWon : true, playerTwoWon : false, numberOfInnings : 0, earlyEight : false, scratchOnEight : false, breakingPlayerStillShooting : true, stripedBallsHitIn : [  ], solidBallsHitIn : [  ], lastBallHitIn : null, onBreak : true, ended : false }, completedGames : [ { playerOneTimeoutsTaken : 0, playerTwoTimeoutsTaken : 0, playerOneEightOnSnap : true, playerOneBreakAndRun : false, playerTwoEightOnSnap : false, playerTwoBreakAndRun : false, playerOneBallType : null, playerTwoBallType : null, playerOneEightBall : [ 8 ], playerTwoEightBall : [  ], playerOneWon : true, playerTwoWon : false, numberOfInnings : 0, earlyEight : false, scratchOnEight : false, breakingPlayerStillShooting : true, stripedBallsHitIn : [  ], solidBallsHitIn : [  ], lastBallHitIn : 8, onBreak : true, ended : true } ], suddenDeath : false, forfeit : false, ended : false, originalId : 0, leagueMatchId : 1 }, matchTwo : { player : { one : { name : 'Player1', rank : null, gamesNeededToWin : 0, number : '1', teamNumber : '123', gamesWon : 0, safeties : 0, eightOnSnaps : 0, breakAndRuns : 0, currentlyUp : true }, two : { name : 'Player2', rank : 2, gamesNeededToWin : 0, number : '2', teamNumber : '345', gamesWon : 0, safeties : 0, eightOnSnaps : 0, breakAndRuns : 0, currentlyUp : false } }, playerOneWon : 0, playerTwoWon : 0, currentGame : { playerOneTimeoutsTaken : 0, playerTwoTimeoutsTaken : 0, playerOneEightOnSnap : true, playerOneBreakAndRun : false, playerTwoEightOnSnap : false, playerTwoBreakAndRun : false, playerOneBallType : null, playerTwoBallType : null, playerOneEightBall : [ 8 ], playerTwoEightBall : [  ], playerOneWon : true, playerTwoWon : false, numberOfInnings : 0, earlyEight : false, scratchOnEight : false, breakingPlayerStillShooting : true, stripedBallsHitIn : [  ], solidBallsHitIn : [  ], lastBallHitIn : null, onBreak : true, ended : false }, completedGames : [ { playerOneTimeoutsTaken : 0, playerTwoTimeoutsTaken : 0, playerOneEightOnSnap : true, playerOneBreakAndRun : false, playerTwoEightOnSnap : false, playerTwoBreakAndRun : false, playerOneBallType : null, playerTwoBallType : null, playerOneEightBall : [ 8 ], playerTwoEightBall : [  ], playerOneWon : true, playerTwoWon : false, numberOfInnings : 0, earlyEight : false, scratchOnEight : false, breakingPlayerStillShooting : true, stripedBallsHitIn : [  ], solidBallsHitIn : [  ], lastBallHitIn : 8, onBreak : true, ended : true } ], suddenDeath : false, forfeit : false, ended : false, originalId : 0, leagueMatchId : 2 }, matchThree : { player : { one : { name : 'Player1', rank : null, gamesNeededToWin : 0, number : '1', teamNumber : '123', gamesWon : 0, safeties : 0, eightOnSnaps : 0, breakAndRuns : 0, currentlyUp : true }, two : { name : 'Player2', rank : 2, gamesNeededToWin : 0, number : '2', teamNumber : '345', gamesWon : 0, safeties : 0, eightOnSnaps : 0, breakAndRuns : 0, currentlyUp : false } }, playerOneWon : 0, playerTwoWon : 0, currentGame : { playerOneTimeoutsTaken : 0, playerTwoTimeoutsTaken : 0, playerOneEightOnSnap : true, playerOneBreakAndRun : false, playerTwoEightOnSnap : false, playerTwoBreakAndRun : false, playerOneBallType : null, playerTwoBallType : null, playerOneEightBall : [ 8 ], playerTwoEightBall : [  ], playerOneWon : true, playerTwoWon : false, numberOfInnings : 0, earlyEight : false, scratchOnEight : false, breakingPlayerStillShooting : true, stripedBallsHitIn : [  ], solidBallsHitIn : [  ], lastBallHitIn : null, onBreak : true, ended : false }, completedGames : [ { playerOneTimeoutsTaken : 0, playerTwoTimeoutsTaken : 0, playerOneEightOnSnap : true, playerOneBreakAndRun : false, playerTwoEightOnSnap : false, playerTwoBreakAndRun : false, playerOneBallType : null, playerTwoBallType : null, playerOneEightBall : [ 8 ], playerTwoEightBall : [  ], playerOneWon : true, playerTwoWon : false, numberOfInnings : 0, earlyEight : false, scratchOnEight : false, breakingPlayerStillShooting : true, stripedBallsHitIn : [  ], solidBallsHitIn : [  ], lastBallHitIn : 8, onBreak : true, ended : true } ], suddenDeath : false, forfeit : false, ended : false, originalId : 0, leagueMatchId : 3 }, matchFour : { player : { one : { name : 'Player1', rank : null, gamesNeededToWin : 0, number : '1', teamNumber : '123', gamesWon : 0, safeties : 0, eightOnSnaps : 0, breakAndRuns : 0, currentlyUp : true }, two : { name : 'Player2', rank : 2, gamesNeededToWin : 0, number : '2', teamNumber : '345', gamesWon : 0, safeties : 0, eightOnSnaps : 0, breakAndRuns : 0, currentlyUp : false } }, playerOneWon : 0, playerTwoWon : 0, currentGame : { playerOneTimeoutsTaken : 0, playerTwoTimeoutsTaken : 0, playerOneEightOnSnap : true, playerOneBreakAndRun : false, playerTwoEightOnSnap : false, playerTwoBreakAndRun : false, playerOneBallType : null, playerTwoBallType : null, playerOneEightBall : [ 8 ], playerTwoEightBall : [  ], playerOneWon : true, playerTwoWon : false, numberOfInnings : 0, earlyEight : false, scratchOnEight : false, breakingPlayerStillShooting : true, stripedBallsHitIn : [  ], solidBallsHitIn : [  ], lastBallHitIn : null, onBreak : true, ended : false }, completedGames : [ { playerOneTimeoutsTaken : 0, playerTwoTimeoutsTaken : 0, playerOneEightOnSnap : true, playerOneBreakAndRun : false, playerTwoEightOnSnap : false, playerTwoBreakAndRun : false, playerOneBallType : null, playerTwoBallType : null, playerOneEightBall : [ 8 ], playerTwoEightBall : [  ], playerOneWon : true, playerTwoWon : false, numberOfInnings : 0, earlyEight : false, scratchOnEight : false, breakingPlayerStillShooting : true, stripedBallsHitIn : [  ], solidBallsHitIn : [  ], lastBallHitIn : 8, onBreak : true, ended : true } ], suddenDeath : false, forfeit : false, ended : false, originalId : 0, leagueMatchId : 4 }, matchFive : { player : { one : { name : 'Player1', rank : null, gamesNeededToWin : 0, number : '1', teamNumber : '123', gamesWon : 0, safeties : 0, eightOnSnaps : 0, breakAndRuns : 0, currentlyUp : true }, two : { name : 'Player2', rank : 2, gamesNeededToWin : 0, number : '2', teamNumber : '345', gamesWon : 0, safeties : 0, eightOnSnaps : 0, breakAndRuns : 0, currentlyUp : false } }, playerOneWon : 0, playerTwoWon : 0, currentGame : { playerOneTimeoutsTaken : 0, playerTwoTimeoutsTaken : 0, playerOneEightOnSnap : true, playerOneBreakAndRun : false, playerTwoEightOnSnap : false, playerTwoBreakAndRun : false, playerOneBallType : null, playerTwoBallType : null, playerOneEightBall : [ 8 ], playerTwoEightBall : [  ], playerOneWon : true, playerTwoWon : false, numberOfInnings : 0, earlyEight : false, scratchOnEight : false, breakingPlayerStillShooting : true, stripedBallsHitIn : [  ], solidBallsHitIn : [  ], lastBallHitIn : null, onBreak : true, ended : false }, completedGames : [ { playerOneTimeoutsTaken : 0, playerTwoTimeoutsTaken : 0, playerOneEightOnSnap : true, playerOneBreakAndRun : false, playerTwoEightOnSnap : false, playerTwoBreakAndRun : false, playerOneBallType : null, playerTwoBallType : null, playerOneEightBall : [ 8 ], playerTwoEightBall : [  ], playerOneWon : true, playerTwoWon : false, numberOfInnings : 0, earlyEight : false, scratchOnEight : false, breakingPlayerStillShooting : true, stripedBallsHitIn : [  ], solidBallsHitIn : [  ], lastBallHitIn : 8, onBreak : true, ended : true } ], suddenDeath : false, forfeit : false, ended : false, originalId : 0, leagueMatchId : 5 }, teamNumber : '', homeTeamNumber : '123', awayTeamNumber : '345', startTime : '10: 00pm', endTime : '', tableType : 'Coin-Operated', leagueMatchId : 0 }.</error></testcase><testcase classname="jasmine" name="Eight Ball League Match toJSON/fromJSON should be able to take a new League Match and turn it into a small JSON object" time="0.0" failure="true"><error type="expect.toEqual" message="Expected { teamNumber : '', homeTeamNumber : '123', awayTeamNumber : '345', startTime : '10:00 pm', endTime : '', tableType : 'Coin-Operated', leagueMatchId : 0 } to equal { teamNumber : '', homeTeamNumber : '123', awayTeamNumber : '345', startTime : '10:00 pm', endTime : '', tableType : 'Coin-Operated', leagueMatchId : 1 }.">Expected { teamNumber : '', homeTeamNumber : '123', awayTeamNumber : '345', startTime : '10:00 pm', endTime : '', tableType : 'Coin-Operated', leagueMatchId : 0 } to equal { teamNumber : '', homeTeamNumber : '123', awayTeamNumber : '345', startTime : '10:00 pm', endTime : '', tableType : 'Coin-Operated', leagueMatchId : 1 }.</error></testcase><testcase classname="jasmine" name="Eight Ball League Match toJSON/fromJSON should be able to set SmallJSON = true to return only the small JSON object when toJSON is called." time="0.0" failure="true"><error type="expect.toEqual" message="Expected { matchOne : { player : { one : { name : 'Player1', rank : null, gamesNeededToWin : 0, number : '1', teamNumber : '123', gamesWon : 0, safeties : 0, eightOnSnaps : 0, breakAndRuns : 0, currentlyUp : true }, two : { name : 'Player2', rank : 2, gamesNeededToWin : 0, number : '2', teamNumber : '345', gamesWon : 0, safeties : 0, eightOnSnaps : 0, breakAndRuns : 0, currentlyUp : false } }, playerOneWon : 2, playerTwoWon : 0, currentGame : { playerOneTimeoutsTaken : 1, playerTwoTimeoutsTaken : 0, playerOneEightOnSnap : true, playerOneBreakAndRun : false, playerTwoEightOnSnap : false, playerTwoBreakAndRun : false, playerOneBallType : null, playerTwoBallType : null, playerOneEightBall : [ 8 ], playerTwoEightBall : [  ], playerOneWon : true, playerTwoWon : false, numberOfInnings : 0, earlyEight : false, scratchOnEight : false, breakingPlayerStillShooting : true, stripedBallsHitIn : [  ], solidBallsHitIn : [  ], lastBallHitIn : null, onBreak : true, ended : false }, completedGames : [ { playerOneTimeoutsTaken : 1, playerTwoTimeoutsTaken : 0, playerOneEightOnSnap : true, playerOneBreakAndRun : false, playerTwoEightOnSnap : false, playerTwoBreakAndRun : false, playerOneBallType : null, playerTwoBallType : null, playerOneEightBall : [ 8 ], playerTwoEightBall : [  ], playerOneWon : true, playerTwoWon : false, numberOfInnings : 0, earlyEight : false, scratchOnEight : false, breakingPlayerStillShooting : true, stripedBallsHitIn : [  ], solidBallsHitIn : [  ], lastBallHitIn : 8, onBreak : true, ended : true } ], suddenDeath : false, forfeit : false, ended : false, originalId : 0, leagueMatchId : 1 }, matchTwo : { player : { one : { name : 'Player1', rank : null, gamesNeededToWin : 0, number : '1', teamNumber : '123', gamesWon : 0, safeties : 0, eightOnSnaps : 0, breakAndRuns : 0, currentlyUp : true }, two : { name : 'Player2', rank : 2, gamesNeededToWin : 0, number : '2', teamNumber : '345', gamesWon : 0, safeties : 0, eightOnSnaps : 0, breakAndRuns : 0, currentlyUp : false } }, playerOneWon : 2, playerTwoWon : 0, currentGame : { playerOneTimeoutsTaken : 1, playerTwoTimeoutsTaken : 0, playerOneEightOnSnap : true, playerOneBreakAndRun : false, playerTwoEightOnSnap : false, playerTwoBreakAndRun : false, playerOneBallType : null, playerTwoBallType : null, playerOneEightBall : [ 8 ], playerTwoEightBall : [  ], playerOneWon : true, playerTwoWon : false, numberOfInnings : 0, earlyEight : false, scratchOnEight : false, breakingPlayerStillShooting : true, stripedBallsHitIn : [  ], solidBallsHitIn : [  ], lastBallHitIn : null, onBreak : true, ended : false }, completedGames : [ { playerOneTimeoutsTaken : 1, playerTwoTimeoutsTaken : 0, playerOneEightOnSnap : true, playerOneBreakAndRun : false, playerTwoEightOnSnap : false, playerTwoBreakAndRun : false, playerOneBallType : null, playerTwoBallType : null, playerOneEightBall : [ 8 ], playerTwoEightBall : [  ], playerOneWon : true, playerTwoWon : false, numberOfInnings : 0, earlyEight : false, scratchOnEight : false, breakingPlayerStillShooting : true, stripedBallsHitIn : [  ], solidBallsHitIn : [  ], lastBallHitIn : 8, onBreak : true, ended : true } ], suddenDeath : false, forfeit : false, ended : false, originalId : 0, leagueMatchId : 2 }, matchThree : { player : { one : { name : 'Player1', rank : null, gamesNeededToWin : 0, number : '1', teamNumber : '123', gamesWon : 0, safeties : 0, eightOnSnaps : 0, breakAndRuns : 0, currentlyUp : true }, two : { name : 'Player2', rank : 2, gamesNeededToWin : 0, number : '2', teamNumber : '345', gamesWon : 0, safeties : 0, eightOnSnaps : 0, breakAndRuns : 0, currentlyUp : false } }, playerOneWon : 2, playerTwoWon : 0, currentGame : { playerOneTimeoutsTaken : 1, playerTwoTimeoutsTaken : 0, playerOneEightOnSnap : true, playerOneBreakAndRun : false, playerTwoEightOnSnap : false, playerTwoBreakAndRun : false, playerOneBallType : null, playerTwoBallType : null, playerOneEightBall : [ 8 ], playerTwoEightBall : [  ], playerOneWon : true, playerTwoWon : false, numberOfInnings : 0, earlyEight : false, scratchOnEight : false, breakingPlayerStillShooting : true, stripedBallsHitIn : [  ], solidBallsHitIn : [  ], lastBallHitIn : null, onBreak : true, ended : false }, completedGames : [ { playerOneTimeoutsTaken : 1, playerTwoTimeoutsTaken : 0, playerOneEightOnSnap : true, playerOneBreakAndRun : false, playerTwoEightOnSnap : false, playerTwoBreakAndRun : false, playerOneBallType : null, playerTwoBallType : null, playerOneEightBall : [ 8 ], playerTwoEightBall : [  ], playerOneWon : true, playerTwoWon : false, numberOfInnings : 0, earlyEight : false, scratchOnEight : false, breakingPlayerStillShooting : true, stripedBallsHitIn : [  ], solidBallsHitIn : [  ], lastBallHitIn : 8, onBreak : true, ended : true } ], suddenDeath : false, forfeit : false, ended : false, originalId : 0, leagueMatchId : 3 }, matchFour : { player : { one : { name : 'Player1', rank : null, gamesNeededToWin : 0, number : '1', teamNumber : '123', gamesWon : 0, safeties : 0, eightOnSnaps : 0, breakAndRuns : 0, currentlyUp : true }, two : { name : 'Player2', rank : 2, gamesNeededToWin : 0, number : '2', teamNumber : '345', gamesWon : 0, safeties : 0, eightOnSnaps : 0, breakAndRuns : 0, currentlyUp : false } }, playerOneWon : 2, playerTwoWon : 0, currentGame : { playerOneTimeoutsTaken : 1, playerTwoTimeoutsTaken : 0, playerOneEightOnSnap : true, playerOneBreakAndRun : false, playerTwoEightOnSnap : false, playerTwoBreakAndRun : false, playerOneBallType : null, playerTwoBallType : null, playerOneEightBall : [ 8 ], playerTwoEightBall : [  ], playerOneWon : true, playerTwoWon : false, numberOfInnings : 0, earlyEight : false, scratchOnEight : false, breakingPlayerStillShooting : true, stripedBallsHitIn : [  ], solidBallsHitIn : [  ], lastBallHitIn : null, onBreak : true, ended : false }, completedGames : [ { playerOneTimeoutsTaken : 1, playerTwoTimeoutsTaken : 0, playerOneEightOnSnap : true, playerOneBreakAndRun : false, playerTwoEightOnSnap : false, playerTwoBreakAndRun : false, playerOneBallType : null, playerTwoBallType : null, playerOneEightBall : [ 8 ], playerTwoEightBall : [  ], playerOneWon : true, playerTwoWon : false, numberOfInnings : 0, earlyEight : false, scratchOnEight : false, breakingPlayerStillShooting : true, stripedBallsHitIn : [  ], solidBallsHitIn : [  ], lastBallHitIn : 8, onBreak : true, ended : true } ], suddenDeath : false, forfeit : false, ended : false, originalId : 0, leagueMatchId : 4 }, matchFive : { player : { one : { name : 'Player1', rank : null, gamesNeededToWin : 0, number : '1', teamNumber : '123', gamesWon : 0, safeties : 0, eightOnSnaps : 0, breakAndRuns : 0, currentlyUp : true }, two : { name : 'Player2', rank : 2, gamesNeededToWin : 0, number : '2', teamNumber : '345', gamesWon : 0, safeties : 0, eightOnSnaps : 0, breakAndRuns : 0, currentlyUp : false } }, playerOneWon : 2, playerTwoWon : 0, currentGame : { playerOneTimeoutsTaken : 1, playerTwoTimeoutsTaken : 0, playerOneEightOnSnap : true, playerOneBreakAndRun : false, playerTwoEightOnSnap : false, playerTwoBreakAndRun : false, playerOneBallType : null, playerTwoBallType : null, playerOneEightBall : [ 8 ], playerTwoEightBall : [  ], playerOneWon : true, playerTwoWon : false, numberOfInnings : 0, earlyEight : false, scratchOnEight : false, breakingPlayerStillShooting : true, stripedBallsHitIn : [  ], solidBallsHitIn : [  ], lastBallHitIn : null, onBreak : true, ended : false }, completedGames : [ { playerOneTimeoutsTaken : 1, playerTwoTimeoutsTaken : 0, playerOneEightOnSnap : true, playerOneBreakAndRun : false, playerTwoEightOnSnap : false, playerTwoBreakAndRun : false, playerOneBallType : null, playerTwoBallType : null, playerOneEightBall : [ 8 ], playerTwoEightBall : [  ], playerOneWon : true, playerTwoWon : false, numberOfInnings : 0, earlyEight : false, scratchOnEight : false, breakingPlayerStillShooting : true, stripedBallsHitIn : [  ], solidBallsHitIn : [  ], lastBallHitIn : 8, onBreak : true, ended : true } ], suddenDeath : false, forfeit : false, ended : false, originalId : 0, leagueMatchId : 5 }, teamNumber : '', homeTeamNumber : '123', awayTeamNumber : '345', startTime : '10:00 pm', endTime : '', tableType : 'Coin-Operated', leagueMatchId : 0 } to equal { teamNumber : '', homeTeamNumber : '123', awayTeamNumber : '345', startTime : '10:00 pm', endTime : '', tableType : 'Coin-Operated', leagueMatchId : 1 }.">Expected { matchOne : { player : { one : { name : 'Player1', rank : null, gamesNeededToWin : 0, number : '1', teamNumber : '123', gamesWon : 0, safeties : 0, eightOnSnaps : 0, breakAndRuns : 0, currentlyUp : true }, two : { name : 'Player2', rank : 2, gamesNeededToWin : 0, number : '2', teamNumber : '345', gamesWon : 0, safeties : 0, eightOnSnaps : 0, breakAndRuns : 0, currentlyUp : false } }, playerOneWon : 2, playerTwoWon : 0, currentGame : { playerOneTimeoutsTaken : 1, playerTwoTimeoutsTaken : 0, playerOneEightOnSnap : true, playerOneBreakAndRun : false, playerTwoEightOnSnap : false, playerTwoBreakAndRun : false, playerOneBallType : null, playerTwoBallType : null, playerOneEightBall : [ 8 ], playerTwoEightBall : [  ], playerOneWon : true, playerTwoWon : false, numberOfInnings : 0, earlyEight : false, scratchOnEight : false, breakingPlayerStillShooting : true, stripedBallsHitIn : [  ], solidBallsHitIn : [  ], lastBallHitIn : null, onBreak : true, ended : false }, completedGames : [ { playerOneTimeoutsTaken : 1, playerTwoTimeoutsTaken : 0, playerOneEightOnSnap : true, playerOneBreakAndRun : false, playerTwoEightOnSnap : false, playerTwoBreakAndRun : false, playerOneBallType : null, playerTwoBallType : null, playerOneEightBall : [ 8 ], playerTwoEightBall : [  ], playerOneWon : true, playerTwoWon : false, numberOfInnings : 0, earlyEight : false, scratchOnEight : false, breakingPlayerStillShooting : true, stripedBallsHitIn : [  ], solidBallsHitIn : [  ], lastBallHitIn : 8, onBreak : true, ended : true } ], suddenDeath : false, forfeit : false, ended : false, originalId : 0, leagueMatchId : 1 }, matchTwo : { player : { one : { name : 'Player1', rank : null, gamesNeededToWin : 0, number : '1', teamNumber : '123', gamesWon : 0, safeties : 0, eightOnSnaps : 0, breakAndRuns : 0, currentlyUp : true }, two : { name : 'Player2', rank : 2, gamesNeededToWin : 0, number : '2', teamNumber : '345', gamesWon : 0, safeties : 0, eightOnSnaps : 0, breakAndRuns : 0, currentlyUp : false } }, playerOneWon : 2, playerTwoWon : 0, currentGame : { playerOneTimeoutsTaken : 1, playerTwoTimeoutsTaken : 0, playerOneEightOnSnap : true, playerOneBreakAndRun : false, playerTwoEightOnSnap : false, playerTwoBreakAndRun : false, playerOneBallType : null, playerTwoBallType : null, playerOneEightBall : [ 8 ], playerTwoEightBall : [  ], playerOneWon : true, playerTwoWon : false, numberOfInnings : 0, earlyEight : false, scratchOnEight : false, breakingPlayerStillShooting : true, stripedBallsHitIn : [  ], solidBallsHitIn : [  ], lastBallHitIn : null, onBreak : true, ended : false }, completedGames : [ { playerOneTimeoutsTaken : 1, playerTwoTimeoutsTaken : 0, playerOneEightOnSnap : true, playerOneBreakAndRun : false, playerTwoEightOnSnap : false, playerTwoBreakAndRun : false, playerOneBallType : null, playerTwoBallType : null, playerOneEightBall : [ 8 ], playerTwoEightBall : [  ], playerOneWon : true, playerTwoWon : false, numberOfInnings : 0, earlyEight : false, scratchOnEight : false, breakingPlayerStillShooting : true, stripedBallsHitIn : [  ], solidBallsHitIn : [  ], lastBallHitIn : 8, onBreak : true, ended : true } ], suddenDeath : false, forfeit : false, ended : false, originalId : 0, leagueMatchId : 2 }, matchThree : { player : { one : { name : 'Player1', rank : null, gamesNeededToWin : 0, number : '1', teamNumber : '123', gamesWon : 0, safeties : 0, eightOnSnaps : 0, breakAndRuns : 0, currentlyUp : true }, two : { name : 'Player2', rank : 2, gamesNeededToWin : 0, number : '2', teamNumber : '345', gamesWon : 0, safeties : 0, eightOnSnaps : 0, breakAndRuns : 0, currentlyUp : false } }, playerOneWon : 2, playerTwoWon : 0, currentGame : { playerOneTimeoutsTaken : 1, playerTwoTimeoutsTaken : 0, playerOneEightOnSnap : true, playerOneBreakAndRun : false, playerTwoEightOnSnap : false, playerTwoBreakAndRun : false, playerOneBallType : null, playerTwoBallType : null, playerOneEightBall : [ 8 ], playerTwoEightBall : [  ], playerOneWon : true, playerTwoWon : false, numberOfInnings : 0, earlyEight : false, scratchOnEight : false, breakingPlayerStillShooting : true, stripedBallsHitIn : [  ], solidBallsHitIn : [  ], lastBallHitIn : null, onBreak : true, ended : false }, completedGames : [ { playerOneTimeoutsTaken : 1, playerTwoTimeoutsTaken : 0, playerOneEightOnSnap : true, playerOneBreakAndRun : false, playerTwoEightOnSnap : false, playerTwoBreakAndRun : false, playerOneBallType : null, playerTwoBallType : null, playerOneEightBall : [ 8 ], playerTwoEightBall : [  ], playerOneWon : true, playerTwoWon : false, numberOfInnings : 0, earlyEight : false, scratchOnEight : false, breakingPlayerStillShooting : true, stripedBallsHitIn : [  ], solidBallsHitIn : [  ], lastBallHitIn : 8, onBreak : true, ended : true } ], suddenDeath : false, forfeit : false, ended : false, originalId : 0, leagueMatchId : 3 }, matchFour : { player : { one : { name : 'Player1', rank : null, gamesNeededToWin : 0, number : '1', teamNumber : '123', gamesWon : 0, safeties : 0, eightOnSnaps : 0, breakAndRuns : 0, currentlyUp : true }, two : { name : 'Player2', rank : 2, gamesNeededToWin : 0, number : '2', teamNumber : '345', gamesWon : 0, safeties : 0, eightOnSnaps : 0, breakAndRuns : 0, currentlyUp : false } }, playerOneWon : 2, playerTwoWon : 0, currentGame : { playerOneTimeoutsTaken : 1, playerTwoTimeoutsTaken : 0, playerOneEightOnSnap : true, playerOneBreakAndRun : false, playerTwoEightOnSnap : false, playerTwoBreakAndRun : false, playerOneBallType : null, playerTwoBallType : null, playerOneEightBall : [ 8 ], playerTwoEightBall : [  ], playerOneWon : true, playerTwoWon : false, numberOfInnings : 0, earlyEight : false, scratchOnEight : false, breakingPlayerStillShooting : true, stripedBallsHitIn : [  ], solidBallsHitIn : [  ], lastBallHitIn : null, onBreak : true, ended : false }, completedGames : [ { playerOneTimeoutsTaken : 1, playerTwoTimeoutsTaken : 0, playerOneEightOnSnap : true, playerOneBreakAndRun : false, playerTwoEightOnSnap : false, playerTwoBreakAndRun : false, playerOneBallType : null, playerTwoBallType : null, playerOneEightBall : [ 8 ], playerTwoEightBall : [  ], playerOneWon : true, playerTwoWon : false, numberOfInnings : 0, earlyEight : false, scratchOnEight : false, breakingPlayerStillShooting : true, stripedBallsHitIn : [  ], solidBallsHitIn : [  ], lastBallHitIn : 8, onBreak : true, ended : true } ], suddenDeath : false, forfeit : false, ended : false, originalId : 0, leagueMatchId : 4 }, matchFive : { player : { one : { name : 'Player1', rank : null, gamesNeededToWin : 0, number : '1', teamNumber : '123', gamesWon : 0, safeties : 0, eightOnSnaps : 0, breakAndRuns : 0, currentlyUp : true }, two : { name : 'Player2', rank : 2, gamesNeededToWin : 0, number : '2', teamNumber : '345', gamesWon : 0, safeties : 0, eightOnSnaps : 0, breakAndRuns : 0, currentlyUp : false } }, playerOneWon : 2, playerTwoWon : 0, currentGame : { playerOneTimeoutsTaken : 1, playerTwoTimeoutsTaken : 0, playerOneEightOnSnap : true, playerOneBreakAndRun : false, playerTwoEightOnSnap : false, playerTwoBreakAndRun : false, playerOneBallType : null, playerTwoBallType : null, playerOneEightBall : [ 8 ], playerTwoEightBall : [  ], playerOneWon : true, playerTwoWon : false, numberOfInnings : 0, earlyEight : false, scratchOnEight : false, breakingPlayerStillShooting : true, stripedBallsHitIn : [  ], solidBallsHitIn : [  ], lastBallHitIn : null, onBreak : true, ended : false }, completedGames : [ { playerOneTimeoutsTaken : 1, playerTwoTimeoutsTaken : 0, playerOneEightOnSnap : true, playerOneBreakAndRun : false, playerTwoEightOnSnap : false, playerTwoBreakAndRun : false, playerOneBallType : null, playerTwoBallType : null, playerOneEightBall : [ 8 ], playerTwoEightBall : [  ], playerOneWon : true, playerTwoWon : false, numberOfInnings : 0, earlyEight : false, scratchOnEight : false, breakingPlayerStillShooting : true, stripedBallsHitIn : [  ], solidBallsHitIn : [  ], lastBallHitIn : 8, onBreak : true, ended : true } ], suddenDeath : false, forfeit : false, ended : false, originalId : 0, leagueMatchId : 5 }, teamNumber : '', homeTeamNumber : '123', awayTeamNumber : '345', startTime : '10:00 pm', endTime : '', tableType : 'Coin-Operated', leagueMatchId : 0 } to equal { teamNumber : '', homeTeamNumber : '123', awayTeamNumber : '345', startTime : '10:00 pm', endTime : '', tableType : 'Coin-Operated', leagueMatchId : 1 }.</error></testcase><testcase classname="jasmine" name="Eight Ball League Match toJSON/fromJSON should be able to take a json object and fill its own values" time="0.0" failure="true"><error type="expect.undefined" message="TypeError: Cannot read property &quot;homeTeamNumber&quot; from undefined in file:/Users/levid/Mobile/development/projects/CueScore/target/jasmine/src/eight_ball/eight_ball_league_match.js (line 36)">TypeError: Cannot read property &quot;homeTeamNumber&quot; from undefined in file:/Users/levid/Mobile/development/projects/CueScore/target/jasmine/src/eight_ball/eight_ball_league_match.js (line 36)</error></testcase><testcase classname="jasmine" name="Eight Ball League Match toJSON/fromJSON should be able to take a small json object and fill its own values" time="0.0" failure="false"/><testcase classname="jasmine" name="Eight Ball Match Constructor should have 2 players" time="0.0" failure="false"/><testcase classname="jasmine" name="Eight Ball Match Constructor should set Player 1 to break first" time="0.0" failure="false"/><testcase classname="jasmine" name="Eight Ball Match Constructor should create the first Game and set it to currentGame" time="0.0" failure="false"/><testcase classname="jasmine" name="Eight Ball Match Scoring should accept a number for the ball that was hit in" time="0.0" failure="false"/><testcase classname="jasmine" name="Eight Ball Match Scoring should add 1 to the respective ball type array when a ball is scored" time="0.0" failure="false"/><testcase classname="jasmine" name="Eight Ball Match Match/Game Ending should know when the match is completed" time="0.0" failure="true"><error type="expect.toEqual" message="Passed.Expected 0 to equal 1.Passed.Passed.Expected true to equal false.Expected -1 to equal 0.Passed.">Passed.Expected 0 to equal 1.Passed.Passed.Expected true to equal false.Expected -1 to equal 0.Passed.</error></testcase><testcase classname="jasmine" name="Eight Ball Match Match/Game Ending should be able to find the remaining games needed to win for player one" time="0.0" failure="true"><error type="expect.toEqual" message="Passed.Expected -1 to equal 1.">Passed.Expected -1 to equal 1.</error></testcase><testcase classname="jasmine" name="Eight Ball Match Match/Game Ending should be able to find the remaining games needed to win for player two" time="0.0" failure="true"><error type="expect.toEqual" message="Passed.Expected false to equal true.Expected 7 to equal 6.">Passed.Expected false to equal true.Expected 7 to equal 6.</error></testcase><testcase classname="jasmine" name="Eight Ball Match Match/Game Ending should add current game to the completedGames list and start a new Game when the game has completed" time="0.0" failure="true"><error type="expect.toEqual" message="Expected 2 to equal 0.Expected 3 to equal 1.Passed.Passed.">Expected 2 to equal 0.Expected 3 to equal 1.Passed.Passed.</error></testcase><testcase classname="jasmine" name="Eight Ball Match Match/Game Ending should know if the match is completed" time="0.0" failure="false"/><testcase classname="jasmine" name="Eight Ball Match Match/Game Ending should hold multiple completed games" time="0.0" failure="false"/><testcase classname="jasmine" name="Eight Ball Match Players should be able to have the rank changed and have the BallCounts and timeouts_allowed automatically" time="0.0" failure="false"/><testcase classname="jasmine" name="Eight Ball Match Players should change currently up player on missed shot" time="0.0" failure="false"/><testcase classname="jasmine" name="Eight Ball Match Players should be able to get the player twos games won" time="0.0" failure="true"><error type="expect.toEqual" message="Passed.Expected 4 to equal 1.Expected 5 to equal 1.Expected 5 to equal 2.">Passed.Expected 4 to equal 1.Expected 5 to equal 1.Expected 5 to equal 2.</error></testcase><testcase classname="jasmine" name="Eight Ball Match Players should be able to get the the games won. (example 2-0)" time="0.0" failure="true"><error type="expect.toEqual" message="Passed.Passed.Expected 'TIE' to equal '0-1'.">Passed.Passed.Expected 'TIE' to equal '0-1'.</error></testcase><testcase classname="jasmine" name="Eight Ball Match should be able to get the winning player" time="0.0" failure="false"/><testcase classname="jasmine" name="Eight Ball Match should be able to return playerones match points" time="0.0" failure="false"/><testcase classname="jasmine" name="Eight Ball Match should be able to return playertwos match points" time="0.0" failure="false"/><testcase classname="jasmine" name="Eight Ball Match should be able to get the total number of innings" time="0.0" failure="true"><error type="expect.toEqual" message="Expected '0' to equal 0.Expected '2' to equal 2.Expected '3' to equal 3.">Expected '0' to equal 0.Expected '2' to equal 2.Expected '3' to equal 3.</error></testcase><testcase classname="jasmine" name="Eight Ball Match should be able to hold on to the originalId from the database" time="0.0" failure="false"/><testcase classname="jasmine" name="Eight Ball Match should be able to hold on to the leagueMatchId from the database" time="0.0" failure="false"/><testcase classname="jasmine" name="Eight Ball Match should be able to know when the last thing that happened was a player switch" time="0.0" failure="true"><error type="expect.toEqual" message="Expected undefined to equal false.Expected undefined to equal true.Expected undefined to equal false.">Expected undefined to equal false.Expected undefined to equal true.Expected undefined to equal false.</error></testcase><testcase classname="jasmine" name="Eight Ball Match should be able to put match into sudden death mode" time="0.0" failure="false"/><testcase classname="jasmine" name="Eight Ball Match should switch players if eight ball is hit in without all other 7 balls" time="0.0" failure="false"/><testcase classname="jasmine" name="Eight Ball Match should be able to know the current game number" time="0.0" failure="true"><error type="expect.toEqual" message="Expected 9 to equal 1.Expected 10 to equal 2.">Expected 9 to equal 1.Expected 10 to equal 2.</error></testcase><testcase classname="jasmine" name="Eight Ball Match should be able to get total number of safeties" time="0.0" failure="false"/><testcase classname="jasmine" name="Eight Ball Match should be able to hit a safety" time="0.0" failure="false"/><testcase classname="jasmine" name="Eight Ball Match should reset Timeouts taken for each player when a game has ended" time="0.0" failure="true"><error type="expect.toEqual" message="Expected undefined to equal 0.Expected undefined to equal 0.Expected undefined to equal 1.Expected undefined to equal 1.Expected undefined to equal 0.Expected undefined to equal 0.">Expected undefined to equal 0.Expected undefined to equal 0.Expected undefined to equal 1.Expected undefined to equal 1.Expected undefined to equal 0.Expected undefined to equal 0.</error></testcase><testcase classname="jasmine" name="Eight Ball Match should be able to tell who won the entire match" time="0.0" failure="true"><error type="expect.toEqual" message="Expected undefined to equal false.Expected undefined to equal false.Expected -10 to equal '0'.Expected undefined to equal true.">Expected undefined to equal false.Expected undefined to equal false.Expected -10 to equal '0'.Expected undefined to equal true.</error></testcase><testcase classname="jasmine" name="Eight Ball Match toJSON/fromJSON should be able to take a new Match and turn it into a JSON object" time="0.0" failure="true"><error type="expect.toEqual" message="Expected { player : { one : { name : 'Player1', rank : 2, gamesNeededToWin : 2, number : '12345', teamNumber : '123', gamesWon : 0, safeties : 0, eightOnSnaps : 0, breakAndRuns : 0, currentlyUp : true }, two : { name : 'Player2', rank : 7, gamesNeededToWin : 7, number : '987654', teamNumber : '456', gamesWon : 0, safeties : 0, eightOnSnaps : 0, breakAndRuns : 0, currentlyUp : false } }, playerOneWon : 0, playerTwoWon : 0, currentGame : { playerOneTimeoutsTaken : 2, playerTwoTimeoutsTaken : 1, playerOneEightOnSnap : false, playerOneBreakAndRun : false, playerTwoEightOnSnap : false, playerTwoBreakAndRun : false, playerOneBallType : null, playerTwoBallType : null, playerOneEightBall : [  ], playerTwoEightBall : [  ], playerOneWon : false, playerTwoWon : false, numberOfInnings : 0, earlyEight : false, scratchOnEight : false, breakingPlayerStillShooting : true, stripedBallsHitIn : [  ], solidBallsHitIn : [  ], lastBallHitIn : null, onBreak : true, ended : false }, completedGames : [ { playerOneTimeoutsTaken : 2, playerTwoTimeoutsTaken : 1, playerOneEightOnSnap : false, playerOneBreakAndRun : false, playerTwoEightOnSnap : false, playerTwoBreakAndRun : false, playerOneBallType : null, playerTwoBallType : null, playerOneEightBall : [  ], playerTwoEightBall : [  ], playerOneWon : false, playerTwoWon : false, numberOfInnings : 0, earlyEight : false, scratchOnEight : false, breakingPlayerStillShooting : true, stripedBallsHitIn : [  ], solidBallsHitIn : [  ], lastBallHitIn : 8, onBreak : true, ended : true }, { playerOneTimeoutsTaken : 2, playerTwoTimeoutsTaken : 1, playerOneEightOnSnap : false, playerOneBreakAndRun : false, playerTwoEightOnSnap : false, playerTwoBreakAndRun : false, playerOneBallType : null, playerTwoBallType : null, playerOneEightBall : [  ], playerTwoEightBall : [  ], playerOneWon : false, playerTwoWon : false, numberOfInnings : 0, earlyEight : false, scratchOnEight : false, breakingPlayerStillShooting : true, stripedBallsHitIn : [  ], solidBallsHitIn : [  ], lastBallHitIn : 8, onBreak : true, ended : true }, { playerOneTimeoutsTaken : 2, playerTwoTimeoutsTaken : 1, playerOneEightOnSnap : false, playerOneBreakAndRun : false, playerTwoEightOnSnap : false, playerTwoBreakAndRun : false, playerOneBallType : null, playerTwoBallType : null, playerOneEightBall : [  ], playerTwoEightBall : [  ], playerOneWon : false, playerTwoWon : false, numberOfInnings : 0, earlyEight : false, scratchOnEight : false, breakingPlayerStillShooting : true, stripedBallsHitIn : [  ], solidBallsHitIn : [  ], lastBallHitIn : 8, onBreak : true, ended : true }, { playerOneTimeoutsTaken : 2, playerTwoTimeoutsTaken : 1, playerOneEightOnSnap : false, playerOneBreakAndRun : false, playerTwoEightOnSnap : false, playerTwoBreakAndRun : false, playerOneBallType : null, playerTwoBallType : null, playerOneEightBall : [  ], playerTwoEightBall : [  ], playerOneWon : false, playerTwoWon : false, numberOfInnings : 0, earlyEight : false, scratchOnEight : false, breakingPlayerStillShooting : false, stripedBallsHitIn : [  ], solidBallsHitIn : [  ], lastBallHitIn : 8, onBreak : false, ended : true }, { playerOneTimeoutsTaken : 2, playerTwoTimeoutsTaken : 1, playerOneEightOnSnap : false, playerOneBreakAndRun : false, playerTwoEightOnSnap : false, playerTwoBreakAndRun : false, playerOneBallType : null, playerTwoBallType : null, playerOneEightBall : [  ], playerTwoEightBall : [  ], playerOneWon : false, playerTwoWon : false, numberOfInnings : 0, earlyEight : false, scratchOnEight : false, breakingPlayerStillShooting : false, stripedBallsHitIn : [  ], solidBallsHitIn : [  ], lastBallHitIn : 8, onBreak : false, ended : true }, { playerOneTimeoutsTaken : 2, playerTwoTimeoutsTaken : 1, playerOneEightOnSnap : false, playerOneBreakAndRun : false, playerTwoEightOnSnap : false, playerTwoBreakAndRun : false, playerOneBallType : null, playerTwoBallType : null, playerOneEightBall : [  ], playerTwoEightBall : [  ], playerOneWon : false, playerTwoWon : false, numberOfInnings : 0, earlyEight : false, scratchOnEight : false, breakingPlayerStillShooting : true, stripedBallsHitIn : [  ], solidBallsHitIn : [  ], lastBallHitIn : 7, onBreak : true, ended : true }, { playerOneTimeoutsTaken : 2, playerTwoTimeoutsTaken : 1, playerOneEightOnSnap : false, playerOneBreakAndRun : false, playerTwoEightOnSnap : false, playerTwoBreakAndRun : false, playerOneBallType : null, playerTwoBallType : null, playerOneEightBall : [  ], playerTwoEightBall : [  ], playerOneWon : false, playerTwoWon : false, numberOfInnings : 0, earlyEight : false, scratchOnEight : false, breakingPlayerStillShooting : true, stripedBallsHitIn : [  ], solidBallsHitIn : [  ], lastBallHitIn : 8, onBreak : true, ended : true }, { playerOneTimeoutsTaken : 2, playerTwoTimeoutsTaken : 1, playerOneEightOnSnap : false, playerOneBreakAndRun : false, playerTwoEightOnSnap : false, playerTwoBreakAndRun : false, playerOneBallType : null, playerTwoBallType : null, playerOneEightBall : [  ], playerTwoEightBall : [  ], playerOneWon : false, playerTwoWon : false, numberOfInnings : 0, earlyEight : true, scratchOnEight : false, breakingPlayerStillShooting : false, stripedBallsHitIn : [  ], solidBallsHitIn : [  ], lastBallHitIn : 8, onBreak : false, ended : true }, { playerOneTimeoutsTaken : 2, playerTwoTimeoutsTaken : 1, playerOneEightOnSnap : false, playerOneBreakAndRun : false, playerTwoEightOnSnap : false, playerTwoBreakAndRun : false, playerOneBallType : null, playerTwoBallType : null, playerOneEightBall : [  ], playerTwoEightBall : [  ], playerOneWon : false, playerTwoWon : false, numberOfInnings : 0, earlyEight : false, scratchOnEight : false, breakingPlayerStillShooting : true, stripedBallsHitIn : [  ], solidBallsHitIn : [  ], lastBallHitIn : 8, onBreak : true, ended : true }, { playerOneTimeoutsTaken : 2, playerTwoTimeoutsTaken : 1, playerOneEightOnSnap : false, playerOneBreakAndRun : false, playerTwoEightOnSnap : false, playerTwoBreakAndRun : false, playerOneBallType : null, playerTwoBallType : null, playerOneEightBall : [  ], playerTwoEightBall : [  ], playerOneWon : false, playerTwoWon : false, numberOfInnings : 0, earlyEight : true, scratchOnEight : false, breakingPlayerStillShooting : false, stripedBallsHitIn : [  ], solidBallsHitIn : [  ], lastBallHitIn : 8, onBreak : false, ended : true }, { playerOneTimeoutsTaken : 2, playerTwoTimeoutsTaken : 1, playerOneEightOnSnap : false, playerOneBreakAndRun : false, playerTwoEightOnSnap : false, playerTwoBreakAndRun : false, playerOneBallType : null, playerTwoBallType : null, playerOneEightBall : [  ], playerTwoEightBall : [  ], playerOneWon : false, playerTwoWon : false, numberOfInnings : 0, earlyEight : false, scratchOnEight : false, breakingPlayerStillShooting : true, stripedBallsHitIn : [  ], solidBallsHitIn : [  ], lastBallHitIn : 8, onBreak : true, ended : true } ], suddenDeath : false, forfeit : false, ended : false, originalId : 0, leagueMatchId : 0 } to equal { player : { one : { name : 'Player1', rank : 2, gamesNeededToWin : 2, number : '12345', teamNumber : '123', gamesWon : 0, safeties : 0, eightOnSnaps : 0, breakAndRuns : 0, currentlyUp : true }, two : { name : 'Player2', rank : 7, gamesNeededToWin : 7, number : '987654', teamNumber : '456', gamesWon : 0, safeties : 0, eightOnSnaps : 0, breakAndRuns : 0, currentlyUp : false } }, playerOneWon : 0, playerTwoWon : 0, currentGame : { playerOneTimeoutsTaken : 1, playerTwoTimeoutsTaken : 1, playerOneEightOnSnap : false, playerOneBreakAndRun : false, playerTwoEightOnSnap : false, playerTwoBreakAndRun : false, playerOneBallType : null, playerTwoBallType : null, playerOneEightBall : [  ], playerTwoEightBall : [  ], playerOneWon : false, playerTwoWon : false, numberOfInnings : 0, earlyEight : false, scratchOnEight : false, breakingPlayerStillShooting : true, stripedBallsHitIn : [  ], solidBallsHitIn : [  ], lastBallHitIn : null, onBreak : true, ended : false }, completedGames : [ { playerOneTimeoutsTaken : 1, playerTwoTimeoutsTaken : 1, playerOneEightOnSnap : false, playerOneBreakAndRun : false, playerTwoEightOnSnap : false, playerTwoBreakAndRun : false, playerOneBallType : null, playerTwoBallType : null, playerOneEightBall : [  ], playerTwoEightBall : [  ], playerOneWon : false, playerTwoWon : false, numberOfInnings : 0, earlyEight : false, scratchOnEight : false, breakingPlayerStillShooting : true, stripedBallsHitIn : [  ], solidBallsHitIn : [  ], lastBallHitIn : 8, onBreak : true, ended : true }, { playerOneTimeoutsTaken : 1, playerTwoTimeoutsTaken : 1, playerOneEightOnSnap : false, playerOneBreakAndRun : false, playerTwoEightOnSnap : false, playerTwoBreakAndRun : false, playerOneBallType : null, playerTwoBallType : null, playerOneEightBall : [  ], playerTwoEightBall : [  ], playerOneWon : false, playerTwoWon : false, numberOfInnings : 0, earlyEight : false, scratchOnEight : false, breakingPlayerStillShooting : true, stripedBallsHitIn : [  ], solidBallsHitIn : [  ], lastBallHitIn : 8, onBreak : true, ended : true }, { playerOneTimeoutsTaken : 1, playerTwoTimeoutsTaken : 1, playerOneEightOnSnap : false, playerOneBreakAndRun : false, playerTwoEightOnSnap : false, playerTwoBreakAndRun : false, playerOneBallType : null, playerTwoBallType : null, playerOneEightBall : [  ], playerTwoEightBall : [  ], playerOneWon : false, playerTwoWon : false, numberOfInnings : 0, earlyEight : false, scratchOnEight : false, breakingPlayerStillShooting : false, stripedBallsHitIn : [  ], solidBallsHitIn : [  ], lastBallHitIn : 8, onBreak : false, ended : true }, { playerOneTimeoutsTaken : 1, playerTwoTimeoutsTaken : 1, playerOneEightOnSnap : false, playerOneBreakAndRun : false, playerTwoEightOnSnap : false, playerTwoBreakAndRun : false, playerOneBallType : null, playerTwoBallType : null, playerOneEightBall : [  ], playerTwoEightBall : [  ], playerOneWon : false, playerTwoWon : false, numberOfInnings : 0, earlyEight : false, scratchOnEight : false, breakingPlayerStillShooting : false, stripedBallsHitIn : [  ], solidBallsHitIn : [  ], lastBallHitIn : 8, onBreak : false, ended : true }, { playerOneTimeoutsTaken : 1, playerTwoTimeoutsTaken : 1, playerOneEightOnSnap : false, playerOneBreakAndRun : false, playerTwoEightOnSnap : false, playerTwoBreakAndRun : false, playerOneBallType : null, playerTwoBallType : null, playerOneEightBall : [  ], playerTwoEightBall : [  ], playerOneWon : false, playerTwoWon : false, numberOfInnings : 0, earlyEight : false, scratchOnEight : false, breakingPlayerStillShooting : true, stripedBallsHitIn : [  ], solidBallsHitIn : [  ], lastBallHitIn : 7, onBreak : true, ended : true }, { playerOneTimeoutsTaken : 1, playerTwoTimeoutsTaken : 1, playerOneEightOnSnap : false, playerOneBreakAndRun : false, playerTwoEightOnSnap : false, playerTwoBreakAndRun : false, playerOneBallType : null, playerTwoBallType : null, playerOneEightBall : [  ], playerTwoEightBall : [  ], playerOneWon : false, playerTwoWon : false, numberOfInnings : 0, earlyEight : false, scratchOnEight : false, breakingPlayerStillShooting : true, stripedBallsHitIn : [  ], solidBallsHitIn : [  ], lastBallHitIn : 8, onBreak : true, ended : true }, { playerOneTimeoutsTaken : 1, playerTwoTimeoutsTaken : 1, playerOneEightOnSnap : false, playerOneBreakAndRun : false, playerTwoEightOnSnap : false, playerTwoBreakAndRun : false, playerOneBallType : null, playerTwoBallType : null, playerOneEightBall : [  ], playerTwoEightBall : [  ], playerOneWon : false, playerTwoWon : false, numberOfInnings : 0, earlyEight : true, scratchOnEight : false, breakingPlayerStillShooting : false, stripedBallsHitIn : [  ], solidBallsHitIn : [  ], lastBallHitIn : 8, onBreak : false, ended : true }, { playerOneTimeoutsTaken : 1, playerTwoTimeoutsTaken : 1, playerOneEightOnSnap : false, playerOneBreakAndRun : false, playerTwoEightOnSnap : false, playerTwoBreakAndRun : false, playerOneBallType : null, playerTwoBallType : null, playerOneEightBall : [  ], playerTwoEightBall : [  ], playerOneWon : false, playerTwoWon : false, numberOfInnings : 0, earlyEight : false, scratchOnEight : false, breakingPlayerStillShooting : true, stripedBallsHitIn : [  ], solidBallsHitIn : [  ], lastBallHitIn : 8, onBreak : true, ended : true }, { playerOneTimeoutsTaken : 1, playerTwoTimeoutsTaken : 1, playerOneEightOnSnap : false, playerOneBreakAndRun : false, playerTwoEightOnSnap : false, playerTwoBreakAndRun : false, playerOneBallType : null, playerTwoBallType : null, playerOneEightBall : [  ], playerTwoEightBall : [  ], playerOneWon : false, playerTwoWon : false, numberOfInnings : 0, earlyEight : true, scratchOnEight : false, breakingPlayerStillShooting : false, stripedBallsHitIn : [  ], solidBallsHitIn : [  ], lastBallHitIn : 8, onBreak : false, ended : true }, { playerOneTimeoutsTaken : 1, playerTwoTimeoutsTaken : 1, playerOneEightOnSnap : false, playerOneBreakAndRun : false, playerTwoEightOnSnap : false, playerTwoBreakAndRun : false, playerOneBallType : null, playerTwoBallType : null, playerOneEightBall : [  ], playerTwoEightBall : [  ], playerOneWon : false, playerTwoWon : false, numberOfInnings : 0, earlyEight : false, scratchOnEight : false, breakingPlayerStillShooting : true, stripedBallsHitIn : [  ], solidBallsHitIn : [  ], lastBallHitIn : 8, onBreak : true, ended : true } ], suddenDeath : false, forfeit : false, ended : false, originalId : 0, leagueMatchId : 0 }.">Expected { player : { one : { name : 'Player1', rank : 2, gamesNeededToWin : 2, number : '12345', teamNumber : '123', gamesWon : 0, safeties : 0, eightOnSnaps : 0, breakAndRuns : 0, currentlyUp : true }, two : { name : 'Player2', rank : 7, gamesNeededToWin : 7, number : '987654', teamNumber : '456', gamesWon : 0, safeties : 0, eightOnSnaps : 0, breakAndRuns : 0, currentlyUp : false } }, playerOneWon : 0, playerTwoWon : 0, currentGame : { playerOneTimeoutsTaken : 2, playerTwoTimeoutsTaken : 1, playerOneEightOnSnap : false, playerOneBreakAndRun : false, playerTwoEightOnSnap : false, playerTwoBreakAndRun : false, playerOneBallType : null, playerTwoBallType : null, playerOneEightBall : [  ], playerTwoEightBall : [  ], playerOneWon : false, playerTwoWon : false, numberOfInnings : 0, earlyEight : false, scratchOnEight : false, breakingPlayerStillShooting : true, stripedBallsHitIn : [  ], solidBallsHitIn : [  ], lastBallHitIn : null, onBreak : true, ended : false }, completedGames : [ { playerOneTimeoutsTaken : 2, playerTwoTimeoutsTaken : 1, playerOneEightOnSnap : false, playerOneBreakAndRun : false, playerTwoEightOnSnap : false, playerTwoBreakAndRun : false, playerOneBallType : null, playerTwoBallType : null, playerOneEightBall : [  ], playerTwoEightBall : [  ], playerOneWon : false, playerTwoWon : false, numberOfInnings : 0, earlyEight : false, scratchOnEight : false, breakingPlayerStillShooting : true, stripedBallsHitIn : [  ], solidBallsHitIn : [  ], lastBallHitIn : 8, onBreak : true, ended : true }, { playerOneTimeoutsTaken : 2, playerTwoTimeoutsTaken : 1, playerOneEightOnSnap : false, playerOneBreakAndRun : false, playerTwoEightOnSnap : false, playerTwoBreakAndRun : false, playerOneBallType : null, playerTwoBallType : null, playerOneEightBall : [  ], playerTwoEightBall : [  ], playerOneWon : false, playerTwoWon : false, numberOfInnings : 0, earlyEight : false, scratchOnEight : false, breakingPlayerStillShooting : true, stripedBallsHitIn : [  ], solidBallsHitIn : [  ], lastBallHitIn : 8, onBreak : true, ended : true }, { playerOneTimeoutsTaken : 2, playerTwoTimeoutsTaken : 1, playerOneEightOnSnap : false, playerOneBreakAndRun : false, playerTwoEightOnSnap : false, playerTwoBreakAndRun : false, playerOneBallType : null, playerTwoBallType : null, playerOneEightBall : [  ], playerTwoEightBall : [  ], playerOneWon : false, playerTwoWon : false, numberOfInnings : 0, earlyEight : false, scratchOnEight : false, breakingPlayerStillShooting : true, stripedBallsHitIn : [  ], solidBallsHitIn : [  ], lastBallHitIn : 8, onBreak : true, ended : true }, { playerOneTimeoutsTaken : 2, playerTwoTimeoutsTaken : 1, playerOneEightOnSnap : false, playerOneBreakAndRun : false, playerTwoEightOnSnap : false, playerTwoBreakAndRun : false, playerOneBallType : null, playerTwoBallType : null, playerOneEightBall : [  ], playerTwoEightBall : [  ], playerOneWon : false, playerTwoWon : false, numberOfInnings : 0, earlyEight : false, scratchOnEight : false, breakingPlayerStillShooting : false, stripedBallsHitIn : [  ], solidBallsHitIn : [  ], lastBallHitIn : 8, onBreak : false, ended : true }, { playerOneTimeoutsTaken : 2, playerTwoTimeoutsTaken : 1, playerOneEightOnSnap : false, playerOneBreakAndRun : false, playerTwoEightOnSnap : false, playerTwoBreakAndRun : false, playerOneBallType : null, playerTwoBallType : null, playerOneEightBall : [  ], playerTwoEightBall : [  ], playerOneWon : false, playerTwoWon : false, numberOfInnings : 0, earlyEight : false, scratchOnEight : false, breakingPlayerStillShooting : false, stripedBallsHitIn : [  ], solidBallsHitIn : [  ], lastBallHitIn : 8, onBreak : false, ended : true }, { playerOneTimeoutsTaken : 2, playerTwoTimeoutsTaken : 1, playerOneEightOnSnap : false, playerOneBreakAndRun : false, playerTwoEightOnSnap : false, playerTwoBreakAndRun : false, playerOneBallType : null, playerTwoBallType : null, playerOneEightBall : [  ], playerTwoEightBall : [  ], playerOneWon : false, playerTwoWon : false, numberOfInnings : 0, earlyEight : false, scratchOnEight : false, breakingPlayerStillShooting : true, stripedBallsHitIn : [  ], solidBallsHitIn : [  ], lastBallHitIn : 7, onBreak : true, ended : true }, { playerOneTimeoutsTaken : 2, playerTwoTimeoutsTaken : 1, playerOneEightOnSnap : false, playerOneBreakAndRun : false, playerTwoEightOnSnap : false, playerTwoBreakAndRun : false, playerOneBallType : null, playerTwoBallType : null, playerOneEightBall : [  ], playerTwoEightBall : [  ], playerOneWon : false, playerTwoWon : false, numberOfInnings : 0, earlyEight : false, scratchOnEight : false, breakingPlayerStillShooting : true, stripedBallsHitIn : [  ], solidBallsHitIn : [  ], lastBallHitIn : 8, onBreak : true, ended : true }, { playerOneTimeoutsTaken : 2, playerTwoTimeoutsTaken : 1, playerOneEightOnSnap : false, playerOneBreakAndRun : false, playerTwoEightOnSnap : false, playerTwoBreakAndRun : false, playerOneBallType : null, playerTwoBallType : null, playerOneEightBall : [  ], playerTwoEightBall : [  ], playerOneWon : false, playerTwoWon : false, numberOfInnings : 0, earlyEight : true, scratchOnEight : false, breakingPlayerStillShooting : false, stripedBallsHitIn : [  ], solidBallsHitIn : [  ], lastBallHitIn : 8, onBreak : false, ended : true }, { playerOneTimeoutsTaken : 2, playerTwoTimeoutsTaken : 1, playerOneEightOnSnap : false, playerOneBreakAndRun : false, playerTwoEightOnSnap : false, playerTwoBreakAndRun : false, playerOneBallType : null, playerTwoBallType : null, playerOneEightBall : [  ], playerTwoEightBall : [  ], playerOneWon : false, playerTwoWon : false, numberOfInnings : 0, earlyEight : false, scratchOnEight : false, breakingPlayerStillShooting : true, stripedBallsHitIn : [  ], solidBallsHitIn : [  ], lastBallHitIn : 8, onBreak : true, ended : true }, { playerOneTimeoutsTaken : 2, playerTwoTimeoutsTaken : 1, playerOneEightOnSnap : false, playerOneBreakAndRun : false, playerTwoEightOnSnap : false, playerTwoBreakAndRun : false, playerOneBallType : null, playerTwoBallType : null, playerOneEightBall : [  ], playerTwoEightBall : [  ], playerOneWon : false, playerTwoWon : false, numberOfInnings : 0, earlyEight : true, scratchOnEight : false, breakingPlayerStillShooting : false, stripedBallsHitIn : [  ], solidBallsHitIn : [  ], lastBallHitIn : 8, onBreak : false, ended : true }, { playerOneTimeoutsTaken : 2, playerTwoTimeoutsTaken : 1, playerOneEightOnSnap : false, playerOneBreakAndRun : false, playerTwoEightOnSnap : false, playerTwoBreakAndRun : false, playerOneBallType : null, playerTwoBallType : null, playerOneEightBall : [  ], playerTwoEightBall : [  ], playerOneWon : false, playerTwoWon : false, numberOfInnings : 0, earlyEight : false, scratchOnEight : false, breakingPlayerStillShooting : true, stripedBallsHitIn : [  ], solidBallsHitIn : [  ], lastBallHitIn : 8, onBreak : true, ended : true } ], suddenDeath : false, forfeit : false, ended : false, originalId : 0, leagueMatchId : 0 } to equal { player : { one : { name : 'Player1', rank : 2, gamesNeededToWin : 2, number : '12345', teamNumber : '123', gamesWon : 0, safeties : 0, eightOnSnaps : 0, breakAndRuns : 0, currentlyUp : true }, two : { name : 'Player2', rank : 7, gamesNeededToWin : 7, number : '987654', teamNumber : '456', gamesWon : 0, safeties : 0, eightOnSnaps : 0, breakAndRuns : 0, currentlyUp : false } }, playerOneWon : 0, playerTwoWon : 0, currentGame : { playerOneTimeoutsTaken : 1, playerTwoTimeoutsTaken : 1, playerOneEightOnSnap : false, playerOneBreakAndRun : false, playerTwoEightOnSnap : false, playerTwoBreakAndRun : false, playerOneBallType : null, playerTwoBallType : null, playerOneEightBall : [  ], playerTwoEightBall : [  ], playerOneWon : false, playerTwoWon : false, numberOfInnings : 0, earlyEight : false, scratchOnEight : false, breakingPlayerStillShooting : true, stripedBallsHitIn : [  ], solidBallsHitIn : [  ], lastBallHitIn : null, onBreak : true, ended : false }, completedGames : [ { playerOneTimeoutsTaken : 1, playerTwoTimeoutsTaken : 1, playerOneEightOnSnap : false, playerOneBreakAndRun : false, playerTwoEightOnSnap : false, playerTwoBreakAndRun : false, playerOneBallType : null, playerTwoBallType : null, playerOneEightBall : [  ], playerTwoEightBall : [  ], playerOneWon : false, playerTwoWon : false, numberOfInnings : 0, earlyEight : false, scratchOnEight : false, breakingPlayerStillShooting : true, stripedBallsHitIn : [  ], solidBallsHitIn : [  ], lastBallHitIn : 8, onBreak : true, ended : true }, { playerOneTimeoutsTaken : 1, playerTwoTimeoutsTaken : 1, playerOneEightOnSnap : false, playerOneBreakAndRun : false, playerTwoEightOnSnap : false, playerTwoBreakAndRun : false, playerOneBallType : null, playerTwoBallType : null, playerOneEightBall : [  ], playerTwoEightBall : [  ], playerOneWon : false, playerTwoWon : false, numberOfInnings : 0, earlyEight : false, scratchOnEight : false, breakingPlayerStillShooting : true, stripedBallsHitIn : [  ], solidBallsHitIn : [  ], lastBallHitIn : 8, onBreak : true, ended : true }, { playerOneTimeoutsTaken : 1, playerTwoTimeoutsTaken : 1, playerOneEightOnSnap : false, playerOneBreakAndRun : false, playerTwoEightOnSnap : false, playerTwoBreakAndRun : false, playerOneBallType : null, playerTwoBallType : null, playerOneEightBall : [  ], playerTwoEightBall : [  ], playerOneWon : false, playerTwoWon : false, numberOfInnings : 0, earlyEight : false, scratchOnEight : false, breakingPlayerStillShooting : false, stripedBallsHitIn : [  ], solidBallsHitIn : [  ], lastBallHitIn : 8, onBreak : false, ended : true }, { playerOneTimeoutsTaken : 1, playerTwoTimeoutsTaken : 1, playerOneEightOnSnap : false, playerOneBreakAndRun : false, playerTwoEightOnSnap : false, playerTwoBreakAndRun : false, playerOneBallType : null, playerTwoBallType : null, playerOneEightBall : [  ], playerTwoEightBall : [  ], playerOneWon : false, playerTwoWon : false, numberOfInnings : 0, earlyEight : false, scratchOnEight : false, breakingPlayerStillShooting : false, stripedBallsHitIn : [  ], solidBallsHitIn : [  ], lastBallHitIn : 8, onBreak : false, ended : true }, { playerOneTimeoutsTaken : 1, playerTwoTimeoutsTaken : 1, playerOneEightOnSnap : false, playerOneBreakAndRun : false, playerTwoEightOnSnap : false, playerTwoBreakAndRun : false, playerOneBallType : null, playerTwoBallType : null, playerOneEightBall : [  ], playerTwoEightBall : [  ], playerOneWon : false, playerTwoWon : false, numberOfInnings : 0, earlyEight : false, scratchOnEight : false, breakingPlayerStillShooting : true, stripedBallsHitIn : [  ], solidBallsHitIn : [  ], lastBallHitIn : 7, onBreak : true, ended : true }, { playerOneTimeoutsTaken : 1, playerTwoTimeoutsTaken : 1, playerOneEightOnSnap : false, playerOneBreakAndRun : false, playerTwoEightOnSnap : false, playerTwoBreakAndRun : false, playerOneBallType : null, playerTwoBallType : null, playerOneEightBall : [  ], playerTwoEightBall : [  ], playerOneWon : false, playerTwoWon : false, numberOfInnings : 0, earlyEight : false, scratchOnEight : false, breakingPlayerStillShooting : true, stripedBallsHitIn : [  ], solidBallsHitIn : [  ], lastBallHitIn : 8, onBreak : true, ended : true }, { playerOneTimeoutsTaken : 1, playerTwoTimeoutsTaken : 1, playerOneEightOnSnap : false, playerOneBreakAndRun : false, playerTwoEightOnSnap : false, playerTwoBreakAndRun : false, playerOneBallType : null, playerTwoBallType : null, playerOneEightBall : [  ], playerTwoEightBall : [  ], playerOneWon : false, playerTwoWon : false, numberOfInnings : 0, earlyEight : true, scratchOnEight : false, breakingPlayerStillShooting : false, stripedBallsHitIn : [  ], solidBallsHitIn : [  ], lastBallHitIn : 8, onBreak : false, ended : true }, { playerOneTimeoutsTaken : 1, playerTwoTimeoutsTaken : 1, playerOneEightOnSnap : false, playerOneBreakAndRun : false, playerTwoEightOnSnap : false, playerTwoBreakAndRun : false, playerOneBallType : null, playerTwoBallType : null, playerOneEightBall : [  ], playerTwoEightBall : [  ], playerOneWon : false, playerTwoWon : false, numberOfInnings : 0, earlyEight : false, scratchOnEight : false, breakingPlayerStillShooting : true, stripedBallsHitIn : [  ], solidBallsHitIn : [  ], lastBallHitIn : 8, onBreak : true, ended : true }, { playerOneTimeoutsTaken : 1, playerTwoTimeoutsTaken : 1, playerOneEightOnSnap : false, playerOneBreakAndRun : false, playerTwoEightOnSnap : false, playerTwoBreakAndRun : false, playerOneBallType : null, playerTwoBallType : null, playerOneEightBall : [  ], playerTwoEightBall : [  ], playerOneWon : false, playerTwoWon : false, numberOfInnings : 0, earlyEight : true, scratchOnEight : false, breakingPlayerStillShooting : false, stripedBallsHitIn : [  ], solidBallsHitIn : [  ], lastBallHitIn : 8, onBreak : false, ended : true }, { playerOneTimeoutsTaken : 1, playerTwoTimeoutsTaken : 1, playerOneEightOnSnap : false, playerOneBreakAndRun : false, playerTwoEightOnSnap : false, playerTwoBreakAndRun : false, playerOneBallType : null, playerTwoBallType : null, playerOneEightBall : [  ], playerTwoEightBall : [  ], playerOneWon : false, playerTwoWon : false, numberOfInnings : 0, earlyEight : false, scratchOnEight : false, breakingPlayerStillShooting : true, stripedBallsHitIn : [  ], solidBallsHitIn : [  ], lastBallHitIn : 8, onBreak : true, ended : true } ], suddenDeath : false, forfeit : false, ended : false, originalId : 0, leagueMatchId : 0 }.</error></testcase><testcase classname="jasmine" name="Eight Ball Match toJSON/fromJSON should be able to take a filled Match and turn it into a JSON object" time="0.0" failure="true"><error type="expect.toEqual" message="Expected { player : { one : { name : 'Player1', rank : 2, gamesNeededToWin : 2, number : '12345', teamNumber : '123', gamesWon : 1, safeties : 0, eightOnSnaps : 0, breakAndRuns : 0, currentlyUp : true }, two : { name : 'Player2', rank : 7, gamesNeededToWin : 7, number : '987654', teamNumber : '456', gamesWon : 0, safeties : 0, eightOnSnaps : 0, breakAndRuns : 0, currentlyUp : false } }, playerOneWon : 13, playerTwoWon : 0, currentGame : { playerOneTimeoutsTaken : 2, playerTwoTimeoutsTaken : 1, playerOneEightOnSnap : false, playerOneBreakAndRun : false, playerTwoEightOnSnap : false, playerTwoBreakAndRun : false, playerOneBallType : null, playerTwoBallType : null, playerOneEightBall : [  ], playerTwoEightBall : [ 8 ], playerOneWon : true, playerTwoWon : false, numberOfInnings : 0, earlyEight : false, scratchOnEight : false, breakingPlayerStillShooting : true, stripedBallsHitIn : [ 12 ], solidBallsHitIn : [ 1 ], lastBallHitIn : null, onBreak : true, ended : false }, completedGames : [ { playerOneTimeoutsTaken : 2, playerTwoTimeoutsTaken : 1, playerOneEightOnSnap : false, playerOneBreakAndRun : false, playerTwoEightOnSnap : false, playerTwoBreakAndRun : false, playerOneBallType : null, playerTwoBallType : null, playerOneEightBall : [  ], playerTwoEightBall : [ 8 ], playerOneWon : true, playerTwoWon : false, numberOfInnings : 0, earlyEight : false, scratchOnEight : false, breakingPlayerStillShooting : true, stripedBallsHitIn : [ 12 ], solidBallsHitIn : [ 1 ], lastBallHitIn : 8, onBreak : true, ended : true }, { playerOneTimeoutsTaken : 2, playerTwoTimeoutsTaken : 1, playerOneEightOnSnap : false, playerOneBreakAndRun : false, playerTwoEightOnSnap : false, playerTwoBreakAndRun : false, playerOneBallType : null, playerTwoBallType : null, playerOneEightBall : [  ], playerTwoEightBall : [ 8 ], playerOneWon : true, playerTwoWon : false, numberOfInnings : 0, earlyEight : false, scratchOnEight : false, breakingPlayerStillShooting : true, stripedBallsHitIn : [ 12 ], solidBallsHitIn : [ 1 ], lastBallHitIn : 8, onBreak : true, ended : true }, { playerOneTimeoutsTaken : 2, playerTwoTimeoutsTaken : 1, playerOneEightOnSnap : false, playerOneBreakAndRun : false, playerTwoEightOnSnap : false, playerTwoBreakAndRun : false, playerOneBallType : null, playerTwoBallType : null, playerOneEightBall : [  ], playerTwoEightBall : [ 8 ], playerOneWon : true, playerTwoWon : false, numberOfInnings : 0, earlyEight : false, scratchOnEight : false, breakingPlayerStillShooting : true, stripedBallsHitIn : [ 12 ], solidBallsHitIn : [ 1 ], lastBallHitIn : 8, onBreak : true, ended : true }, { playerOneTimeoutsTaken : 2, playerTwoTimeoutsTaken : 1, playerOneEightOnSnap : false, playerOneBreakAndRun : false, playerTwoEightOnSnap : false, playerTwoBreakAndRun : false, playerOneBallType : null, playerTwoBallType : null, playerOneEightBall : [  ], playerTwoEightBall : [ 8 ], playerOneWon : true, playerTwoWon : false, numberOfInnings : 0, earlyEight : false, scratchOnEight : false, breakingPlayerStillShooting : false, stripedBallsHitIn : [ 12 ], solidBallsHitIn : [ 1 ], lastBallHitIn : 8, onBreak : false, ended : true }, { playerOneTimeoutsTaken : 2, playerTwoTimeoutsTaken : 1, playerOneEightOnSnap : false, playerOneBreakAndRun : false, playerTwoEightOnSnap : false, playerTwoBreakAndRun : false, playerOneBallType : null, playerTwoBallType : null, playerOneEightBall : [  ], playerTwoEightBall : [ 8 ], playerOneWon : true, playerTwoWon : false, numberOfInnings : 0, earlyEight : false, scratchOnEight : false, breakingPlayerStillShooting : false, stripedBallsHitIn : [ 12 ], solidBallsHitIn : [ 1 ], lastBallHitIn : 8, onBreak : false, ended : true }, { playerOneTimeoutsTaken : 2, playerTwoTimeoutsTaken : 1, playerOneEightOnSnap : false, playerOneBreakAndRun : false, playerTwoEightOnSnap : false, playerTwoBreakAndRun : false, playerOneBallType : null, playerTwoBallType : null, playerOneEightBall : [  ], playerTwoEightBall : [ 8 ], playerOneWon : true, playerTwoWon : false, numberOfInnings : 0, earlyEight : false, scratchOnEight : false, breakingPlayerStillShooting : true, stripedBallsHitIn : [ 12 ], solidBallsHitIn : [ 1 ], lastBallHitIn : 7, onBreak : true, ended : true }, { playerOneTimeoutsTaken : 2, playerTwoTimeoutsTaken : 1, playerOneEightOnSnap : false, playerOneBreakAndRun : false, playerTwoEightOnSnap : false, playerTwoBreakAndRun : false, playerOneBallType : null, playerTwoBallType : null, playerOneEightBall : [  ], playerTwoEightBall : [ 8 ], playerOneWon : true, playerTwoWon : false, numberOfInnings : 0, earlyEight : false, scratchOnEight : false, breakingPlayerStillShooting : true, stripedBallsHitIn : [ 12 ], solidBallsHitIn : [ 1 ], lastBallHitIn : 8, onBreak : true, ended : true }, { playerOneTimeoutsTaken : 2, playerTwoTimeoutsTaken : 1, playerOneEightOnSnap : false, playerOneBreakAndRun : false, playerTwoEightOnSnap : false, playerTwoBreakAndRun : false, playerOneBallType : null, playerTwoBallType : null, playerOneEightBall : [  ], playerTwoEightBall : [ 8 ], playerOneWon : true, playerTwoWon : false, numberOfInnings : 0, earlyEight : true, scratchOnEight : false, breakingPlayerStillShooting : false, stripedBallsHitIn : [ 12 ], solidBallsHitIn : [ 1 ], lastBallHitIn : 8, onBreak : false, ended : true }, { playerOneTimeoutsTaken : 2, playerTwoTimeoutsTaken : 1, playerOneEightOnSnap : false, playerOneBreakAndRun : false, playerTwoEightOnSnap : false, playerTwoBreakAndRun : false, playerOneBallType : null, playerTwoBallType : null, playerOneEightBall : [  ], playerTwoEightBall : [ 8 ], playerOneWon : true, playerTwoWon : false, numberOfInnings : 0, earlyEight : false, scratchOnEight : false, breakingPlayerStillShooting : true, stripedBallsHitIn : [ 12 ], solidBallsHitIn : [ 1 ], lastBallHitIn : 8, onBreak : true, ended : true }, { playerOneTimeoutsTaken : 2, playerTwoTimeoutsTaken : 1, playerOneEightOnSnap : false, playerOneBreakAndRun : false, playerTwoEightOnSnap : false, playerTwoBreakAndRun : false, playerOneBallType : null, playerTwoBallType : null, playerOneEightBall : [  ], playerTwoEightBall : [ 8 ], playerOneWon : true, playerTwoWon : false, numberOfInnings : 0, earlyEight : true, scratchOnEight : false, breakingPlayerStillShooting : false, stripedBallsHitIn : [ 12 ], solidBallsHitIn : [ 1 ], lastBallHitIn : 8, onBreak : false, ended : true }, { playerOneTimeoutsTaken : 2, playerTwoTimeoutsTaken : 1, playerOneEightOnSnap : false, playerOneBreakAndRun : false, playerTwoEightOnSnap : false, playerTwoBreakAndRun : false, playerOneBallType : null, playerTwoBallType : null, playerOneEightBall : [  ], playerTwoEightBall : [ 8 ], playerOneWon : true, playerTwoWon : false, numberOfInnings : 0, earlyEight : false, scratchOnEight : false, breakingPlayerStillShooting : true, stripedBallsHitIn : [ 12 ], solidBallsHitIn : [ 1 ], lastBallHitIn : 8, onBreak : true, ended : true }, { playerOneTimeoutsTaken : 2, playerTwoTimeoutsTaken : 1, playerOneEightOnSnap : false, playerOneBreakAndRun : false, playerTwoEightOnSnap : false, playerTwoBreakAndRun : false, playerOneBallType : null, playerTwoBallType : null, playerOneEightBall : [  ], playerTwoEightBall : [ 8 ], playerOneWon : true, playerTwoWon : false, numberOfInnings : 0, earlyEight : true, scratchOnEight : false, breakingPlayerStillShooting : false, stripedBallsHitIn : [ 12 ], solidBallsHitIn : [ 1 ], lastBallHitIn : 8, onBreak : false, ended : true } ], suddenDeath : false, forfeit : false, ended : false, originalId : 0, leagueMatchId : 0 } to equal { player : { one : { name : 'Player1', rank : 2, gamesNeededToWin : 2, number : '12345', teamNumber : '123', gamesWon : 1, safeties : 0, eightOnSnaps : 0, breakAndRuns : 0, currentlyUp : true }, two : { name : 'Player2', rank : 7, gamesNeededToWin : 7, number : '987654', teamNumber : '456', gamesWon : 0, safeties : 0, eightOnSnaps : 0, breakAndRuns : 0, currentlyUp : false } }, playerOneWon : 12, playerTwoWon : 0, currentGame : { playerOneTimeoutsTaken : 1, playerTwoTimeoutsTaken : 1, playerOneEightOnSnap : false, playerOneBreakAndRun : false, playerTwoEightOnSnap : false, playerTwoBreakAndRun : false, playerOneBallType : null, playerTwoBallType : null, playerOneEightBall : [  ], playerTwoEightBall : [ 8 ], playerOneWon : true, playerTwoWon : false, numberOfInnings : 0, earlyEight : false, scratchOnEight : false, breakingPlayerStillShooting : true, stripedBallsHitIn : [ 12 ], solidBallsHitIn : [ 1 ], lastBallHitIn : null, onBreak : true, ended : false }, completedGames : [ { playerOneTimeoutsTaken : 1, playerTwoTimeoutsTaken : 1, playerOneEightOnSnap : false, playerOneBreakAndRun : false, playerTwoEightOnSnap : false, playerTwoBreakAndRun : false, playerOneBallType : null, playerTwoBallType : null, playerOneEightBall : [  ], playerTwoEightBall : [ 8 ], playerOneWon : true, playerTwoWon : false, numberOfInnings : 0, earlyEight : false, scratchOnEight : false, breakingPlayerStillShooting : true, stripedBallsHitIn : [ 12 ], solidBallsHitIn : [ 1 ], lastBallHitIn : 8, onBreak : true, ended : true }, { playerOneTimeoutsTaken : 1, playerTwoTimeoutsTaken : 1, playerOneEightOnSnap : false, playerOneBreakAndRun : false, playerTwoEightOnSnap : false, playerTwoBreakAndRun : false, playerOneBallType : null, playerTwoBallType : null, playerOneEightBall : [  ], playerTwoEightBall : [ 8 ], playerOneWon : true, playerTwoWon : false, numberOfInnings : 0, earlyEight : false, scratchOnEight : false, breakingPlayerStillShooting : true, stripedBallsHitIn : [ 12 ], solidBallsHitIn : [ 1 ], lastBallHitIn : 8, onBreak : true, ended : true }, { playerOneTimeoutsTaken : 1, playerTwoTimeoutsTaken : 1, playerOneEightOnSnap : false, playerOneBreakAndRun : false, playerTwoEightOnSnap : false, playerTwoBreakAndRun : false, playerOneBallType : null, playerTwoBallType : null, playerOneEightBall : [  ], playerTwoEightBall : [ 8 ], playerOneWon : true, playerTwoWon : false, numberOfInnings : 0, earlyEight : false, scratchOnEight : false, breakingPlayerStillShooting : false, stripedBallsHitIn : [ 12 ], solidBallsHitIn : [ 1 ], lastBallHitIn : 8, onBreak : false, ended : true }, { playerOneTimeoutsTaken : 1, playerTwoTimeoutsTaken : 1, playerOneEightOnSnap : false, playerOneBreakAndRun : false, playerTwoEightOnSnap : false, playerTwoBreakAndRun : false, playerOneBallType : null, playerTwoBallType : null, playerOneEightBall : [  ], playerTwoEightBall : [ 8 ], playerOneWon : true, playerTwoWon : false, numberOfInnings : 0, earlyEight : false, scratchOnEight : false, breakingPlayerStillShooting : false, stripedBallsHitIn : [ 12 ], solidBallsHitIn : [ 1 ], lastBallHitIn : 8, onBreak : false, ended : true }, { playerOneTimeoutsTaken : 1, playerTwoTimeoutsTaken : 1, playerOneEightOnSnap : false, playerOneBreakAndRun : false, playerTwoEightOnSnap : false, playerTwoBreakAndRun : false, playerOneBallType : null, playerTwoBallType : null, playerOneEightBall : [  ], playerTwoEightBall : [ 8 ], playerOneWon : true, playerTwoWon : false, numberOfInnings : 0, earlyEight : false, scratchOnEight : false, breakingPlayerStillShooting : true, stripedBallsHitIn : [ 12 ], solidBallsHitIn : [ 1 ], lastBallHitIn : 7, onBreak : true, ended : true }, { playerOneTimeoutsTaken : 1, playerTwoTimeoutsTaken : 1, playerOneEightOnSnap : false, playerOneBreakAndRun : false, playerTwoEightOnSnap : false, playerTwoBreakAndRun : false, playerOneBallType : null, playerTwoBallType : null, playerOneEightBall : [  ], playerTwoEightBall : [ 8 ], playerOneWon : true, playerTwoWon : false, numberOfInnings : 0, earlyEight : false, scratchOnEight : false, breakingPlayerStillShooting : true, stripedBallsHitIn : [ 12 ], solidBallsHitIn : [ 1 ], lastBallHitIn : 8, onBreak : true, ended : true }, { playerOneTimeoutsTaken : 1, playerTwoTimeoutsTaken : 1, playerOneEightOnSnap : false, playerOneBreakAndRun : false, playerTwoEightOnSnap : false, playerTwoBreakAndRun : false, playerOneBallType : null, playerTwoBallType : null, playerOneEightBall : [  ], playerTwoEightBall : [ 8 ], playerOneWon : true, playerTwoWon : false, numberOfInnings : 0, earlyEight : true, scratchOnEight : false, breakingPlayerStillShooting : false, stripedBallsHitIn : [ 12 ], solidBallsHitIn : [ 1 ], lastBallHitIn : 8, onBreak : false, ended : true }, { playerOneTimeoutsTaken : 1, playerTwoTimeoutsTaken : 1, playerOneEightOnSnap : false, playerOneBreakAndRun : false, playerTwoEightOnSnap : false, playerTwoBreakAndRun : false, playerOneBallType : null, playerTwoBallType : null, playerOneEightBall : [  ], playerTwoEightBall : [ 8 ], playerOneWon : true, playerTwoWon : false, numberOfInnings : 0, earlyEight : false, scratchOnEight : false, breakingPlayerStillShooting : true, stripedBallsHitIn : [ 12 ], solidBallsHitIn : [ 1 ], lastBallHitIn : 8, onBreak : true, ended : true }, { playerOneTimeoutsTaken : 1, playerTwoTimeoutsTaken : 1, playerOneEightOnSnap : false, playerOneBreakAndRun : false, playerTwoEightOnSnap : false, playerTwoBreakAndRun : false, playerOneBallType : null, playerTwoBallType : null, playerOneEightBall : [  ], playerTwoEightBall : [ 8 ], playerOneWon : true, playerTwoWon : false, numberOfInnings : 0, earlyEight : true, scratchOnEight : false, breakingPlayerStillShooting : false, stripedBallsHitIn : [ 12 ], solidBallsHitIn : [ 1 ], lastBallHitIn : 8, onBreak : false, ended : true }, { playerOneTimeoutsTaken : 1, playerTwoTimeoutsTaken : 1, playerOneEightOnSnap : false, playerOneBreakAndRun : false, playerTwoEightOnSnap : false, playerTwoBreakAndRun : false, playerOneBallType : null, playerTwoBallType : null, playerOneEightBall : [  ], playerTwoEightBall : [ 8 ], playerOneWon : true, playerTwoWon : false, numberOfInnings : 0, earlyEight : false, scratchOnEight : false, breakingPlayerStillShooting : true, stripedBallsHitIn : [ 12 ], solidBallsHitIn : [ 1 ], lastBallHitIn : 8, onBreak : true, ended : true }, { playerOneTimeoutsTaken : 1, playerTwoTimeoutsTaken : 1, playerOneEightOnSnap : false, playerOneBreakAndRun : false, playerTwoEightOnSnap : false, playerTwoBreakAndRun : false, playerOneBallType : null, playerTwoBallType : null, playerOneEightBall : [  ], playerTwoEightBall : [ 8 ], playerOneWon : true, playerTwoWon : false, numberOfInnings : 0, earlyEight : true, scratchOnEight : false, breakingPlayerStillShooting : false, stripedBallsHitIn : [ 12 ], solidBallsHitIn : [ 1 ], lastBallHitIn : 8, onBreak : false, ended : true } ], suddenDeath : false, forfeit : false, ended : false, originalId : 0, leagueMatchId : 0 }.">Expected { player : { one : { name : 'Player1', rank : 2, gamesNeededToWin : 2, number : '12345', teamNumber : '123', gamesWon : 1, safeties : 0, eightOnSnaps : 0, breakAndRuns : 0, currentlyUp : true }, two : { name : 'Player2', rank : 7, gamesNeededToWin : 7, number : '987654', teamNumber : '456', gamesWon : 0, safeties : 0, eightOnSnaps : 0, breakAndRuns : 0, currentlyUp : false } }, playerOneWon : 13, playerTwoWon : 0, currentGame : { playerOneTimeoutsTaken : 2, playerTwoTimeoutsTaken : 1, playerOneEightOnSnap : false, playerOneBreakAndRun : false, playerTwoEightOnSnap : false, playerTwoBreakAndRun : false, playerOneBallType : null, playerTwoBallType : null, playerOneEightBall : [  ], playerTwoEightBall : [ 8 ], playerOneWon : true, playerTwoWon : false, numberOfInnings : 0, earlyEight : false, scratchOnEight : false, breakingPlayerStillShooting : true, stripedBallsHitIn : [ 12 ], solidBallsHitIn : [ 1 ], lastBallHitIn : null, onBreak : true, ended : false }, completedGames : [ { playerOneTimeoutsTaken : 2, playerTwoTimeoutsTaken : 1, playerOneEightOnSnap : false, playerOneBreakAndRun : false, playerTwoEightOnSnap : false, playerTwoBreakAndRun : false, playerOneBallType : null, playerTwoBallType : null, playerOneEightBall : [  ], playerTwoEightBall : [ 8 ], playerOneWon : true, playerTwoWon : false, numberOfInnings : 0, earlyEight : false, scratchOnEight : false, breakingPlayerStillShooting : true, stripedBallsHitIn : [ 12 ], solidBallsHitIn : [ 1 ], lastBallHitIn : 8, onBreak : true, ended : true }, { playerOneTimeoutsTaken : 2, playerTwoTimeoutsTaken : 1, playerOneEightOnSnap : false, playerOneBreakAndRun : false, playerTwoEightOnSnap : false, playerTwoBreakAndRun : false, playerOneBallType : null, playerTwoBallType : null, playerOneEightBall : [  ], playerTwoEightBall : [ 8 ], playerOneWon : true, playerTwoWon : false, numberOfInnings : 0, earlyEight : false, scratchOnEight : false, breakingPlayerStillShooting : true, stripedBallsHitIn : [ 12 ], solidBallsHitIn : [ 1 ], lastBallHitIn : 8, onBreak : true, ended : true }, { playerOneTimeoutsTaken : 2, playerTwoTimeoutsTaken : 1, playerOneEightOnSnap : false, playerOneBreakAndRun : false, playerTwoEightOnSnap : false, playerTwoBreakAndRun : false, playerOneBallType : null, playerTwoBallType : null, playerOneEightBall : [  ], playerTwoEightBall : [ 8 ], playerOneWon : true, playerTwoWon : false, numberOfInnings : 0, earlyEight : false, scratchOnEight : false, breakingPlayerStillShooting : true, stripedBallsHitIn : [ 12 ], solidBallsHitIn : [ 1 ], lastBallHitIn : 8, onBreak : true, ended : true }, { playerOneTimeoutsTaken : 2, playerTwoTimeoutsTaken : 1, playerOneEightOnSnap : false, playerOneBreakAndRun : false, playerTwoEightOnSnap : false, playerTwoBreakAndRun : false, playerOneBallType : null, playerTwoBallType : null, playerOneEightBall : [  ], playerTwoEightBall : [ 8 ], playerOneWon : true, playerTwoWon : false, numberOfInnings : 0, earlyEight : false, scratchOnEight : false, breakingPlayerStillShooting : false, stripedBallsHitIn : [ 12 ], solidBallsHitIn : [ 1 ], lastBallHitIn : 8, onBreak : false, ended : true }, { playerOneTimeoutsTaken : 2, playerTwoTimeoutsTaken : 1, playerOneEightOnSnap : false, playerOneBreakAndRun : false, playerTwoEightOnSnap : false, playerTwoBreakAndRun : false, playerOneBallType : null, playerTwoBallType : null, playerOneEightBall : [  ], playerTwoEightBall : [ 8 ], playerOneWon : true, playerTwoWon : false, numberOfInnings : 0, earlyEight : false, scratchOnEight : false, breakingPlayerStillShooting : false, stripedBallsHitIn : [ 12 ], solidBallsHitIn : [ 1 ], lastBallHitIn : 8, onBreak : false, ended : true }, { playerOneTimeoutsTaken : 2, playerTwoTimeoutsTaken : 1, playerOneEightOnSnap : false, playerOneBreakAndRun : false, playerTwoEightOnSnap : false, playerTwoBreakAndRun : false, playerOneBallType : null, playerTwoBallType : null, playerOneEightBall : [  ], playerTwoEightBall : [ 8 ], playerOneWon : true, playerTwoWon : false, numberOfInnings : 0, earlyEight : false, scratchOnEight : false, breakingPlayerStillShooting : true, stripedBallsHitIn : [ 12 ], solidBallsHitIn : [ 1 ], lastBallHitIn : 7, onBreak : true, ended : true }, { playerOneTimeoutsTaken : 2, playerTwoTimeoutsTaken : 1, playerOneEightOnSnap : false, playerOneBreakAndRun : false, playerTwoEightOnSnap : false, playerTwoBreakAndRun : false, playerOneBallType : null, playerTwoBallType : null, playerOneEightBall : [  ], playerTwoEightBall : [ 8 ], playerOneWon : true, playerTwoWon : false, numberOfInnings : 0, earlyEight : false, scratchOnEight : false, breakingPlayerStillShooting : true, stripedBallsHitIn : [ 12 ], solidBallsHitIn : [ 1 ], lastBallHitIn : 8, onBreak : true, ended : true }, { playerOneTimeoutsTaken : 2, playerTwoTimeoutsTaken : 1, playerOneEightOnSnap : false, playerOneBreakAndRun : false, playerTwoEightOnSnap : false, playerTwoBreakAndRun : false, playerOneBallType : null, playerTwoBallType : null, playerOneEightBall : [  ], playerTwoEightBall : [ 8 ], playerOneWon : true, playerTwoWon : false, numberOfInnings : 0, earlyEight : true, scratchOnEight : false, breakingPlayerStillShooting : false, stripedBallsHitIn : [ 12 ], solidBallsHitIn : [ 1 ], lastBallHitIn : 8, onBreak : false, ended : true }, { playerOneTimeoutsTaken : 2, playerTwoTimeoutsTaken : 1, playerOneEightOnSnap : false, playerOneBreakAndRun : false, playerTwoEightOnSnap : false, playerTwoBreakAndRun : false, playerOneBallType : null, playerTwoBallType : null, playerOneEightBall : [  ], playerTwoEightBall : [ 8 ], playerOneWon : true, playerTwoWon : false, numberOfInnings : 0, earlyEight : false, scratchOnEight : false, breakingPlayerStillShooting : true, stripedBallsHitIn : [ 12 ], solidBallsHitIn : [ 1 ], lastBallHitIn : 8, onBreak : true, ended : true }, { playerOneTimeoutsTaken : 2, playerTwoTimeoutsTaken : 1, playerOneEightOnSnap : false, playerOneBreakAndRun : false, playerTwoEightOnSnap : false, playerTwoBreakAndRun : false, playerOneBallType : null, playerTwoBallType : null, playerOneEightBall : [  ], playerTwoEightBall : [ 8 ], playerOneWon : true, playerTwoWon : false, numberOfInnings : 0, earlyEight : true, scratchOnEight : false, breakingPlayerStillShooting : false, stripedBallsHitIn : [ 12 ], solidBallsHitIn : [ 1 ], lastBallHitIn : 8, onBreak : false, ended : true }, { playerOneTimeoutsTaken : 2, playerTwoTimeoutsTaken : 1, playerOneEightOnSnap : false, playerOneBreakAndRun : false, playerTwoEightOnSnap : false, playerTwoBreakAndRun : false, playerOneBallType : null, playerTwoBallType : null, playerOneEightBall : [  ], playerTwoEightBall : [ 8 ], playerOneWon : true, playerTwoWon : false, numberOfInnings : 0, earlyEight : false, scratchOnEight : false, breakingPlayerStillShooting : true, stripedBallsHitIn : [ 12 ], solidBallsHitIn : [ 1 ], lastBallHitIn : 8, onBreak : true, ended : true }, { playerOneTimeoutsTaken : 2, playerTwoTimeoutsTaken : 1, playerOneEightOnSnap : false, playerOneBreakAndRun : false, playerTwoEightOnSnap : false, playerTwoBreakAndRun : false, playerOneBallType : null, playerTwoBallType : null, playerOneEightBall : [  ], playerTwoEightBall : [ 8 ], playerOneWon : true, playerTwoWon : false, numberOfInnings : 0, earlyEight : true, scratchOnEight : false, breakingPlayerStillShooting : false, stripedBallsHitIn : [ 12 ], solidBallsHitIn : [ 1 ], lastBallHitIn : 8, onBreak : false, ended : true } ], suddenDeath : false, forfeit : false, ended : false, originalId : 0, leagueMatchId : 0 } to equal { player : { one : { name : 'Player1', rank : 2, gamesNeededToWin : 2, number : '12345', teamNumber : '123', gamesWon : 1, safeties : 0, eightOnSnaps : 0, breakAndRuns : 0, currentlyUp : true }, two : { name : 'Player2', rank : 7, gamesNeededToWin : 7, number : '987654', teamNumber : '456', gamesWon : 0, safeties : 0, eightOnSnaps : 0, breakAndRuns : 0, currentlyUp : false } }, playerOneWon : 12, playerTwoWon : 0, currentGame : { playerOneTimeoutsTaken : 1, playerTwoTimeoutsTaken : 1, playerOneEightOnSnap : false, playerOneBreakAndRun : false, playerTwoEightOnSnap : false, playerTwoBreakAndRun : false, playerOneBallType : null, playerTwoBallType : null, playerOneEightBall : [  ], playerTwoEightBall : [ 8 ], playerOneWon : true, playerTwoWon : false, numberOfInnings : 0, earlyEight : false, scratchOnEight : false, breakingPlayerStillShooting : true, stripedBallsHitIn : [ 12 ], solidBallsHitIn : [ 1 ], lastBallHitIn : null, onBreak : true, ended : false }, completedGames : [ { playerOneTimeoutsTaken : 1, playerTwoTimeoutsTaken : 1, playerOneEightOnSnap : false, playerOneBreakAndRun : false, playerTwoEightOnSnap : false, playerTwoBreakAndRun : false, playerOneBallType : null, playerTwoBallType : null, playerOneEightBall : [  ], playerTwoEightBall : [ 8 ], playerOneWon : true, playerTwoWon : false, numberOfInnings : 0, earlyEight : false, scratchOnEight : false, breakingPlayerStillShooting : true, stripedBallsHitIn : [ 12 ], solidBallsHitIn : [ 1 ], lastBallHitIn : 8, onBreak : true, ended : true }, { playerOneTimeoutsTaken : 1, playerTwoTimeoutsTaken : 1, playerOneEightOnSnap : false, playerOneBreakAndRun : false, playerTwoEightOnSnap : false, playerTwoBreakAndRun : false, playerOneBallType : null, playerTwoBallType : null, playerOneEightBall : [  ], playerTwoEightBall : [ 8 ], playerOneWon : true, playerTwoWon : false, numberOfInnings : 0, earlyEight : false, scratchOnEight : false, breakingPlayerStillShooting : true, stripedBallsHitIn : [ 12 ], solidBallsHitIn : [ 1 ], lastBallHitIn : 8, onBreak : true, ended : true }, { playerOneTimeoutsTaken : 1, playerTwoTimeoutsTaken : 1, playerOneEightOnSnap : false, playerOneBreakAndRun : false, playerTwoEightOnSnap : false, playerTwoBreakAndRun : false, playerOneBallType : null, playerTwoBallType : null, playerOneEightBall : [  ], playerTwoEightBall : [ 8 ], playerOneWon : true, playerTwoWon : false, numberOfInnings : 0, earlyEight : false, scratchOnEight : false, breakingPlayerStillShooting : false, stripedBallsHitIn : [ 12 ], solidBallsHitIn : [ 1 ], lastBallHitIn : 8, onBreak : false, ended : true }, { playerOneTimeoutsTaken : 1, playerTwoTimeoutsTaken : 1, playerOneEightOnSnap : false, playerOneBreakAndRun : false, playerTwoEightOnSnap : false, playerTwoBreakAndRun : false, playerOneBallType : null, playerTwoBallType : null, playerOneEightBall : [  ], playerTwoEightBall : [ 8 ], playerOneWon : true, playerTwoWon : false, numberOfInnings : 0, earlyEight : false, scratchOnEight : false, breakingPlayerStillShooting : false, stripedBallsHitIn : [ 12 ], solidBallsHitIn : [ 1 ], lastBallHitIn : 8, onBreak : false, ended : true }, { playerOneTimeoutsTaken : 1, playerTwoTimeoutsTaken : 1, playerOneEightOnSnap : false, playerOneBreakAndRun : false, playerTwoEightOnSnap : false, playerTwoBreakAndRun : false, playerOneBallType : null, playerTwoBallType : null, playerOneEightBall : [  ], playerTwoEightBall : [ 8 ], playerOneWon : true, playerTwoWon : false, numberOfInnings : 0, earlyEight : false, scratchOnEight : false, breakingPlayerStillShooting : true, stripedBallsHitIn : [ 12 ], solidBallsHitIn : [ 1 ], lastBallHitIn : 7, onBreak : true, ended : true }, { playerOneTimeoutsTaken : 1, playerTwoTimeoutsTaken : 1, playerOneEightOnSnap : false, playerOneBreakAndRun : false, playerTwoEightOnSnap : false, playerTwoBreakAndRun : false, playerOneBallType : null, playerTwoBallType : null, playerOneEightBall : [  ], playerTwoEightBall : [ 8 ], playerOneWon : true, playerTwoWon : false, numberOfInnings : 0, earlyEight : false, scratchOnEight : false, breakingPlayerStillShooting : true, stripedBallsHitIn : [ 12 ], solidBallsHitIn : [ 1 ], lastBallHitIn : 8, onBreak : true, ended : true }, { playerOneTimeoutsTaken : 1, playerTwoTimeoutsTaken : 1, playerOneEightOnSnap : false, playerOneBreakAndRun : false, playerTwoEightOnSnap : false, playerTwoBreakAndRun : false, playerOneBallType : null, playerTwoBallType : null, playerOneEightBall : [  ], playerTwoEightBall : [ 8 ], playerOneWon : true, playerTwoWon : false, numberOfInnings : 0, earlyEight : true, scratchOnEight : false, breakingPlayerStillShooting : false, stripedBallsHitIn : [ 12 ], solidBallsHitIn : [ 1 ], lastBallHitIn : 8, onBreak : false, ended : true }, { playerOneTimeoutsTaken : 1, playerTwoTimeoutsTaken : 1, playerOneEightOnSnap : false, playerOneBreakAndRun : false, playerTwoEightOnSnap : false, playerTwoBreakAndRun : false, playerOneBallType : null, playerTwoBallType : null, playerOneEightBall : [  ], playerTwoEightBall : [ 8 ], playerOneWon : true, playerTwoWon : false, numberOfInnings : 0, earlyEight : false, scratchOnEight : false, breakingPlayerStillShooting : true, stripedBallsHitIn : [ 12 ], solidBallsHitIn : [ 1 ], lastBallHitIn : 8, onBreak : true, ended : true }, { playerOneTimeoutsTaken : 1, playerTwoTimeoutsTaken : 1, playerOneEightOnSnap : false, playerOneBreakAndRun : false, playerTwoEightOnSnap : false, playerTwoBreakAndRun : false, playerOneBallType : null, playerTwoBallType : null, playerOneEightBall : [  ], playerTwoEightBall : [ 8 ], playerOneWon : true, playerTwoWon : false, numberOfInnings : 0, earlyEight : true, scratchOnEight : false, breakingPlayerStillShooting : false, stripedBallsHitIn : [ 12 ], solidBallsHitIn : [ 1 ], lastBallHitIn : 8, onBreak : false, ended : true }, { playerOneTimeoutsTaken : 1, playerTwoTimeoutsTaken : 1, playerOneEightOnSnap : false, playerOneBreakAndRun : false, playerTwoEightOnSnap : false, playerTwoBreakAndRun : false, playerOneBallType : null, playerTwoBallType : null, playerOneEightBall : [  ], playerTwoEightBall : [ 8 ], playerOneWon : true, playerTwoWon : false, numberOfInnings : 0, earlyEight : false, scratchOnEight : false, breakingPlayerStillShooting : true, stripedBallsHitIn : [ 12 ], solidBallsHitIn : [ 1 ], lastBallHitIn : 8, onBreak : true, ended : true }, { playerOneTimeoutsTaken : 1, playerTwoTimeoutsTaken : 1, playerOneEightOnSnap : false, playerOneBreakAndRun : false, playerTwoEightOnSnap : false, playerTwoBreakAndRun : false, playerOneBallType : null, playerTwoBallType : null, playerOneEightBall : [  ], playerTwoEightBall : [ 8 ], playerOneWon : true, playerTwoWon : false, numberOfInnings : 0, earlyEight : true, scratchOnEight : false, breakingPlayerStillShooting : false, stripedBallsHitIn : [ 12 ], solidBallsHitIn : [ 1 ], lastBallHitIn : 8, onBreak : false, ended : true } ], suddenDeath : false, forfeit : false, ended : false, originalId : 0, leagueMatchId : 0 }.</error></testcase><testcase classname="jasmine" name="Eight Ball Match toJSON/fromJSON should be able to put a matches completed games into a JSON object" time="0.0" failure="true"><error type="expect.toEqual" message="Expected [ { playerOneTimeoutsTaken : 2, playerTwoTimeoutsTaken : 1, playerOneEightOnSnap : false, playerOneBreakAndRun : false, playerTwoEightOnSnap : false, playerTwoBreakAndRun : false, playerOneBallType : null, playerTwoBallType : null, playerOneEightBall : [  ], playerTwoEightBall : [ 8 ], playerOneWon : true, playerTwoWon : false, numberOfInnings : 0, earlyEight : false, scratchOnEight : false, breakingPlayerStillShooting : true, stripedBallsHitIn : [ 15 ], solidBallsHitIn : [ 1 ], lastBallHitIn : 8, onBreak : true, ended : true }, { playerOneTimeoutsTaken : 2, playerTwoTimeoutsTaken : 1, playerOneEightOnSnap : false, playerOneBreakAndRun : false, playerTwoEightOnSnap : false, playerTwoBreakAndRun : false, playerOneBallType : null, playerTwoBallType : null, playerOneEightBall : [  ], playerTwoEightBall : [ 8 ], playerOneWon : true, playerTwoWon : false, numberOfInnings : 0, earlyEight : false, scratchOnEight : false, breakingPlayerStillShooting : true, stripedBallsHitIn : [ 15 ], solidBallsHitIn : [ 1 ], lastBallHitIn : 8, onBreak : true, ended : true }, { playerOneTimeoutsTaken : 2, playerTwoTimeoutsTaken : 1, playerOneEightOnSnap : false, playerOneBreakAndRun : false, playerTwoEightOnSnap : false, playerTwoBreakAndRun : false, playerOneBallType : null, playerTwoBallType : null, playerOneEightBall : [  ], playerTwoEightBall : [ 8 ], playerOneWon : true, playerTwoWon : false, numberOfInnings : 0, earlyEight : false, scratchOnEight : false, breakingPlayerStillShooting : true, stripedBallsHitIn : [ 15 ], solidBallsHitIn : [ 1 ], lastBallHitIn : 8, onBreak : true, ended : true }, { playerOneTimeoutsTaken : 2, playerTwoTimeoutsTaken : 1, playerOneEightOnSnap : false, playerOneBreakAndRun : false, playerTwoEightOnSnap : false, playerTwoBreakAndRun : false, playerOneBallType : null, playerTwoBallType : null, playerOneEightBall : [  ], playerTwoEightBall : [ 8 ], playerOneWon : true, playerTwoWon : false, numberOfInnings : 0, earlyEight : false, scratchOnEight : false, breakingPlayerStillShooting : false, stripedBallsHitIn : [ 15 ], solidBallsHitIn : [ 1 ], lastBallHitIn : 8, onBreak : false, ended : true }, { playerOneTimeoutsTaken : 2, playerTwoTimeoutsTaken : 1, playerOneEightOnSnap : false, playerOneBreakAndRun : false, playerTwoEightOnSnap : false, playerTwoBreakAndRun : false, playerOneBallType : null, playerTwoBallType : null, playerOneEightBall : [  ], playerTwoEightBall : [ 8 ], playerOneWon : true, playerTwoWon : false, numberOfInnings : 0, earlyEight : false, scratchOnEight : false, breakingPlayerStillShooting : false, stripedBallsHitIn : [ 15 ], solidBallsHitIn : [ 1 ], lastBallHitIn : 8, onBreak : false, ended : true }, { playerOneTimeoutsTaken : 2, playerTwoTimeoutsTaken : 1, playerOneEightOnSnap : false, playerOneBreakAndRun : false, playerTwoEightOnSnap : false, playerTwoBreakAndRun : false, playerOneBallType : null, playerTwoBallType : null, playerOneEightBall : [  ], playerTwoEightBall : [ 8 ], playerOneWon : true, playerTwoWon : false, numberOfInnings : 0, earlyEight : false, scratchOnEight : false, breakingPlayerStillShooting : true, stripedBallsHitIn : [ 15 ], solidBallsHitIn : [ 1 ], lastBallHitIn : 7, onBreak : true, ended : true }, { playerOneTimeoutsTaken : 2, playerTwoTimeoutsTaken : 1, playerOneEightOnSnap : false, playerOneBreakAndRun : false, playerTwoEightOnSnap : false, playerTwoBreakAndRun : false, playerOneBallType : null, playerTwoBallType : null, playerOneEightBall : [  ], playerTwoEightBall : [ 8 ], playerOneWon : true, playerTwoWon : false, numberOfInnings : 0, earlyEight : false, scratchOnEight : false, breakingPlayerStillShooting : true, stripedBallsHitIn : [ 15 ], solidBallsHitIn : [ 1 ], lastBallHitIn : 8, onBreak : true, ended : true }, { playerOneTimeoutsTaken : 2, playerTwoTimeoutsTaken : 1, playerOneEightOnSnap : false, playerOneBreakAndRun : false, playerTwoEightOnSnap : false, playerTwoBreakAndRun : false, playerOneBallType : null, playerTwoBallType : null, playerOneEightBall : [  ], playerTwoEightBall : [ 8 ], playerOneWon : true, playerTwoWon : false, numberOfInnings : 0, earlyEight : true, scratchOnEight : false, breakingPlayerStillShooting : false, stripedBallsHitIn : [ 15 ], solidBallsHitIn : [ 1 ], lastBallHitIn : 8, onBreak : false, ended : true }, { playerOneTimeoutsTaken : 2, playerTwoTimeoutsTaken : 1, playerOneEightOnSnap : false, playerOneBreakAndRun : false, playerTwoEightOnSnap : false, playerTwoBreakAndRun : false, playerOneBallType : null, playerTwoBallType : null, playerOneEightBall : [  ], playerTwoEightBall : [ 8 ], playerOneWon : true, playerTwoWon : false, numberOfInnings : 0, earlyEight : false, scratchOnEight : false, breakingPlayerStillShooting : true, stripedBallsHitIn : [ 15 ], solidBallsHitIn : [ 1 ], lastBallHitIn : 8, onBreak : true, ended : true }, { playerOneTimeoutsTaken : 2, playerTwoTimeoutsTaken : 1, playerOneEightOnSnap : false, playerOneBreakAndRun : false, playerTwoEightOnSnap : false, playerTwoBreakAndRun : false, playerOneBallType : null, playerTwoBallType : null, playerOneEightBall : [  ], playerTwoEightBall : [ 8 ], playerOneWon : true, playerTwoWon : false, numberOfInnings : 0, earlyEight : true, scratchOnEight : false, breakingPlayerStillShooting : false, stripedBallsHitIn : [ 15 ], solidBallsHitIn : [ 1 ], lastBallHitIn : 8, onBreak : false, ended : true }, { playerOneTimeoutsTaken : 2, playerTwoTimeoutsTaken : 1, playerOneEightOnSnap : false, playerOneBreakAndRun : false, playerTwoEightOnSnap : false, playerTwoBreakAndRun : false, playerOneBallType : null, playerTwoBallType : null, playerOneEightBall : [  ], playerTwoEightBall : [ 8 ], playerOneWon : true, playerTwoWon : false, numberOfInnings : 0, earlyEight : false, scratchOnEight : false, breakingPlayerStillShooting : true, stripedBallsHitIn : [ 15 ], solidBallsHitIn : [ 1 ], lastBallHitIn : 8, onBreak : true, ended : true }, { playerOneTimeoutsTaken : 2, playerTwoTimeoutsTaken : 1, playerOneEightOnSnap : false, playerOneBreakAndRun : false, playerTwoEightOnSnap : false, playerTwoBreakAndRun : false, playerOneBallType : null, playerTwoBallType : null, playerOneEightBall : [  ], playerTwoEightBall : [ 8 ], playerOneWon : true, playerTwoWon : false, numberOfInnings : 0, earlyEight : true, scratchOnEight : false, breakingPlayerStillShooting : false, stripedBallsHitIn : [ 15 ], solidBallsHitIn : [ 1 ], lastBallHitIn : 8, onBreak : false, ended : true }, { playerOneTimeoutsTaken : 2, playerTwoTimeoutsTaken : 1, playerOneEightOnSnap : false, playerOneBreakAndRun : false, playerTwoEightOnSnap : false, playerTwoBreakAndRun : false, playerOneBallType : null, playerTwoBallType : null, playerOneEightBall : [  ], playerTwoEightBall : [ 8 ], playerOneWon : true, playerTwoWon : false, numberOfInnings : 0, earlyEight : true, scratchOnEight : false, breakingPlayerStillShooting : false, stripedBallsHitIn : [ 15 ], solidBallsHitIn : [ 1 ], lastBallHitIn : 8, onBreak : false, ended : true } ] to equal [ { playerOneTimeoutsTaken : 1, playerTwoTimeoutsTaken : 1, playerOneEightOnSnap : false, playerOneBreakAndRun : false, playerTwoEightOnSnap : false, playerTwoBreakAndRun : false, playerOneBallType : null, playerTwoBallType : null, playerOneEightBall : [  ], playerTwoEightBall : [ 8 ], playerOneWon : true, playerTwoWon : false, numberOfInnings : 0, earlyEight : false, scratchOnEight : false, breakingPlayerStillShooting : true, stripedBallsHitIn : [ 15 ], solidBallsHitIn : [ 1 ], lastBallHitIn : 8, onBreak : true, ended : true }, { playerOneTimeoutsTaken : 1, playerTwoTimeoutsTaken : 1, playerOneEightOnSnap : false, playerOneBreakAndRun : false, playerTwoEightOnSnap : false, playerTwoBreakAndRun : false, playerOneBallType : null, playerTwoBallType : null, playerOneEightBall : [  ], playerTwoEightBall : [ 8 ], playerOneWon : true, playerTwoWon : false, numberOfInnings : 0, earlyEight : false, scratchOnEight : false, breakingPlayerStillShooting : true, stripedBallsHitIn : [ 15 ], solidBallsHitIn : [ 1 ], lastBallHitIn : 8, onBreak : true, ended : true }, { playerOneTimeoutsTaken : 1, playerTwoTimeoutsTaken : 1, playerOneEightOnSnap : false, playerOneBreakAndRun : false, playerTwoEightOnSnap : false, playerTwoBreakAndRun : false, playerOneBallType : null, playerTwoBallType : null, playerOneEightBall : [  ], playerTwoEightBall : [ 8 ], playerOneWon : true, playerTwoWon : false, numberOfInnings : 0, earlyEight : false, scratchOnEight : false, breakingPlayerStillShooting : false, stripedBallsHitIn : [ 15 ], solidBallsHitIn : [ 1 ], lastBallHitIn : 8, onBreak : false, ended : true }, { playerOneTimeoutsTaken : 1, playerTwoTimeoutsTaken : 1, playerOneEightOnSnap : false, playerOneBreakAndRun : false, playerTwoEightOnSnap : false, playerTwoBreakAndRun : false, playerOneBallType : null, playerTwoBallType : null, playerOneEightBall : [  ], playerTwoEightBall : [ 8 ], playerOneWon : true, playerTwoWon : false, numberOfInnings : 0, earlyEight : false, scratchOnEight : false, breakingPlayerStillShooting : false, stripedBallsHitIn : [ 15 ], solidBallsHitIn : [ 1 ], lastBallHitIn : 8, onBreak : false, ended : true }, { playerOneTimeoutsTaken : 1, playerTwoTimeoutsTaken : 1, playerOneEightOnSnap : false, playerOneBreakAndRun : false, playerTwoEightOnSnap : false, playerTwoBreakAndRun : false, playerOneBallType : null, playerTwoBallType : null, playerOneEightBall : [  ], playerTwoEightBall : [ 8 ], playerOneWon : true, playerTwoWon : false, numberOfInnings : 0, earlyEight : false, scratchOnEight : false, breakingPlayerStillShooting : true, stripedBallsHitIn : [ 15 ], solidBallsHitIn : [ 1 ], lastBallHitIn : 7, onBreak : true, ended : true }, { playerOneTimeoutsTaken : 1, playerTwoTimeoutsTaken : 1, playerOneEightOnSnap : false, playerOneBreakAndRun : false, playerTwoEightOnSnap : false, playerTwoBreakAndRun : false, playerOneBallType : null, playerTwoBallType : null, playerOneEightBall : [  ], playerTwoEightBall : [ 8 ], playerOneWon : true, playerTwoWon : false, numberOfInnings : 0, earlyEight : false, scratchOnEight : false, breakingPlayerStillShooting : true, stripedBallsHitIn : [ 15 ], solidBallsHitIn : [ 1 ], lastBallHitIn : 8, onBreak : true, ended : true }, { playerOneTimeoutsTaken : 1, playerTwoTimeoutsTaken : 1, playerOneEightOnSnap : false, playerOneBreakAndRun : false, playerTwoEightOnSnap : false, playerTwoBreakAndRun : false, playerOneBallType : null, playerTwoBallType : null, playerOneEightBall : [  ], playerTwoEightBall : [ 8 ], playerOneWon : true, playerTwoWon : false, numberOfInnings : 0, earlyEight : true, scratchOnEight : false, breakingPlayerStillShooting : false, stripedBallsHitIn : [ 15 ], solidBallsHitIn : [ 1 ], lastBallHitIn : 8, onBreak : false, ended : true }, { playerOneTimeoutsTaken : 1, playerTwoTimeoutsTaken : 1, playerOneEightOnSnap : false, playerOneBreakAndRun : false, playerTwoEightOnSnap : false, playerTwoBreakAndRun : false, playerOneBallType : null, playerTwoBallType : null, playerOneEightBall : [  ], playerTwoEightBall : [ 8 ], playerOneWon : true, playerTwoWon : false, numberOfInnings : 0, earlyEight : false, scratchOnEight : false, breakingPlayerStillShooting : true, stripedBallsHitIn : [ 15 ], solidBallsHitIn : [ 1 ], lastBallHitIn : 8, onBreak : true, ended : true }, { playerOneTimeoutsTaken : 1, playerTwoTimeoutsTaken : 1, playerOneEightOnSnap : false, playerOneBreakAndRun : false, playerTwoEightOnSnap : false, playerTwoBreakAndRun : false, playerOneBallType : null, playerTwoBallType : null, playerOneEightBall : [  ], playerTwoEightBall : [ 8 ], playerOneWon : true, playerTwoWon : false, numberOfInnings : 0, earlyEight : true, scratchOnEight : false, breakingPlayerStillShooting : false, stripedBallsHitIn : [ 15 ], solidBallsHitIn : [ 1 ], lastBallHitIn : 8, onBreak : false, ended : true }, { playerOneTimeoutsTaken : 1, playerTwoTimeoutsTaken : 1, playerOneEightOnSnap : false, playerOneBreakAndRun : false, playerTwoEightOnSnap : false, playerTwoBreakAndRun : false, playerOneBallType : null, playerTwoBallType : null, playerOneEightBall : [  ], playerTwoEightBall : [ 8 ], playerOneWon : true, playerTwoWon : false, numberOfInnings : 0, earlyEight : false, scratchOnEight : false, breakingPlayerStillShooting : true, stripedBallsHitIn : [ 15 ], solidBallsHitIn : [ 1 ], lastBallHitIn : 8, onBreak : true, ended : true }, { playerOneTimeoutsTaken : 1, playerTwoTimeoutsTaken : 1, playerOneEightOnSnap : false, playerOneBreakAndRun : false, playerTwoEightOnSnap : false, playerTwoBreakAndRun : false, playerOneBallType : null, playerTwoBallType : null, playerOneEightBall : [  ], playerTwoEightBall : [ 8 ], playerOneWon : true, playerTwoWon : false, numberOfInnings : 0, earlyEight : true, scratchOnEight : false, breakingPlayerStillShooting : false, stripedBallsHitIn : [ 15 ], solidBallsHitIn : [ 1 ], lastBallHitIn : 8, onBreak : false, ended : true }, { playerOneTimeoutsTaken : 1, playerTwoTimeoutsTaken : 1, playerOneEightOnSnap : false, playerOneBreakAndRun : false, playerTwoEightOnSnap : false, playerTwoBreakAndRun : false, playerOneBallType : null, playerTwoBallType : null, playerOneEightBall : [  ], playerTwoEightBall : [ 8 ], playerOneWon : true, playerTwoWon : false, numberOfInnings : 0, earlyEight : true, scratchOnEight : false, breakingPlayerStillShooting : false, stripedBallsHitIn : [ 15 ], solidBallsHitIn : [ 1 ], lastBallHitIn : 8, onBreak : false, ended : true } ].">Expected [ { playerOneTimeoutsTaken : 2, playerTwoTimeoutsTaken : 1, playerOneEightOnSnap : false, playerOneBreakAndRun : false, playerTwoEightOnSnap : false, playerTwoBreakAndRun : false, playerOneBallType : null, playerTwoBallType : null, playerOneEightBall : [  ], playerTwoEightBall : [ 8 ], playerOneWon : true, playerTwoWon : false, numberOfInnings : 0, earlyEight : false, scratchOnEight : false, breakingPlayerStillShooting : true, stripedBallsHitIn : [ 15 ], solidBallsHitIn : [ 1 ], lastBallHitIn : 8, onBreak : true, ended : true }, { playerOneTimeoutsTaken : 2, playerTwoTimeoutsTaken : 1, playerOneEightOnSnap : false, playerOneBreakAndRun : false, playerTwoEightOnSnap : false, playerTwoBreakAndRun : false, playerOneBallType : null, playerTwoBallType : null, playerOneEightBall : [  ], playerTwoEightBall : [ 8 ], playerOneWon : true, playerTwoWon : false, numberOfInnings : 0, earlyEight : false, scratchOnEight : false, breakingPlayerStillShooting : true, stripedBallsHitIn : [ 15 ], solidBallsHitIn : [ 1 ], lastBallHitIn : 8, onBreak : true, ended : true }, { playerOneTimeoutsTaken : 2, playerTwoTimeoutsTaken : 1, playerOneEightOnSnap : false, playerOneBreakAndRun : false, playerTwoEightOnSnap : false, playerTwoBreakAndRun : false, playerOneBallType : null, playerTwoBallType : null, playerOneEightBall : [  ], playerTwoEightBall : [ 8 ], playerOneWon : true, playerTwoWon : false, numberOfInnings : 0, earlyEight : false, scratchOnEight : false, breakingPlayerStillShooting : true, stripedBallsHitIn : [ 15 ], solidBallsHitIn : [ 1 ], lastBallHitIn : 8, onBreak : true, ended : true }, { playerOneTimeoutsTaken : 2, playerTwoTimeoutsTaken : 1, playerOneEightOnSnap : false, playerOneBreakAndRun : false, playerTwoEightOnSnap : false, playerTwoBreakAndRun : false, playerOneBallType : null, playerTwoBallType : null, playerOneEightBall : [  ], playerTwoEightBall : [ 8 ], playerOneWon : true, playerTwoWon : false, numberOfInnings : 0, earlyEight : false, scratchOnEight : false, breakingPlayerStillShooting : false, stripedBallsHitIn : [ 15 ], solidBallsHitIn : [ 1 ], lastBallHitIn : 8, onBreak : false, ended : true }, { playerOneTimeoutsTaken : 2, playerTwoTimeoutsTaken : 1, playerOneEightOnSnap : false, playerOneBreakAndRun : false, playerTwoEightOnSnap : false, playerTwoBreakAndRun : false, playerOneBallType : null, playerTwoBallType : null, playerOneEightBall : [  ], playerTwoEightBall : [ 8 ], playerOneWon : true, playerTwoWon : false, numberOfInnings : 0, earlyEight : false, scratchOnEight : false, breakingPlayerStillShooting : false, stripedBallsHitIn : [ 15 ], solidBallsHitIn : [ 1 ], lastBallHitIn : 8, onBreak : false, ended : true }, { playerOneTimeoutsTaken : 2, playerTwoTimeoutsTaken : 1, playerOneEightOnSnap : false, playerOneBreakAndRun : false, playerTwoEightOnSnap : false, playerTwoBreakAndRun : false, playerOneBallType : null, playerTwoBallType : null, playerOneEightBall : [  ], playerTwoEightBall : [ 8 ], playerOneWon : true, playerTwoWon : false, numberOfInnings : 0, earlyEight : false, scratchOnEight : false, breakingPlayerStillShooting : true, stripedBallsHitIn : [ 15 ], solidBallsHitIn : [ 1 ], lastBallHitIn : 7, onBreak : true, ended : true }, { playerOneTimeoutsTaken : 2, playerTwoTimeoutsTaken : 1, playerOneEightOnSnap : false, playerOneBreakAndRun : false, playerTwoEightOnSnap : false, playerTwoBreakAndRun : false, playerOneBallType : null, playerTwoBallType : null, playerOneEightBall : [  ], playerTwoEightBall : [ 8 ], playerOneWon : true, playerTwoWon : false, numberOfInnings : 0, earlyEight : false, scratchOnEight : false, breakingPlayerStillShooting : true, stripedBallsHitIn : [ 15 ], solidBallsHitIn : [ 1 ], lastBallHitIn : 8, onBreak : true, ended : true }, { playerOneTimeoutsTaken : 2, playerTwoTimeoutsTaken : 1, playerOneEightOnSnap : false, playerOneBreakAndRun : false, playerTwoEightOnSnap : false, playerTwoBreakAndRun : false, playerOneBallType : null, playerTwoBallType : null, playerOneEightBall : [  ], playerTwoEightBall : [ 8 ], playerOneWon : true, playerTwoWon : false, numberOfInnings : 0, earlyEight : true, scratchOnEight : false, breakingPlayerStillShooting : false, stripedBallsHitIn : [ 15 ], solidBallsHitIn : [ 1 ], lastBallHitIn : 8, onBreak : false, ended : true }, { playerOneTimeoutsTaken : 2, playerTwoTimeoutsTaken : 1, playerOneEightOnSnap : false, playerOneBreakAndRun : false, playerTwoEightOnSnap : false, playerTwoBreakAndRun : false, playerOneBallType : null, playerTwoBallType : null, playerOneEightBall : [  ], playerTwoEightBall : [ 8 ], playerOneWon : true, playerTwoWon : false, numberOfInnings : 0, earlyEight : false, scratchOnEight : false, breakingPlayerStillShooting : true, stripedBallsHitIn : [ 15 ], solidBallsHitIn : [ 1 ], lastBallHitIn : 8, onBreak : true, ended : true }, { playerOneTimeoutsTaken : 2, playerTwoTimeoutsTaken : 1, playerOneEightOnSnap : false, playerOneBreakAndRun : false, playerTwoEightOnSnap : false, playerTwoBreakAndRun : false, playerOneBallType : null, playerTwoBallType : null, playerOneEightBall : [  ], playerTwoEightBall : [ 8 ], playerOneWon : true, playerTwoWon : false, numberOfInnings : 0, earlyEight : true, scratchOnEight : false, breakingPlayerStillShooting : false, stripedBallsHitIn : [ 15 ], solidBallsHitIn : [ 1 ], lastBallHitIn : 8, onBreak : false, ended : true }, { playerOneTimeoutsTaken : 2, playerTwoTimeoutsTaken : 1, playerOneEightOnSnap : false, playerOneBreakAndRun : false, playerTwoEightOnSnap : false, playerTwoBreakAndRun : false, playerOneBallType : null, playerTwoBallType : null, playerOneEightBall : [  ], playerTwoEightBall : [ 8 ], playerOneWon : true, playerTwoWon : false, numberOfInnings : 0, earlyEight : false, scratchOnEight : false, breakingPlayerStillShooting : true, stripedBallsHitIn : [ 15 ], solidBallsHitIn : [ 1 ], lastBallHitIn : 8, onBreak : true, ended : true }, { playerOneTimeoutsTaken : 2, playerTwoTimeoutsTaken : 1, playerOneEightOnSnap : false, playerOneBreakAndRun : false, playerTwoEightOnSnap : false, playerTwoBreakAndRun : false, playerOneBallType : null, playerTwoBallType : null, playerOneEightBall : [  ], playerTwoEightBall : [ 8 ], playerOneWon : true, playerTwoWon : false, numberOfInnings : 0, earlyEight : true, scratchOnEight : false, breakingPlayerStillShooting : false, stripedBallsHitIn : [ 15 ], solidBallsHitIn : [ 1 ], lastBallHitIn : 8, onBreak : false, ended : true }, { playerOneTimeoutsTaken : 2, playerTwoTimeoutsTaken : 1, playerOneEightOnSnap : false, playerOneBreakAndRun : false, playerTwoEightOnSnap : false, playerTwoBreakAndRun : false, playerOneBallType : null, playerTwoBallType : null, playerOneEightBall : [  ], playerTwoEightBall : [ 8 ], playerOneWon : true, playerTwoWon : false, numberOfInnings : 0, earlyEight : true, scratchOnEight : false, breakingPlayerStillShooting : false, stripedBallsHitIn : [ 15 ], solidBallsHitIn : [ 1 ], lastBallHitIn : 8, onBreak : false, ended : true } ] to equal [ { playerOneTimeoutsTaken : 1, playerTwoTimeoutsTaken : 1, playerOneEightOnSnap : false, playerOneBreakAndRun : false, playerTwoEightOnSnap : false, playerTwoBreakAndRun : false, playerOneBallType : null, playerTwoBallType : null, playerOneEightBall : [  ], playerTwoEightBall : [ 8 ], playerOneWon : true, playerTwoWon : false, numberOfInnings : 0, earlyEight : false, scratchOnEight : false, breakingPlayerStillShooting : true, stripedBallsHitIn : [ 15 ], solidBallsHitIn : [ 1 ], lastBallHitIn : 8, onBreak : true, ended : true }, { playerOneTimeoutsTaken : 1, playerTwoTimeoutsTaken : 1, playerOneEightOnSnap : false, playerOneBreakAndRun : false, playerTwoEightOnSnap : false, playerTwoBreakAndRun : false, playerOneBallType : null, playerTwoBallType : null, playerOneEightBall : [  ], playerTwoEightBall : [ 8 ], playerOneWon : true, playerTwoWon : false, numberOfInnings : 0, earlyEight : false, scratchOnEight : false, breakingPlayerStillShooting : true, stripedBallsHitIn : [ 15 ], solidBallsHitIn : [ 1 ], lastBallHitIn : 8, onBreak : true, ended : true }, { playerOneTimeoutsTaken : 1, playerTwoTimeoutsTaken : 1, playerOneEightOnSnap : false, playerOneBreakAndRun : false, playerTwoEightOnSnap : false, playerTwoBreakAndRun : false, playerOneBallType : null, playerTwoBallType : null, playerOneEightBall : [  ], playerTwoEightBall : [ 8 ], playerOneWon : true, playerTwoWon : false, numberOfInnings : 0, earlyEight : false, scratchOnEight : false, breakingPlayerStillShooting : false, stripedBallsHitIn : [ 15 ], solidBallsHitIn : [ 1 ], lastBallHitIn : 8, onBreak : false, ended : true }, { playerOneTimeoutsTaken : 1, playerTwoTimeoutsTaken : 1, playerOneEightOnSnap : false, playerOneBreakAndRun : false, playerTwoEightOnSnap : false, playerTwoBreakAndRun : false, playerOneBallType : null, playerTwoBallType : null, playerOneEightBall : [  ], playerTwoEightBall : [ 8 ], playerOneWon : true, playerTwoWon : false, numberOfInnings : 0, earlyEight : false, scratchOnEight : false, breakingPlayerStillShooting : false, stripedBallsHitIn : [ 15 ], solidBallsHitIn : [ 1 ], lastBallHitIn : 8, onBreak : false, ended : true }, { playerOneTimeoutsTaken : 1, playerTwoTimeoutsTaken : 1, playerOneEightOnSnap : false, playerOneBreakAndRun : false, playerTwoEightOnSnap : false, playerTwoBreakAndRun : false, playerOneBallType : null, playerTwoBallType : null, playerOneEightBall : [  ], playerTwoEightBall : [ 8 ], playerOneWon : true, playerTwoWon : false, numberOfInnings : 0, earlyEight : false, scratchOnEight : false, breakingPlayerStillShooting : true, stripedBallsHitIn : [ 15 ], solidBallsHitIn : [ 1 ], lastBallHitIn : 7, onBreak : true, ended : true }, { playerOneTimeoutsTaken : 1, playerTwoTimeoutsTaken : 1, playerOneEightOnSnap : false, playerOneBreakAndRun : false, playerTwoEightOnSnap : false, playerTwoBreakAndRun : false, playerOneBallType : null, playerTwoBallType : null, playerOneEightBall : [  ], playerTwoEightBall : [ 8 ], playerOneWon : true, playerTwoWon : false, numberOfInnings : 0, earlyEight : false, scratchOnEight : false, breakingPlayerStillShooting : true, stripedBallsHitIn : [ 15 ], solidBallsHitIn : [ 1 ], lastBallHitIn : 8, onBreak : true, ended : true }, { playerOneTimeoutsTaken : 1, playerTwoTimeoutsTaken : 1, playerOneEightOnSnap : false, playerOneBreakAndRun : false, playerTwoEightOnSnap : false, playerTwoBreakAndRun : false, playerOneBallType : null, playerTwoBallType : null, playerOneEightBall : [  ], playerTwoEightBall : [ 8 ], playerOneWon : true, playerTwoWon : false, numberOfInnings : 0, earlyEight : true, scratchOnEight : false, breakingPlayerStillShooting : false, stripedBallsHitIn : [ 15 ], solidBallsHitIn : [ 1 ], lastBallHitIn : 8, onBreak : false, ended : true }, { playerOneTimeoutsTaken : 1, playerTwoTimeoutsTaken : 1, playerOneEightOnSnap : false, playerOneBreakAndRun : false, playerTwoEightOnSnap : false, playerTwoBreakAndRun : false, playerOneBallType : null, playerTwoBallType : null, playerOneEightBall : [  ], playerTwoEightBall : [ 8 ], playerOneWon : true, playerTwoWon : false, numberOfInnings : 0, earlyEight : false, scratchOnEight : false, breakingPlayerStillShooting : true, stripedBallsHitIn : [ 15 ], solidBallsHitIn : [ 1 ], lastBallHitIn : 8, onBreak : true, ended : true }, { playerOneTimeoutsTaken : 1, playerTwoTimeoutsTaken : 1, playerOneEightOnSnap : false, playerOneBreakAndRun : false, playerTwoEightOnSnap : false, playerTwoBreakAndRun : false, playerOneBallType : null, playerTwoBallType : null, playerOneEightBall : [  ], playerTwoEightBall : [ 8 ], playerOneWon : true, playerTwoWon : false, numberOfInnings : 0, earlyEight : true, scratchOnEight : false, breakingPlayerStillShooting : false, stripedBallsHitIn : [ 15 ], solidBallsHitIn : [ 1 ], lastBallHitIn : 8, onBreak : false, ended : true }, { playerOneTimeoutsTaken : 1, playerTwoTimeoutsTaken : 1, playerOneEightOnSnap : false, playerOneBreakAndRun : false, playerTwoEightOnSnap : false, playerTwoBreakAndRun : false, playerOneBallType : null, playerTwoBallType : null, playerOneEightBall : [  ], playerTwoEightBall : [ 8 ], playerOneWon : true, playerTwoWon : false, numberOfInnings : 0, earlyEight : false, scratchOnEight : false, breakingPlayerStillShooting : true, stripedBallsHitIn : [ 15 ], solidBallsHitIn : [ 1 ], lastBallHitIn : 8, onBreak : true, ended : true }, { playerOneTimeoutsTaken : 1, playerTwoTimeoutsTaken : 1, playerOneEightOnSnap : false, playerOneBreakAndRun : false, playerTwoEightOnSnap : false, playerTwoBreakAndRun : false, playerOneBallType : null, playerTwoBallType : null, playerOneEightBall : [  ], playerTwoEightBall : [ 8 ], playerOneWon : true, playerTwoWon : false, numberOfInnings : 0, earlyEight : true, scratchOnEight : false, breakingPlayerStillShooting : false, stripedBallsHitIn : [ 15 ], solidBallsHitIn : [ 1 ], lastBallHitIn : 8, onBreak : false, ended : true }, { playerOneTimeoutsTaken : 1, playerTwoTimeoutsTaken : 1, playerOneEightOnSnap : false, playerOneBreakAndRun : false, playerTwoEightOnSnap : false, playerTwoBreakAndRun : false, playerOneBallType : null, playerTwoBallType : null, playerOneEightBall : [  ], playerTwoEightBall : [ 8 ], playerOneWon : true, playerTwoWon : false, numberOfInnings : 0, earlyEight : true, scratchOnEight : false, breakingPlayerStillShooting : false, stripedBallsHitIn : [ 15 ], solidBallsHitIn : [ 1 ], lastBallHitIn : 8, onBreak : false, ended : true } ].</error></testcase><testcase classname="jasmine" name="Eight Ball Match toJSON/fromJSON should be able to take a Player JSON and fill a Player object and return it" time="0.0" failure="false"/><testcase classname="jasmine" name="Eight Ball Match toJSON/fromJSON should be able to take a Match JSON and fill its values" time="0.0" failure="false"/><testcase classname="jasmine" name="Eight Ball Match toJSON/fromJSON should be able to take a completedGames JSON array and convert it to JS Array with Objects" time="0.0" failure="false"/><testcase classname="jasmine" name="Eight Ball Player Constructor should be able to create a new Player" time="0.0" failure="false"/><testcase classname="jasmine" name="Eight Ball Player Constructor should contain default attributes" time="0.0" failure="false"/><testcase classname="jasmine" name="Eight Ball Player Constructor should store the parameters" time="0.0" failure="false"/><testcase classname="jasmine" name="Eight Ball Player Scoring should have games won" time="0.0" failure="false"/><testcase classname="jasmine" name="Eight Ball Player Scoring should be able to return a string of the games needed to win" time="0.0" failure="false"/><testcase classname="jasmine" name="Eight Ball Player Scoring should be able to add a game win to total games won" time="0.0" failure="false"/><testcase classname="jasmine" name="Eight Ball Player Scoring should keep track of safeties" time="0.0" failure="false"/><testcase classname="jasmine" name="Eight Ball Player Scoring should be able to add 1 to safeties" time="0.0" failure="false"/><testcase classname="jasmine" name="Eight Ball Player Scoring should be able to keep track of number of 8 on snap" time="0.0" failure="false"/><testcase classname="jasmine" name="Eight Ball Player Scoring should be able to keep track of number of break and run" time="0.0" failure="false"/><testcase classname="jasmine" name="Eight Ball Player Scoring should be able to add one to number of 8 on snap" time="0.0" failure="false"/><testcase classname="jasmine" name="Eight Ball Player Scoring should be able add one to break and run" time="0.0" failure="false"/><testcase classname="jasmine" name="Eight Ball Player Scoring should return the Score as a string" time="0.0" failure="false"/><testcase classname="jasmine" name="Eight Ball Player Scoring should return Nine On Snap as a string" time="0.0" failure="false"/><testcase classname="jasmine" name="Eight Ball Player Scoring should return Break And Runs as a string" time="0.0" failure="false"/><testcase classname="jasmine" name="Eight Ball Player Scoring should be able to hold Timeouts Allowed" time="0.0" failure="false"/><testcase classname="jasmine" name="Eight Ball Player Scoring should be able to store gamesNeededToWin" time="0.0" failure="false"/><testcase classname="jasmine" name="Eight Ball Player Innings should be able to keep track if it is the currently up player" time="0.0" failure="false"/><testcase classname="jasmine" name="Eight Ball Player Innings should be able to set currently up to true or false" time="0.0" failure="false"/><testcase classname="jasmine" name="Eight Ball Player Player Details should be able to return first name and last name as initial" time="0.0" failure="false"/><testcase classname="jasmine" name="Eight Ball Player Player Details should return just the first name if no last name is defined" time="0.0" failure="false"/><testcase classname="jasmine" name="Eight Ball Player Player Details should be able to return the full name of player" time="0.0" failure="false"/><testcase classname="jasmine" name="Eight Ball Player Player Details should be able to return the rank of the player" time="0.0" failure="false"/><testcase classname="jasmine" name="Eight Ball Player Player Details should be able to return the player number" time="0.0" failure="false"/><testcase classname="jasmine" name="Eight Ball Player Player Details should know if the player is a captain" time="0.0" failure="false"/><testcase classname="jasmine" name="Eight Ball Player toJSON/fromJSON should be able to take a new Player and turn it into a JSON object" time="0.0" failure="false"/><testcase classname="jasmine" name="Eight Ball Player toJSON/fromJSON should be able to take a Player with all variables filled and turn it into a JSON object" time="0.0" failure="false"/><testcase classname="jasmine" name="Eight Ball Player toJSON/fromJSON should be able to take a Player JSON and fill a Player object with it" time="0.0" failure="false"/><testcase classname="jasmine" name="Eight Ball Ranks Scoring should return the correct games needed to win for each model" time="0.0" failure="false"/><testcase classname="jasmine" name="Eight Ball Ranks Scoring should be able to return the number of timeouts based on model" time="0.0" failure="false"/><testcase classname="jasmine" name="Game Constructor should be able to create a new Game" time="0.0" failure="false"/><testcase classname="jasmine" name="Game Constructor should contain default attributes" time="0.0" failure="false"/><testcase classname="jasmine" name="Game Constructor should store the parameters" time="0.0" failure="false"/><testcase classname="jasmine" name="League Constructor should be able to create a new League" time="0.0" failure="false"/><testcase classname="jasmine" name="League Constructor should contain default attributes" time="0.0" failure="false"/><testcase classname="jasmine" name="League Constructor should store the parameters" time="0.0" failure="false"/><testcase classname="jasmine" name="Nine Ball Game Scoring should be able to keep track of 2 Players scores" time="0.0" failure="true"><error type="expect.undefined" message="ReferenceError: &quot;NineBallPlayer&quot; is not defined. in file:/Users/levid/Mobile/development/projects/CueScore/target/jasmine/spec/nine_ball/nine_ball_game_spec.js (line 12)TypeError: Cannot read property &quot;PlayerOneScore&quot; from undefined in file:/Users/levid/Mobile/development/projects/CueScore/target/jasmine/spec/nine_ball/nine_ball_game_spec.js (line 23)">ReferenceError: &quot;NineBallPlayer&quot; is not defined. in file:/Users/levid/Mobile/development/projects/CueScore/target/jasmine/spec/nine_ball/nine_ball_game_spec.js (line 12)TypeError: Cannot read property &quot;PlayerOneScore&quot; from undefined in file:/Users/levid/Mobile/development/projects/CueScore/target/jasmine/spec/nine_ball/nine_ball_game_spec.js (line 23)</error></testcase><testcase classname="jasmine" name="Nine Ball Game Scoring should be able to take a ball number 1-8 and score it correctly" time="0.0" failure="true"><error type="expect.undefined" message="ReferenceError: &quot;NineBallPlayer&quot; is not defined. in file:/Users/levid/Mobile/development/projects/CueScore/target/jasmine/spec/nine_ball/nine_ball_game_spec.js (line 12)TypeError: Cannot call method &quot;scoreBall&quot; of undefined in file:/Users/levid/Mobile/development/projects/CueScore/target/jasmine/spec/nine_ball/nine_ball_game_spec.js (line 27)">ReferenceError: &quot;NineBallPlayer&quot; is not defined. in file:/Users/levid/Mobile/development/projects/CueScore/target/jasmine/spec/nine_ball/nine_ball_game_spec.js (line 12)TypeError: Cannot call method &quot;scoreBall&quot; of undefined in file:/Users/levid/Mobile/development/projects/CueScore/target/jasmine/spec/nine_ball/nine_ball_game_spec.js (line 27)</error></testcase><testcase classname="jasmine" name="Nine Ball Game Scoring should be able to take ball number 9 and score it correctly" time="0.0" failure="true"><error type="expect.undefined" message="ReferenceError: &quot;NineBallPlayer&quot; is not defined. in file:/Users/levid/Mobile/development/projects/CueScore/target/jasmine/spec/nine_ball/nine_ball_game_spec.js (line 12)TypeError: Cannot call method &quot;scoreBall&quot; of undefined in file:/Users/levid/Mobile/development/projects/CueScore/target/jasmine/spec/nine_ball/nine_ball_game_spec.js (line 35)">ReferenceError: &quot;NineBallPlayer&quot; is not defined. in file:/Users/levid/Mobile/development/projects/CueScore/target/jasmine/spec/nine_ball/nine_ball_game_spec.js (line 12)TypeError: Cannot call method &quot;scoreBall&quot; of undefined in file:/Users/levid/Mobile/development/projects/CueScore/target/jasmine/spec/nine_ball/nine_ball_game_spec.js (line 35)</error></testcase><testcase classname="jasmine" name="Nine Ball Game Scoring should add 1 to currently up player's total score, when it adds 1 to game score" time="0.0" failure="true"><error type="expect.undefined" message="ReferenceError: &quot;NineBallPlayer&quot; is not defined. in file:/Users/levid/Mobile/development/projects/CueScore/target/jasmine/spec/nine_ball/nine_ball_game_spec.js (line 12)TypeError: Cannot call method &quot;scoreBall&quot; of undefined in file:/Users/levid/Mobile/development/projects/CueScore/target/jasmine/spec/nine_ball/nine_ball_game_spec.js (line 39)">ReferenceError: &quot;NineBallPlayer&quot; is not defined. in file:/Users/levid/Mobile/development/projects/CueScore/target/jasmine/spec/nine_ball/nine_ball_game_spec.js (line 12)TypeError: Cannot call method &quot;scoreBall&quot; of undefined in file:/Users/levid/Mobile/development/projects/CueScore/target/jasmine/spec/nine_ball/nine_ball_game_spec.js (line 39)</error></testcase><testcase classname="jasmine" name="Nine Ball Game Scoring should only allow each ball to be scored/deadball one time" time="0.0" failure="true"><error type="expect.undefined" message="ReferenceError: &quot;NineBallPlayer&quot; is not defined. in file:/Users/levid/Mobile/development/projects/CueScore/target/jasmine/spec/nine_ball/nine_ball_game_spec.js (line 12)TypeError: Cannot read property &quot;Score&quot; from undefined in file:/Users/levid/Mobile/development/projects/CueScore/target/jasmine/spec/nine_ball/nine_ball_game_spec.js (line 47)">ReferenceError: &quot;NineBallPlayer&quot; is not defined. in file:/Users/levid/Mobile/development/projects/CueScore/target/jasmine/spec/nine_ball/nine_ball_game_spec.js (line 12)TypeError: Cannot read property &quot;Score&quot; from undefined in file:/Users/levid/Mobile/development/projects/CueScore/target/jasmine/spec/nine_ball/nine_ball_game_spec.js (line 47)</error></testcase><testcase classname="jasmine" name="Nine Ball Game Innings should keep track of the number of innings" time="0.0" failure="true"><error type="expect.undefined" message="ReferenceError: &quot;NineBallPlayer&quot; is not defined. in file:/Users/levid/Mobile/development/projects/CueScore/target/jasmine/spec/nine_ball/nine_ball_game_spec.js (line 12)TypeError: Cannot read property &quot;NumberOfInnings&quot; from undefined in file:/Users/levid/Mobile/development/projects/CueScore/target/jasmine/spec/nine_ball/nine_ball_game_spec.js (line 58)">ReferenceError: &quot;NineBallPlayer&quot; is not defined. in file:/Users/levid/Mobile/development/projects/CueScore/target/jasmine/spec/nine_ball/nine_ball_game_spec.js (line 12)TypeError: Cannot read property &quot;NumberOfInnings&quot; from undefined in file:/Users/levid/Mobile/development/projects/CueScore/target/jasmine/spec/nine_ball/nine_ball_game_spec.js (line 58)</error></testcase><testcase classname="jasmine" name="Nine Ball Game Innings should be able to add 1 to the number of innings" time="0.0" failure="true"><error type="expect.undefined" message="ReferenceError: &quot;NineBallPlayer&quot; is not defined. in file:/Users/levid/Mobile/development/projects/CueScore/target/jasmine/spec/nine_ball/nine_ball_game_spec.js (line 12)TypeError: Cannot call method &quot;addOneToNumberOfInnings&quot; of undefined in file:/Users/levid/Mobile/development/projects/CueScore/target/jasmine/spec/nine_ball/nine_ball_game_spec.js (line 61)">ReferenceError: &quot;NineBallPlayer&quot; is not defined. in file:/Users/levid/Mobile/development/projects/CueScore/target/jasmine/spec/nine_ball/nine_ball_game_spec.js (line 12)TypeError: Cannot call method &quot;addOneToNumberOfInnings&quot; of undefined in file:/Users/levid/Mobile/development/projects/CueScore/target/jasmine/spec/nine_ball/nine_ball_game_spec.js (line 61)</error></testcase><testcase classname="jasmine" name="Nine Ball Game Innings should be able to add 1 to the innings when player2's turn is over" time="0.0" failure="true"><error type="expect.undefined" message="ReferenceError: &quot;NineBallPlayer&quot; is not defined. in file:/Users/levid/Mobile/development/projects/CueScore/target/jasmine/spec/nine_ball/nine_ball_game_spec.js (line 12)TypeError: Cannot read property &quot;NumberOfInnings&quot; from undefined in file:/Users/levid/Mobile/development/projects/CueScore/target/jasmine/spec/nine_ball/nine_ball_game_spec.js (line 65)">ReferenceError: &quot;NineBallPlayer&quot; is not defined. in file:/Users/levid/Mobile/development/projects/CueScore/target/jasmine/spec/nine_ball/nine_ball_game_spec.js (line 12)TypeError: Cannot read property &quot;NumberOfInnings&quot; from undefined in file:/Users/levid/Mobile/development/projects/CueScore/target/jasmine/spec/nine_ball/nine_ball_game_spec.js (line 65)</error></testcase><testcase classname="jasmine" name="Nine Ball Game Game Ending should be able to be ended" time="0.0" failure="true"><error type="expect.undefined" message="ReferenceError: &quot;NineBallPlayer&quot; is not defined. in file:/Users/levid/Mobile/development/projects/CueScore/target/jasmine/spec/nine_ball/nine_ball_game_spec.js (line 12)TypeError: Cannot read property &quot;Ended&quot; from undefined in file:/Users/levid/Mobile/development/projects/CueScore/target/jasmine/spec/nine_ball/nine_ball_game_spec.js (line 75)">ReferenceError: &quot;NineBallPlayer&quot; is not defined. in file:/Users/levid/Mobile/development/projects/CueScore/target/jasmine/spec/nine_ball/nine_ball_game_spec.js (line 12)TypeError: Cannot read property &quot;Ended&quot; from undefined in file:/Users/levid/Mobile/development/projects/CueScore/target/jasmine/spec/nine_ball/nine_ball_game_spec.js (line 75)</error></testcase><testcase classname="jasmine" name="Nine Ball Game Game Ending should know when the match is completed with 1 point and end the game" time="0.0" failure="true"><error type="expect.undefined" message="ReferenceError: &quot;NineBallPlayer&quot; is not defined. in file:/Users/levid/Mobile/development/projects/CueScore/target/jasmine/spec/nine_ball/nine_ball_game_spec.js (line 12)ReferenceError: &quot;NineBallPlayer&quot; is not defined. in file:/Users/levid/Mobile/development/projects/CueScore/target/jasmine/spec/nine_ball/nine_ball_game_spec.js (line 80)">ReferenceError: &quot;NineBallPlayer&quot; is not defined. in file:/Users/levid/Mobile/development/projects/CueScore/target/jasmine/spec/nine_ball/nine_ball_game_spec.js (line 12)ReferenceError: &quot;NineBallPlayer&quot; is not defined. in file:/Users/levid/Mobile/development/projects/CueScore/target/jasmine/spec/nine_ball/nine_ball_game_spec.js (line 80)</error></testcase><testcase classname="jasmine" name="Nine Ball Game Game Ending should know when the match is completed with 2 points and end the game" time="0.0" failure="true"><error type="expect.undefined" message="ReferenceError: &quot;NineBallPlayer&quot; is not defined. in file:/Users/levid/Mobile/development/projects/CueScore/target/jasmine/spec/nine_ball/nine_ball_game_spec.js (line 12)TypeError: Cannot call method &quot;scoreBall&quot; of undefined in file:/Users/levid/Mobile/development/projects/CueScore/target/jasmine/spec/nine_ball/nine_ball_game_spec.js (line 97)">ReferenceError: &quot;NineBallPlayer&quot; is not defined. in file:/Users/levid/Mobile/development/projects/CueScore/target/jasmine/spec/nine_ball/nine_ball_game_spec.js (line 12)TypeError: Cannot call method &quot;scoreBall&quot; of undefined in file:/Users/levid/Mobile/development/projects/CueScore/target/jasmine/spec/nine_ball/nine_ball_game_spec.js (line 97)</error></testcase><testcase classname="jasmine" name="Nine Ball Game Game Ending should execute matchEndedCallBack if match is completed" time="0.0" failure="true"><error type="expect.undefined" message="ReferenceError: &quot;NineBallPlayer&quot; is not defined. in file:/Users/levid/Mobile/development/projects/CueScore/target/jasmine/spec/nine_ball/nine_ball_game_spec.js (line 12)ReferenceError: &quot;NineBallPlayer&quot; is not defined. in file:/Users/levid/Mobile/development/projects/CueScore/target/jasmine/spec/nine_ball/nine_ball_game_spec.js (line 105)">ReferenceError: &quot;NineBallPlayer&quot; is not defined. in file:/Users/levid/Mobile/development/projects/CueScore/target/jasmine/spec/nine_ball/nine_ball_game_spec.js (line 12)ReferenceError: &quot;NineBallPlayer&quot; is not defined. in file:/Users/levid/Mobile/development/projects/CueScore/target/jasmine/spec/nine_ball/nine_ball_game_spec.js (line 105)</error></testcase><testcase classname="jasmine" name="Nine Ball Game Game Ending should set all balls left on the table to deadballs and end the game if the Nine ball is hit in before the table is cleared" time="0.0" failure="true"><error type="expect.undefined" message="ReferenceError: &quot;NineBallPlayer&quot; is not defined. in file:/Users/levid/Mobile/development/projects/CueScore/target/jasmine/spec/nine_ball/nine_ball_game_spec.js (line 12)TypeError: Cannot call method &quot;scoreBall&quot; of undefined in file:/Users/levid/Mobile/development/projects/CueScore/target/jasmine/spec/nine_ball/nine_ball_game_spec.js (line 118)">ReferenceError: &quot;NineBallPlayer&quot; is not defined. in file:/Users/levid/Mobile/development/projects/CueScore/target/jasmine/spec/nine_ball/nine_ball_game_spec.js (line 12)TypeError: Cannot call method &quot;scoreBall&quot; of undefined in file:/Users/levid/Mobile/development/projects/CueScore/target/jasmine/spec/nine_ball/nine_ball_game_spec.js (line 118)</error></testcase><testcase classname="jasmine" name="Nine Ball Game Player Timeouts should allow the currentplayer to be able to take a timeout" time="0.0" failure="true"><error type="expect.undefined" message="ReferenceError: &quot;NineBallPlayer&quot; is not defined. in file:/Users/levid/Mobile/development/projects/CueScore/target/jasmine/spec/nine_ball/nine_ball_game_spec.js (line 12)TypeError: Cannot call method &quot;getCurrentPlayerRemainingTimeouts&quot; of undefined in file:/Users/levid/Mobile/development/projects/CueScore/target/jasmine/spec/nine_ball/nine_ball_game_spec.js (line 133)">ReferenceError: &quot;NineBallPlayer&quot; is not defined. in file:/Users/levid/Mobile/development/projects/CueScore/target/jasmine/spec/nine_ball/nine_ball_game_spec.js (line 12)TypeError: Cannot call method &quot;getCurrentPlayerRemainingTimeouts&quot; of undefined in file:/Users/levid/Mobile/development/projects/CueScore/target/jasmine/spec/nine_ball/nine_ball_game_spec.js (line 133)</error></testcase><testcase classname="jasmine" name="Nine Ball Game Player Timeouts should not allow the current player to take more time outs than given" time="0.0" failure="true"><error type="expect.undefined" message="ReferenceError: &quot;NineBallPlayer&quot; is not defined. in file:/Users/levid/Mobile/development/projects/CueScore/target/jasmine/spec/nine_ball/nine_ball_game_spec.js (line 12)TypeError: Cannot call method &quot;getCurrentPlayerRemainingTimeouts&quot; of undefined in file:/Users/levid/Mobile/development/projects/CueScore/target/jasmine/spec/nine_ball/nine_ball_game_spec.js (line 138)">ReferenceError: &quot;NineBallPlayer&quot; is not defined. in file:/Users/levid/Mobile/development/projects/CueScore/target/jasmine/spec/nine_ball/nine_ball_game_spec.js (line 12)TypeError: Cannot call method &quot;getCurrentPlayerRemainingTimeouts&quot; of undefined in file:/Users/levid/Mobile/development/projects/CueScore/target/jasmine/spec/nine_ball/nine_ball_game_spec.js (line 138)</error></testcase><testcase classname="jasmine" name="Nine Ball Game Player Timeouts should be able to return the current player's remaining number of timeouts" time="0.0" failure="true"><error type="expect.undefined" message="ReferenceError: &quot;NineBallPlayer&quot; is not defined. in file:/Users/levid/Mobile/development/projects/CueScore/target/jasmine/spec/nine_ball/nine_ball_game_spec.js (line 12)TypeError: Cannot call method &quot;getCurrentPlayerRemainingTimeouts&quot; of undefined in file:/Users/levid/Mobile/development/projects/CueScore/target/jasmine/spec/nine_ball/nine_ball_game_spec.js (line 146)">ReferenceError: &quot;NineBallPlayer&quot; is not defined. in file:/Users/levid/Mobile/development/projects/CueScore/target/jasmine/spec/nine_ball/nine_ball_game_spec.js (line 12)TypeError: Cannot call method &quot;getCurrentPlayerRemainingTimeouts&quot; of undefined in file:/Users/levid/Mobile/development/projects/CueScore/target/jasmine/spec/nine_ball/nine_ball_game_spec.js (line 146)</error></testcase><testcase classname="jasmine" name="Nine Ball Game Deadballs should be able to keep track of DeadBalls" time="0.0" failure="true"><error type="expect.undefined" message="ReferenceError: &quot;NineBallPlayer&quot; is not defined. in file:/Users/levid/Mobile/development/projects/CueScore/target/jasmine/spec/nine_ball/nine_ball_game_spec.js (line 12)TypeError: Cannot call method &quot;getDeadBalls&quot; of undefined in file:/Users/levid/Mobile/development/projects/CueScore/target/jasmine/spec/nine_ball/nine_ball_game_spec.js (line 155)">ReferenceError: &quot;NineBallPlayer&quot; is not defined. in file:/Users/levid/Mobile/development/projects/CueScore/target/jasmine/spec/nine_ball/nine_ball_game_spec.js (line 12)TypeError: Cannot call method &quot;getDeadBalls&quot; of undefined in file:/Users/levid/Mobile/development/projects/CueScore/target/jasmine/spec/nine_ball/nine_ball_game_spec.js (line 155)</error></testcase><testcase classname="jasmine" name="Nine Ball Game Deadballs should be able to keep track of which deadballs PlayerOne hit" time="0.0" failure="true"><error type="expect.undefined" message="ReferenceError: &quot;NineBallPlayer&quot; is not defined. in file:/Users/levid/Mobile/development/projects/CueScore/target/jasmine/spec/nine_ball/nine_ball_game_spec.js (line 12)TypeError: Cannot read property &quot;PlayerOneDeadBalls&quot; from undefined in file:/Users/levid/Mobile/development/projects/CueScore/target/jasmine/spec/nine_ball/nine_ball_game_spec.js (line 161)">ReferenceError: &quot;NineBallPlayer&quot; is not defined. in file:/Users/levid/Mobile/development/projects/CueScore/target/jasmine/spec/nine_ball/nine_ball_game_spec.js (line 12)TypeError: Cannot read property &quot;PlayerOneDeadBalls&quot; from undefined in file:/Users/levid/Mobile/development/projects/CueScore/target/jasmine/spec/nine_ball/nine_ball_game_spec.js (line 161)</error></testcase><testcase classname="jasmine" name="Nine Ball Game Deadballs should be able to keep track of which deadballs PlayerTwo hit" time="0.0" failure="true"><error type="expect.undefined" message="ReferenceError: &quot;NineBallPlayer&quot; is not defined. in file:/Users/levid/Mobile/development/projects/CueScore/target/jasmine/spec/nine_ball/nine_ball_game_spec.js (line 12)TypeError: Cannot call method &quot;nextPlayerIsUp&quot; of undefined in file:/Users/levid/Mobile/development/projects/CueScore/target/jasmine/spec/nine_ball/nine_ball_game_spec.js (line 173)">ReferenceError: &quot;NineBallPlayer&quot; is not defined. in file:/Users/levid/Mobile/development/projects/CueScore/target/jasmine/spec/nine_ball/nine_ball_game_spec.js (line 12)TypeError: Cannot call method &quot;nextPlayerIsUp&quot; of undefined in file:/Users/levid/Mobile/development/projects/CueScore/target/jasmine/spec/nine_ball/nine_ball_game_spec.js (line 173)</error></testcase><testcase classname="jasmine" name="Nine Ball Game Deadballs should not allow the nineball to be a deadball" time="0.0" failure="true"><error type="expect.undefined" message="ReferenceError: &quot;NineBallPlayer&quot; is not defined. in file:/Users/levid/Mobile/development/projects/CueScore/target/jasmine/spec/nine_ball/nine_ball_game_spec.js (line 12)TypeError: Cannot call method &quot;hitDeadBall&quot; of undefined in file:/Users/levid/Mobile/development/projects/CueScore/target/jasmine/spec/nine_ball/nine_ball_game_spec.js (line 186)">ReferenceError: &quot;NineBallPlayer&quot; is not defined. in file:/Users/levid/Mobile/development/projects/CueScore/target/jasmine/spec/nine_ball/nine_ball_game_spec.js (line 12)TypeError: Cannot call method &quot;hitDeadBall&quot; of undefined in file:/Users/levid/Mobile/development/projects/CueScore/target/jasmine/spec/nine_ball/nine_ball_game_spec.js (line 186)</error></testcase><testcase classname="jasmine" name="Nine Ball Game should be able to change who is currentlyup" time="0.0" failure="true"><error type="expect.undefined" message="ReferenceError: &quot;NineBallPlayer&quot; is not defined. in file:/Users/levid/Mobile/development/projects/CueScore/target/jasmine/spec/nine_ball/nine_ball_game_spec.js (line 12)TypeError: Cannot call method &quot;nextPlayerIsUp&quot; of undefined in file:/Users/levid/Mobile/development/projects/CueScore/target/jasmine/spec/nine_ball/nine_ball_game_spec.js (line 191)">ReferenceError: &quot;NineBallPlayer&quot; is not defined. in file:/Users/levid/Mobile/development/projects/CueScore/target/jasmine/spec/nine_ball/nine_ball_game_spec.js (line 12)TypeError: Cannot call method &quot;nextPlayerIsUp&quot; of undefined in file:/Users/levid/Mobile/development/projects/CueScore/target/jasmine/spec/nine_ball/nine_ball_game_spec.js (line 191)</error></testcase><testcase classname="jasmine" name="Nine Ball Game should be able to know if a player is still breaking(balls scored) when they use NextPlayerIsUp while breaking" time="0.0" failure="true"><error type="expect.undefined" message="ReferenceError: &quot;NineBallPlayer&quot; is not defined. in file:/Users/levid/Mobile/development/projects/CueScore/target/jasmine/spec/nine_ball/nine_ball_game_spec.js (line 12)TypeError: Cannot read property &quot;OnBreak&quot; from undefined in file:/Users/levid/Mobile/development/projects/CueScore/target/jasmine/spec/nine_ball/nine_ball_game_spec.js (line 197)">ReferenceError: &quot;NineBallPlayer&quot; is not defined. in file:/Users/levid/Mobile/development/projects/CueScore/target/jasmine/spec/nine_ball/nine_ball_game_spec.js (line 12)TypeError: Cannot read property &quot;OnBreak&quot; from undefined in file:/Users/levid/Mobile/development/projects/CueScore/target/jasmine/spec/nine_ball/nine_ball_game_spec.js (line 197)</error></testcase><testcase classname="jasmine" name="Nine Ball Game should be able to know if a players turn is over(deadball) when they use NextPlayerIsUp while breaking" time="0.0" failure="true"><error type="expect.undefined" message="ReferenceError: &quot;NineBallPlayer&quot; is not defined. in file:/Users/levid/Mobile/development/projects/CueScore/target/jasmine/spec/nine_ball/nine_ball_game_spec.js (line 12)TypeError: Cannot read property &quot;OnBreak&quot; from undefined in file:/Users/levid/Mobile/development/projects/CueScore/target/jasmine/spec/nine_ball/nine_ball_game_spec.js (line 204)">ReferenceError: &quot;NineBallPlayer&quot; is not defined. in file:/Users/levid/Mobile/development/projects/CueScore/target/jasmine/spec/nine_ball/nine_ball_game_spec.js (line 12)TypeError: Cannot read property &quot;OnBreak&quot; from undefined in file:/Users/levid/Mobile/development/projects/CueScore/target/jasmine/spec/nine_ball/nine_ball_game_spec.js (line 204)</error></testcase><testcase classname="jasmine" name="Nine Ball Game should be able to know if a players turn is over(no balls scored) when they use NextPlayerIsUp while breaking" time="0.0" failure="true"><error type="expect.undefined" message="ReferenceError: &quot;NineBallPlayer&quot; is not defined. in file:/Users/levid/Mobile/development/projects/CueScore/target/jasmine/spec/nine_ball/nine_ball_game_spec.js (line 12)TypeError: Cannot read property &quot;OnBreak&quot; from undefined in file:/Users/levid/Mobile/development/projects/CueScore/target/jasmine/spec/nine_ball/nine_ball_game_spec.js (line 211)">ReferenceError: &quot;NineBallPlayer&quot; is not defined. in file:/Users/levid/Mobile/development/projects/CueScore/target/jasmine/spec/nine_ball/nine_ball_game_spec.js (line 12)TypeError: Cannot read property &quot;OnBreak&quot; from undefined in file:/Users/levid/Mobile/development/projects/CueScore/target/jasmine/spec/nine_ball/nine_ball_game_spec.js (line 211)</error></testcase><testcase classname="jasmine" name="Nine Ball Game should be able to add one to currently up player" time="0.0" failure="true"><error type="expect.undefined" message="ReferenceError: &quot;NineBallPlayer&quot; is not defined. in file:/Users/levid/Mobile/development/projects/CueScore/target/jasmine/spec/nine_ball/nine_ball_game_spec.js (line 12)TypeError: Cannot call method &quot;getCurrentlyUpPlayer&quot; of undefined in file:/Users/levid/Mobile/development/projects/CueScore/target/jasmine/spec/nine_ball/nine_ball_game_spec.js (line 217)">ReferenceError: &quot;NineBallPlayer&quot; is not defined. in file:/Users/levid/Mobile/development/projects/CueScore/target/jasmine/spec/nine_ball/nine_ball_game_spec.js (line 12)TypeError: Cannot call method &quot;getCurrentlyUpPlayer&quot; of undefined in file:/Users/levid/Mobile/development/projects/CueScore/target/jasmine/spec/nine_ball/nine_ball_game_spec.js (line 217)</error></testcase><testcase classname="jasmine" name="Nine Ball Game should be able to keep track if player one had 9 on snap" time="0.0" failure="true"><error type="expect.undefined" message="ReferenceError: &quot;NineBallPlayer&quot; is not defined. in file:/Users/levid/Mobile/development/projects/CueScore/target/jasmine/spec/nine_ball/nine_ball_game_spec.js (line 12)TypeError: Cannot read property &quot;PlayerOneNineOnSnap&quot; from undefined in file:/Users/levid/Mobile/development/projects/CueScore/target/jasmine/spec/nine_ball/nine_ball_game_spec.js (line 222)">ReferenceError: &quot;NineBallPlayer&quot; is not defined. in file:/Users/levid/Mobile/development/projects/CueScore/target/jasmine/spec/nine_ball/nine_ball_game_spec.js (line 12)TypeError: Cannot read property &quot;PlayerOneNineOnSnap&quot; from undefined in file:/Users/levid/Mobile/development/projects/CueScore/target/jasmine/spec/nine_ball/nine_ball_game_spec.js (line 222)</error></testcase><testcase classname="jasmine" name="Nine Ball Game should be able to keep track if player one had break and run" time="0.0" failure="true"><error type="expect.undefined" message="ReferenceError: &quot;NineBallPlayer&quot; is not defined. in file:/Users/levid/Mobile/development/projects/CueScore/target/jasmine/spec/nine_ball/nine_ball_game_spec.js (line 12)TypeError: Cannot read property &quot;PlayerOneBreakAndRun&quot; from undefined in file:/Users/levid/Mobile/development/projects/CueScore/target/jasmine/spec/nine_ball/nine_ball_game_spec.js (line 225)">ReferenceError: &quot;NineBallPlayer&quot; is not defined. in file:/Users/levid/Mobile/development/projects/CueScore/target/jasmine/spec/nine_ball/nine_ball_game_spec.js (line 12)TypeError: Cannot read property &quot;PlayerOneBreakAndRun&quot; from undefined in file:/Users/levid/Mobile/development/projects/CueScore/target/jasmine/spec/nine_ball/nine_ball_game_spec.js (line 225)</error></testcase><testcase classname="jasmine" name="Nine Ball Game should be able to keep track if player two had 9 on snap" time="0.0" failure="true"><error type="expect.undefined" message="ReferenceError: &quot;NineBallPlayer&quot; is not defined. in file:/Users/levid/Mobile/development/projects/CueScore/target/jasmine/spec/nine_ball/nine_ball_game_spec.js (line 12)TypeError: Cannot read property &quot;PlayerTwoNineOnSnap&quot; from undefined in file:/Users/levid/Mobile/development/projects/CueScore/target/jasmine/spec/nine_ball/nine_ball_game_spec.js (line 228)">ReferenceError: &quot;NineBallPlayer&quot; is not defined. in file:/Users/levid/Mobile/development/projects/CueScore/target/jasmine/spec/nine_ball/nine_ball_game_spec.js (line 12)TypeError: Cannot read property &quot;PlayerTwoNineOnSnap&quot; from undefined in file:/Users/levid/Mobile/development/projects/CueScore/target/jasmine/spec/nine_ball/nine_ball_game_spec.js (line 228)</error></testcase><testcase classname="jasmine" name="Nine Ball Game should be able to keep track if player one two break and run" time="0.0" failure="true"><error type="expect.undefined" message="ReferenceError: &quot;NineBallPlayer&quot; is not defined. in file:/Users/levid/Mobile/development/projects/CueScore/target/jasmine/spec/nine_ball/nine_ball_game_spec.js (line 12)TypeError: Cannot read property &quot;PlayerTwoBreakAndRun&quot; from undefined in file:/Users/levid/Mobile/development/projects/CueScore/target/jasmine/spec/nine_ball/nine_ball_game_spec.js (line 231)">ReferenceError: &quot;NineBallPlayer&quot; is not defined. in file:/Users/levid/Mobile/development/projects/CueScore/target/jasmine/spec/nine_ball/nine_ball_game_spec.js (line 12)TypeError: Cannot read property &quot;PlayerTwoBreakAndRun&quot; from undefined in file:/Users/levid/Mobile/development/projects/CueScore/target/jasmine/spec/nine_ball/nine_ball_game_spec.js (line 231)</error></testcase><testcase classname="jasmine" name="Nine Ball Game should know if the 9 ball is pocketed on the break and give the current player a NineOnSnap" time="0.0" failure="true"><error type="expect.undefined" message="ReferenceError: &quot;NineBallPlayer&quot; is not defined. in file:/Users/levid/Mobile/development/projects/CueScore/target/jasmine/spec/nine_ball/nine_ball_game_spec.js (line 12)TypeError: Cannot read property &quot;PlayerOneNineOnSnap&quot; from undefined in file:/Users/levid/Mobile/development/projects/CueScore/target/jasmine/spec/nine_ball/nine_ball_game_spec.js (line 234)">ReferenceError: &quot;NineBallPlayer&quot; is not defined. in file:/Users/levid/Mobile/development/projects/CueScore/target/jasmine/spec/nine_ball/nine_ball_game_spec.js (line 12)TypeError: Cannot read property &quot;PlayerOneNineOnSnap&quot; from undefined in file:/Users/levid/Mobile/development/projects/CueScore/target/jasmine/spec/nine_ball/nine_ball_game_spec.js (line 234)</error></testcase><testcase classname="jasmine" name="Nine Ball Game should know if the 9 ball is not pocketed on the break and not give the current player a NineOnSnap" time="0.0" failure="true"><error type="expect.undefined" message="ReferenceError: &quot;NineBallPlayer&quot; is not defined. in file:/Users/levid/Mobile/development/projects/CueScore/target/jasmine/spec/nine_ball/nine_ball_game_spec.js (line 12)TypeError: Cannot call method &quot;scoreBall&quot; of undefined in file:/Users/levid/Mobile/development/projects/CueScore/target/jasmine/spec/nine_ball/nine_ball_game_spec.js (line 240)">ReferenceError: &quot;NineBallPlayer&quot; is not defined. in file:/Users/levid/Mobile/development/projects/CueScore/target/jasmine/spec/nine_ball/nine_ball_game_spec.js (line 12)TypeError: Cannot call method &quot;scoreBall&quot; of undefined in file:/Users/levid/Mobile/development/projects/CueScore/target/jasmine/spec/nine_ball/nine_ball_game_spec.js (line 240)</error></testcase><testcase classname="jasmine" name="Nine Ball Game should know when a player has hit all the balls in and is still breaking and only give them a 9BR" time="0.0" failure="true"><error type="expect.undefined" message="ReferenceError: &quot;NineBallPlayer&quot; is not defined. in file:/Users/levid/Mobile/development/projects/CueScore/target/jasmine/spec/nine_ball/nine_ball_game_spec.js (line 12)TypeError: Cannot call method &quot;scoreBall&quot; of undefined in file:/Users/levid/Mobile/development/projects/CueScore/target/jasmine/spec/nine_ball/nine_ball_game_spec.js (line 248)">ReferenceError: &quot;NineBallPlayer&quot; is not defined. in file:/Users/levid/Mobile/development/projects/CueScore/target/jasmine/spec/nine_ball/nine_ball_game_spec.js (line 12)TypeError: Cannot call method &quot;scoreBall&quot; of undefined in file:/Users/levid/Mobile/development/projects/CueScore/target/jasmine/spec/nine_ball/nine_ball_game_spec.js (line 248)</error></testcase><testcase classname="jasmine" name="Nine Ball Game should be able to set player one to have a nine on snap and if not already true add one to that players total nine on snaps." time="0.0" failure="true"><error type="expect.undefined" message="ReferenceError: &quot;NineBallPlayer&quot; is not defined. in file:/Users/levid/Mobile/development/projects/CueScore/target/jasmine/spec/nine_ball/nine_ball_game_spec.js (line 12)TypeError: Cannot read property &quot;PlayerOneNineOnSnap&quot; from undefined in file:/Users/levid/Mobile/development/projects/CueScore/target/jasmine/spec/nine_ball/nine_ball_game_spec.js (line 261)">ReferenceError: &quot;NineBallPlayer&quot; is not defined. in file:/Users/levid/Mobile/development/projects/CueScore/target/jasmine/spec/nine_ball/nine_ball_game_spec.js (line 12)TypeError: Cannot read property &quot;PlayerOneNineOnSnap&quot; from undefined in file:/Users/levid/Mobile/development/projects/CueScore/target/jasmine/spec/nine_ball/nine_ball_game_spec.js (line 261)</error></testcase><testcase classname="jasmine" name="Nine Ball Game should be able to set player two to have a nine on snap and if not already true add one to that players total nine on snaps." time="0.0" failure="true"><error type="expect.undefined" message="ReferenceError: &quot;NineBallPlayer&quot; is not defined. in file:/Users/levid/Mobile/development/projects/CueScore/target/jasmine/spec/nine_ball/nine_ball_game_spec.js (line 12)TypeError: Cannot read property &quot;PlayerTwoNineOnSnap&quot; from undefined in file:/Users/levid/Mobile/development/projects/CueScore/target/jasmine/spec/nine_ball/nine_ball_game_spec.js (line 269)">ReferenceError: &quot;NineBallPlayer&quot; is not defined. in file:/Users/levid/Mobile/development/projects/CueScore/target/jasmine/spec/nine_ball/nine_ball_game_spec.js (line 12)TypeError: Cannot read property &quot;PlayerTwoNineOnSnap&quot; from undefined in file:/Users/levid/Mobile/development/projects/CueScore/target/jasmine/spec/nine_ball/nine_ball_game_spec.js (line 269)</error></testcase><testcase classname="jasmine" name="Nine Ball Game should be able to set player one to have a break and run and if not already true add one to that players total break and runs." time="0.0" failure="true"><error type="expect.undefined" message="ReferenceError: &quot;NineBallPlayer&quot; is not defined. in file:/Users/levid/Mobile/development/projects/CueScore/target/jasmine/spec/nine_ball/nine_ball_game_spec.js (line 12)TypeError: Cannot read property &quot;PlayerOneBreakAndRun&quot; from undefined in file:/Users/levid/Mobile/development/projects/CueScore/target/jasmine/spec/nine_ball/nine_ball_game_spec.js (line 277)">ReferenceError: &quot;NineBallPlayer&quot; is not defined. in file:/Users/levid/Mobile/development/projects/CueScore/target/jasmine/spec/nine_ball/nine_ball_game_spec.js (line 12)TypeError: Cannot read property &quot;PlayerOneBreakAndRun&quot; from undefined in file:/Users/levid/Mobile/development/projects/CueScore/target/jasmine/spec/nine_ball/nine_ball_game_spec.js (line 277)</error></testcase><testcase classname="jasmine" name="Nine Ball Game should be able to set player two to have a break and run and if not already true add one to that players total break and runs." time="0.0" failure="true"><error type="expect.undefined" message="ReferenceError: &quot;NineBallPlayer&quot; is not defined. in file:/Users/levid/Mobile/development/projects/CueScore/target/jasmine/spec/nine_ball/nine_ball_game_spec.js (line 12)TypeError: Cannot read property &quot;PlayerTwoBreakAndRun&quot; from undefined in file:/Users/levid/Mobile/development/projects/CueScore/target/jasmine/spec/nine_ball/nine_ball_game_spec.js (line 285)">ReferenceError: &quot;NineBallPlayer&quot; is not defined. in file:/Users/levid/Mobile/development/projects/CueScore/target/jasmine/spec/nine_ball/nine_ball_game_spec.js (line 12)TypeError: Cannot read property &quot;PlayerTwoBreakAndRun&quot; from undefined in file:/Users/levid/Mobile/development/projects/CueScore/target/jasmine/spec/nine_ball/nine_ball_game_spec.js (line 285)</error></testcase><testcase classname="jasmine" name="Nine Ball Game should know when the player breaks and then continues on to all the balls in without missing one or hitting a deadball" time="0.0" failure="true"><error type="expect.undefined" message="ReferenceError: &quot;NineBallPlayer&quot; is not defined. in file:/Users/levid/Mobile/development/projects/CueScore/target/jasmine/spec/nine_ball/nine_ball_game_spec.js (line 12)TypeError: Cannot read property &quot;OnBreak&quot; from undefined in file:/Users/levid/Mobile/development/projects/CueScore/target/jasmine/spec/nine_ball/nine_ball_game_spec.js (line 293)">ReferenceError: &quot;NineBallPlayer&quot; is not defined. in file:/Users/levid/Mobile/development/projects/CueScore/target/jasmine/spec/nine_ball/nine_ball_game_spec.js (line 12)TypeError: Cannot read property &quot;OnBreak&quot; from undefined in file:/Users/levid/Mobile/development/projects/CueScore/target/jasmine/spec/nine_ball/nine_ball_game_spec.js (line 293)</error></testcase><testcase classname="jasmine" name="Nine Ball Game should be able to keep track of which balls the player one has hit in" time="0.0" failure="true"><error type="expect.undefined" message="ReferenceError: &quot;NineBallPlayer&quot; is not defined. in file:/Users/levid/Mobile/development/projects/CueScore/target/jasmine/spec/nine_ball/nine_ball_game_spec.js (line 12)TypeError: Cannot read property &quot;PlayerOneBallsHitIn&quot; from undefined in file:/Users/levid/Mobile/development/projects/CueScore/target/jasmine/spec/nine_ball/nine_ball_game_spec.js (line 310)">ReferenceError: &quot;NineBallPlayer&quot; is not defined. in file:/Users/levid/Mobile/development/projects/CueScore/target/jasmine/spec/nine_ball/nine_ball_game_spec.js (line 12)TypeError: Cannot read property &quot;PlayerOneBallsHitIn&quot; from undefined in file:/Users/levid/Mobile/development/projects/CueScore/target/jasmine/spec/nine_ball/nine_ball_game_spec.js (line 310)</error></testcase><testcase classname="jasmine" name="Nine Ball Game should be able to keep track of which balls the player two has hit in" time="0.0" failure="true"><error type="expect.undefined" message="ReferenceError: &quot;NineBallPlayer&quot; is not defined. in file:/Users/levid/Mobile/development/projects/CueScore/target/jasmine/spec/nine_ball/nine_ball_game_spec.js (line 12)TypeError: Cannot call method &quot;nextPlayerIsUp&quot; of undefined in file:/Users/levid/Mobile/development/projects/CueScore/target/jasmine/spec/nine_ball/nine_ball_game_spec.js (line 322)">ReferenceError: &quot;NineBallPlayer&quot; is not defined. in file:/Users/levid/Mobile/development/projects/CueScore/target/jasmine/spec/nine_ball/nine_ball_game_spec.js (line 12)TypeError: Cannot call method &quot;nextPlayerIsUp&quot; of undefined in file:/Users/levid/Mobile/development/projects/CueScore/target/jasmine/spec/nine_ball/nine_ball_game_spec.js (line 322)</error></testcase><testcase classname="jasmine" name="Nine Ball Game should be able to get the winning player's name when player's ranks are the same" time="0.0" failure="true"><error type="expect.undefined" message="ReferenceError: &quot;NineBallPlayer&quot; is not defined. in file:/Users/levid/Mobile/development/projects/CueScore/target/jasmine/spec/nine_ball/nine_ball_game_spec.js (line 12)TypeError: Cannot call method &quot;scoreBall&quot; of undefined in file:/Users/levid/Mobile/development/projects/CueScore/target/jasmine/spec/nine_ball/nine_ball_game_spec.js (line 335)">ReferenceError: &quot;NineBallPlayer&quot; is not defined. in file:/Users/levid/Mobile/development/projects/CueScore/target/jasmine/spec/nine_ball/nine_ball_game_spec.js (line 12)TypeError: Cannot call method &quot;scoreBall&quot; of undefined in file:/Users/levid/Mobile/development/projects/CueScore/target/jasmine/spec/nine_ball/nine_ball_game_spec.js (line 335)</error></testcase><testcase classname="jasmine" name="Nine Ball Game should be able to get the winning player's name(lower rank) when player's Ranks are different" time="0.0" failure="true"><error type="expect.undefined" message="ReferenceError: &quot;NineBallPlayer&quot; is not defined. in file:/Users/levid/Mobile/development/projects/CueScore/target/jasmine/spec/nine_ball/nine_ball_game_spec.js (line 12)ReferenceError: &quot;NineBallPlayer&quot; is not defined. in file:/Users/levid/Mobile/development/projects/CueScore/target/jasmine/spec/nine_ball/nine_ball_game_spec.js (line 344)">ReferenceError: &quot;NineBallPlayer&quot; is not defined. in file:/Users/levid/Mobile/development/projects/CueScore/target/jasmine/spec/nine_ball/nine_ball_game_spec.js (line 12)ReferenceError: &quot;NineBallPlayer&quot; is not defined. in file:/Users/levid/Mobile/development/projects/CueScore/target/jasmine/spec/nine_ball/nine_ball_game_spec.js (line 344)</error></testcase><testcase classname="jasmine" name="Nine Ball Game should be able to get the winning player's name(higher rank) when player's Ranks are different" time="0.0" failure="true"><error type="expect.undefined" message="ReferenceError: &quot;NineBallPlayer&quot; is not defined. in file:/Users/levid/Mobile/development/projects/CueScore/target/jasmine/spec/nine_ball/nine_ball_game_spec.js (line 12)ReferenceError: &quot;NineBallPlayer&quot; is not defined. in file:/Users/levid/Mobile/development/projects/CueScore/target/jasmine/spec/nine_ball/nine_ball_game_spec.js (line 361)">ReferenceError: &quot;NineBallPlayer&quot; is not defined. in file:/Users/levid/Mobile/development/projects/CueScore/target/jasmine/spec/nine_ball/nine_ball_game_spec.js (line 12)ReferenceError: &quot;NineBallPlayer&quot; is not defined. in file:/Users/levid/Mobile/development/projects/CueScore/target/jasmine/spec/nine_ball/nine_ball_game_spec.js (line 361)</error></testcase><testcase classname="jasmine" name="Nine Ball Game should return null if game ends in tie" time="0.0" failure="true"><error type="expect.undefined" message="ReferenceError: &quot;NineBallPlayer&quot; is not defined. in file:/Users/levid/Mobile/development/projects/CueScore/target/jasmine/spec/nine_ball/nine_ball_game_spec.js (line 12)TypeError: Cannot call method &quot;getWinningPlayerName&quot; of undefined in file:/Users/levid/Mobile/development/projects/CueScore/target/jasmine/spec/nine_ball/nine_ball_game_spec.js (line 384)">ReferenceError: &quot;NineBallPlayer&quot; is not defined. in file:/Users/levid/Mobile/development/projects/CueScore/target/jasmine/spec/nine_ball/nine_ball_game_spec.js (line 12)TypeError: Cannot call method &quot;getWinningPlayerName&quot; of undefined in file:/Users/levid/Mobile/development/projects/CueScore/target/jasmine/spec/nine_ball/nine_ball_game_spec.js (line 384)</error></testcase><testcase classname="jasmine" name="Nine Ball Game should be able to return a list of all balls that have been hit in" time="0.0" failure="true"><error type="expect.undefined" message="ReferenceError: &quot;NineBallPlayer&quot; is not defined. in file:/Users/levid/Mobile/development/projects/CueScore/target/jasmine/spec/nine_ball/nine_ball_game_spec.js (line 12)TypeError: Cannot call method &quot;scoreBall&quot; of undefined in file:/Users/levid/Mobile/development/projects/CueScore/target/jasmine/spec/nine_ball/nine_ball_game_spec.js (line 387)">ReferenceError: &quot;NineBallPlayer&quot; is not defined. in file:/Users/levid/Mobile/development/projects/CueScore/target/jasmine/spec/nine_ball/nine_ball_game_spec.js (line 12)TypeError: Cannot call method &quot;scoreBall&quot; of undefined in file:/Users/levid/Mobile/development/projects/CueScore/target/jasmine/spec/nine_ball/nine_ball_game_spec.js (line 387)</error></testcase><testcase classname="jasmine" name="Nine Ball Game should be able to return a list of all balls that have been scored" time="0.0" failure="true"><error type="expect.undefined" message="ReferenceError: &quot;NineBallPlayer&quot; is not defined. in file:/Users/levid/Mobile/development/projects/CueScore/target/jasmine/spec/nine_ball/nine_ball_game_spec.js (line 12)TypeError: Cannot call method &quot;scoreBall&quot; of undefined in file:/Users/levid/Mobile/development/projects/CueScore/target/jasmine/spec/nine_ball/nine_ball_game_spec.js (line 397)">ReferenceError: &quot;NineBallPlayer&quot; is not defined. in file:/Users/levid/Mobile/development/projects/CueScore/target/jasmine/spec/nine_ball/nine_ball_game_spec.js (line 12)TypeError: Cannot call method &quot;scoreBall&quot; of undefined in file:/Users/levid/Mobile/development/projects/CueScore/target/jasmine/spec/nine_ball/nine_ball_game_spec.js (line 397)</error></testcase><testcase classname="jasmine" name="Nine Ball Game should be able to hit a safety" time="0.0" failure="true"><error type="expect.undefined" message="ReferenceError: &quot;NineBallPlayer&quot; is not defined. in file:/Users/levid/Mobile/development/projects/CueScore/target/jasmine/spec/nine_ball/nine_ball_game_spec.js (line 12)TypeError: Cannot call method &quot;hitSafety&quot; of undefined in file:/Users/levid/Mobile/development/projects/CueScore/target/jasmine/spec/nine_ball/nine_ball_game_spec.js (line 407)">ReferenceError: &quot;NineBallPlayer&quot; is not defined. in file:/Users/levid/Mobile/development/projects/CueScore/target/jasmine/spec/nine_ball/nine_ball_game_spec.js (line 12)TypeError: Cannot call method &quot;hitSafety&quot; of undefined in file:/Users/levid/Mobile/development/projects/CueScore/target/jasmine/spec/nine_ball/nine_ball_game_spec.js (line 407)</error></testcase><testcase classname="jasmine" name="Nine Ball Game should end the current players turn when they hit a safety" time="0.0" failure="true"><error type="expect.undefined" message="ReferenceError: &quot;NineBallPlayer&quot; is not defined. in file:/Users/levid/Mobile/development/projects/CueScore/target/jasmine/spec/nine_ball/nine_ball_game_spec.js (line 12)TypeError: Cannot call method &quot;hitSafety&quot; of undefined in file:/Users/levid/Mobile/development/projects/CueScore/target/jasmine/spec/nine_ball/nine_ball_game_spec.js (line 413)">ReferenceError: &quot;NineBallPlayer&quot; is not defined. in file:/Users/levid/Mobile/development/projects/CueScore/target/jasmine/spec/nine_ball/nine_ball_game_spec.js (line 12)TypeError: Cannot call method &quot;hitSafety&quot; of undefined in file:/Users/levid/Mobile/development/projects/CueScore/target/jasmine/spec/nine_ball/nine_ball_game_spec.js (line 413)</error></testcase><testcase classname="jasmine" name="Nine Ball Game should be able to return the game score with player one's score first (example 2-3)" time="0.0" failure="true"><error type="expect.undefined" message="ReferenceError: &quot;NineBallPlayer&quot; is not defined. in file:/Users/levid/Mobile/development/projects/CueScore/target/jasmine/spec/nine_ball/nine_ball_game_spec.js (line 12)TypeError: Cannot call method &quot;scoreBall&quot; of undefined in file:/Users/levid/Mobile/development/projects/CueScore/target/jasmine/spec/nine_ball/nine_ball_game_spec.js (line 418)">ReferenceError: &quot;NineBallPlayer&quot; is not defined. in file:/Users/levid/Mobile/development/projects/CueScore/target/jasmine/spec/nine_ball/nine_ball_game_spec.js (line 12)TypeError: Cannot call method &quot;scoreBall&quot; of undefined in file:/Users/levid/Mobile/development/projects/CueScore/target/jasmine/spec/nine_ball/nine_ball_game_spec.js (line 418)</error></testcase><testcase classname="jasmine" name="Nine Ball Game should be able to have a state of breaking" time="0.0" failure="true"><error type="expect.undefined" message="ReferenceError: &quot;NineBallPlayer&quot; is not defined. in file:/Users/levid/Mobile/development/projects/CueScore/target/jasmine/spec/nine_ball/nine_ball_game_spec.js (line 12)TypeError: Cannot read property &quot;OnBreak&quot; from undefined in file:/Users/levid/Mobile/development/projects/CueScore/target/jasmine/spec/nine_ball/nine_ball_game_spec.js (line 428)">ReferenceError: &quot;NineBallPlayer&quot; is not defined. in file:/Users/levid/Mobile/development/projects/CueScore/target/jasmine/spec/nine_ball/nine_ball_game_spec.js (line 12)TypeError: Cannot read property &quot;OnBreak&quot; from undefined in file:/Users/levid/Mobile/development/projects/CueScore/target/jasmine/spec/nine_ball/nine_ball_game_spec.js (line 428)</error></testcase><testcase classname="jasmine" name="Nine Ball Game should be able to have change the breaking state to false" time="0.0" failure="true"><error type="expect.undefined" message="ReferenceError: &quot;NineBallPlayer&quot; is not defined. in file:/Users/levid/Mobile/development/projects/CueScore/target/jasmine/spec/nine_ball/nine_ball_game_spec.js (line 12)TypeError: Cannot read property &quot;OnBreak&quot; from undefined in file:/Users/levid/Mobile/development/projects/CueScore/target/jasmine/spec/nine_ball/nine_ball_game_spec.js (line 431)">ReferenceError: &quot;NineBallPlayer&quot; is not defined. in file:/Users/levid/Mobile/development/projects/CueScore/target/jasmine/spec/nine_ball/nine_ball_game_spec.js (line 12)TypeError: Cannot read property &quot;OnBreak&quot; from undefined in file:/Users/levid/Mobile/development/projects/CueScore/target/jasmine/spec/nine_ball/nine_ball_game_spec.js (line 431)</error></testcase><testcase classname="jasmine" name="Nine Ball Game should know if the breaking player is still up" time="0.0" failure="true"><error type="expect.undefined" message="ReferenceError: &quot;NineBallPlayer&quot; is not defined. in file:/Users/levid/Mobile/development/projects/CueScore/target/jasmine/spec/nine_ball/nine_ball_game_spec.js (line 12)TypeError: Cannot read property &quot;BreakingPlayerStillHitting&quot; from undefined in file:/Users/levid/Mobile/development/projects/CueScore/target/jasmine/spec/nine_ball/nine_ball_game_spec.js (line 436)">ReferenceError: &quot;NineBallPlayer&quot; is not defined. in file:/Users/levid/Mobile/development/projects/CueScore/target/jasmine/spec/nine_ball/nine_ball_game_spec.js (line 12)TypeError: Cannot read property &quot;BreakingPlayerStillHitting&quot; from undefined in file:/Users/levid/Mobile/development/projects/CueScore/target/jasmine/spec/nine_ball/nine_ball_game_spec.js (line 436)</error></testcase><testcase classname="jasmine" name="Nine Ball Game should be able to keep track of the last ball scored and who scored it" time="0.0" failure="true"><error type="expect.undefined" message="ReferenceError: &quot;NineBallPlayer&quot; is not defined. in file:/Users/levid/Mobile/development/projects/CueScore/target/jasmine/spec/nine_ball/nine_ball_game_spec.js (line 12)TypeError: Cannot read property &quot;PlayerOneLastBall&quot; from undefined in file:/Users/levid/Mobile/development/projects/CueScore/target/jasmine/spec/nine_ball/nine_ball_game_spec.js (line 446)">ReferenceError: &quot;NineBallPlayer&quot; is not defined. in file:/Users/levid/Mobile/development/projects/CueScore/target/jasmine/spec/nine_ball/nine_ball_game_spec.js (line 12)TypeError: Cannot read property &quot;PlayerOneLastBall&quot; from undefined in file:/Users/levid/Mobile/development/projects/CueScore/target/jasmine/spec/nine_ball/nine_ball_game_spec.js (line 446)</error></testcase><testcase classname="jasmine" name="Nine Ball Game toJSON/fromJSON should be able to take a new Game and turn it into a JSON object" time="0.0" failure="true"><error type="expect.undefined" message="ReferenceError: &quot;NineBallPlayer&quot; is not defined. in file:/Users/levid/Mobile/development/projects/CueScore/target/jasmine/spec/nine_ball/nine_ball_game_spec.js (line 12)TypeError: Cannot call method &quot;toJSON&quot; of undefined in file:/Users/levid/Mobile/development/projects/CueScore/target/jasmine/spec/nine_ball/nine_ball_game_spec.js (line 462)">ReferenceError: &quot;NineBallPlayer&quot; is not defined. in file:/Users/levid/Mobile/development/projects/CueScore/target/jasmine/spec/nine_ball/nine_ball_game_spec.js (line 12)TypeError: Cannot call method &quot;toJSON&quot; of undefined in file:/Users/levid/Mobile/development/projects/CueScore/target/jasmine/spec/nine_ball/nine_ball_game_spec.js (line 462)</error></testcase><testcase classname="jasmine" name="Nine Ball Game toJSON/fromJSON should be able to take a filled up Game and turn it into a JSON object" time="0.0" failure="true"><error type="expect.undefined" message="ReferenceError: &quot;NineBallPlayer&quot; is not defined. in file:/Users/levid/Mobile/development/projects/CueScore/target/jasmine/spec/nine_ball/nine_ball_game_spec.js (line 12)TypeError: Cannot set property &quot;PlayerOneScore&quot; of undefined to &quot;2&quot; in file:/Users/levid/Mobile/development/projects/CueScore/target/jasmine/spec/nine_ball/nine_ball_game_spec.js (line 484)">ReferenceError: &quot;NineBallPlayer&quot; is not defined. in file:/Users/levid/Mobile/development/projects/CueScore/target/jasmine/spec/nine_ball/nine_ball_game_spec.js (line 12)TypeError: Cannot set property &quot;PlayerOneScore&quot; of undefined to &quot;2&quot; in file:/Users/levid/Mobile/development/projects/CueScore/target/jasmine/spec/nine_ball/nine_ball_game_spec.js (line 484)</error></testcase><testcase classname="jasmine" name="Nine Ball Game toJSON/fromJSON should be able to take a Game JSON and fill a Game object with it" time="0.0" failure="true"><error type="expect.undefined" message="ReferenceError: &quot;NineBallPlayer&quot; is not defined. in file:/Users/levid/Mobile/development/projects/CueScore/target/jasmine/spec/nine_ball/nine_ball_game_spec.js (line 12)TypeError: Cannot call method &quot;fromJSON&quot; of undefined in file:/Users/levid/Mobile/development/projects/CueScore/target/jasmine/spec/nine_ball/nine_ball_game_spec.js (line 524)">ReferenceError: &quot;NineBallPlayer&quot; is not defined. in file:/Users/levid/Mobile/development/projects/CueScore/target/jasmine/spec/nine_ball/nine_ball_game_spec.js (line 12)TypeError: Cannot call method &quot;fromJSON&quot; of undefined in file:/Users/levid/Mobile/development/projects/CueScore/target/jasmine/spec/nine_ball/nine_ball_game_spec.js (line 524)</error></testcase><testcase classname="jasmine" name="Nine Ball League Match should know that it is a NineBall LeagueMatch" time="0.0" failure="true"><error type="expect.undefined" message="ReferenceError: &quot;NineBallLeagueMatch&quot; is not defined. in file:/Users/levid/Mobile/development/projects/CueScore/target/jasmine/spec/nine_ball/nine_ball_league_match_spec.js (line 16)TypeError: Cannot read property &quot;GameType&quot; from undefined in file:/Users/levid/Mobile/development/projects/CueScore/target/jasmine/spec/nine_ball/nine_ball_league_match_spec.js (line 29)">ReferenceError: &quot;NineBallLeagueMatch&quot; is not defined. in file:/Users/levid/Mobile/development/projects/CueScore/target/jasmine/spec/nine_ball/nine_ball_league_match_spec.js (line 16)TypeError: Cannot read property &quot;GameType&quot; from undefined in file:/Users/levid/Mobile/development/projects/CueScore/target/jasmine/spec/nine_ball/nine_ball_league_match_spec.js (line 29)</error></testcase><testcase classname="jasmine" name="Nine Ball League Match should have HomeTeamNumber, AwayTeamNumber, StartTime, and TableType initialized from constructor" time="0.0" failure="true"><error type="expect.undefined" message="ReferenceError: &quot;NineBallLeagueMatch&quot; is not defined. in file:/Users/levid/Mobile/development/projects/CueScore/target/jasmine/spec/nine_ball/nine_ball_league_match_spec.js (line 16)TypeError: Cannot read property &quot;HomeTeamNumber&quot; from undefined in file:/Users/levid/Mobile/development/projects/CueScore/target/jasmine/spec/nine_ball/nine_ball_league_match_spec.js (line 32)">ReferenceError: &quot;NineBallLeagueMatch&quot; is not defined. in file:/Users/levid/Mobile/development/projects/CueScore/target/jasmine/spec/nine_ball/nine_ball_league_match_spec.js (line 16)TypeError: Cannot read property &quot;HomeTeamNumber&quot; from undefined in file:/Users/levid/Mobile/development/projects/CueScore/target/jasmine/spec/nine_ball/nine_ball_league_match_spec.js (line 32)</error></testcase><testcase classname="jasmine" name="Nine Ball League Match should hold 5 different games" time="0.0" failure="true"><error type="expect.undefined" message="ReferenceError: &quot;NineBallLeagueMatch&quot; is not defined. in file:/Users/levid/Mobile/development/projects/CueScore/target/jasmine/spec/nine_ball/nine_ball_league_match_spec.js (line 16)TypeError: Cannot read property &quot;MatchOne&quot; from undefined in file:/Users/levid/Mobile/development/projects/CueScore/target/jasmine/spec/nine_ball/nine_ball_league_match_spec.js (line 38)">ReferenceError: &quot;NineBallLeagueMatch&quot; is not defined. in file:/Users/levid/Mobile/development/projects/CueScore/target/jasmine/spec/nine_ball/nine_ball_league_match_spec.js (line 16)TypeError: Cannot read property &quot;MatchOne&quot; from undefined in file:/Users/levid/Mobile/development/projects/CueScore/target/jasmine/spec/nine_ball/nine_ball_league_match_spec.js (line 38)</error></testcase><testcase classname="jasmine" name="Nine Ball League Match should hold a home and away team numbers" time="0.0" failure="true"><error type="expect.undefined" message="ReferenceError: &quot;NineBallLeagueMatch&quot; is not defined. in file:/Users/levid/Mobile/development/projects/CueScore/target/jasmine/spec/nine_ball/nine_ball_league_match_spec.js (line 16)TypeError: Cannot read property &quot;HomeTeamNumber&quot; from undefined in file:/Users/levid/Mobile/development/projects/CueScore/target/jasmine/spec/nine_ball/nine_ball_league_match_spec.js (line 45)">ReferenceError: &quot;NineBallLeagueMatch&quot; is not defined. in file:/Users/levid/Mobile/development/projects/CueScore/target/jasmine/spec/nine_ball/nine_ball_league_match_spec.js (line 16)TypeError: Cannot read property &quot;HomeTeamNumber&quot; from undefined in file:/Users/levid/Mobile/development/projects/CueScore/target/jasmine/spec/nine_ball/nine_ball_league_match_spec.js (line 45)</error></testcase><testcase classname="jasmine" name="Nine Ball League Match should keep scorecard team owners number" time="0.0" failure="true"><error type="expect.undefined" message="ReferenceError: &quot;NineBallLeagueMatch&quot; is not defined. in file:/Users/levid/Mobile/development/projects/CueScore/target/jasmine/spec/nine_ball/nine_ball_league_match_spec.js (line 16)TypeError: Cannot read property &quot;TeamNumber&quot; from undefined in file:/Users/levid/Mobile/development/projects/CueScore/target/jasmine/spec/nine_ball/nine_ball_league_match_spec.js (line 49)">ReferenceError: &quot;NineBallLeagueMatch&quot; is not defined. in file:/Users/levid/Mobile/development/projects/CueScore/target/jasmine/spec/nine_ball/nine_ball_league_match_spec.js (line 16)TypeError: Cannot read property &quot;TeamNumber&quot; from undefined in file:/Users/levid/Mobile/development/projects/CueScore/target/jasmine/spec/nine_ball/nine_ball_league_match_spec.js (line 49)</error></testcase><testcase classname="jasmine" name="Nine Ball League Match should have the Start Time and End Time" time="0.0" failure="true"><error type="expect.undefined" message="ReferenceError: &quot;NineBallLeagueMatch&quot; is not defined. in file:/Users/levid/Mobile/development/projects/CueScore/target/jasmine/spec/nine_ball/nine_ball_league_match_spec.js (line 16)TypeError: Cannot read property &quot;EndTime&quot; from undefined in file:/Users/levid/Mobile/development/projects/CueScore/target/jasmine/spec/nine_ball/nine_ball_league_match_spec.js (line 52)">ReferenceError: &quot;NineBallLeagueMatch&quot; is not defined. in file:/Users/levid/Mobile/development/projects/CueScore/target/jasmine/spec/nine_ball/nine_ball_league_match_spec.js (line 16)TypeError: Cannot read property &quot;EndTime&quot; from undefined in file:/Users/levid/Mobile/development/projects/CueScore/target/jasmine/spec/nine_ball/nine_ball_league_match_spec.js (line 52)</error></testcase><testcase classname="jasmine" name="Nine Ball League Match should be able to calculate home and away teams scores" time="0.0" failure="true"><error type="expect.undefined" message="ReferenceError: &quot;NineBallLeagueMatch&quot; is not defined. in file:/Users/levid/Mobile/development/projects/CueScore/target/jasmine/spec/nine_ball/nine_ball_league_match_spec.js (line 16)TypeError: Cannot read property &quot;MatchOne&quot; from undefined in file:/Users/levid/Mobile/development/projects/CueScore/target/jasmine/spec/nine_ball/nine_ball_league_match_spec.js (line 55)">ReferenceError: &quot;NineBallLeagueMatch&quot; is not defined. in file:/Users/levid/Mobile/development/projects/CueScore/target/jasmine/spec/nine_ball/nine_ball_league_match_spec.js (line 16)TypeError: Cannot read property &quot;MatchOne&quot; from undefined in file:/Users/levid/Mobile/development/projects/CueScore/target/jasmine/spec/nine_ball/nine_ball_league_match_spec.js (line 55)</error></testcase><testcase classname="jasmine" name="Nine Ball League Match should know which team is winning the match" time="0.0" failure="true"><error type="expect.undefined" message="ReferenceError: &quot;NineBallLeagueMatch&quot; is not defined. in file:/Users/levid/Mobile/development/projects/CueScore/target/jasmine/spec/nine_ball/nine_ball_league_match_spec.js (line 16)TypeError: Cannot read property &quot;MatchOne&quot; from undefined in file:/Users/levid/Mobile/development/projects/CueScore/target/jasmine/spec/nine_ball/nine_ball_league_match_spec.js (line 99)">ReferenceError: &quot;NineBallLeagueMatch&quot; is not defined. in file:/Users/levid/Mobile/development/projects/CueScore/target/jasmine/spec/nine_ball/nine_ball_league_match_spec.js (line 16)TypeError: Cannot read property &quot;MatchOne&quot; from undefined in file:/Users/levid/Mobile/development/projects/CueScore/target/jasmine/spec/nine_ball/nine_ball_league_match_spec.js (line 99)</error></testcase><testcase classname="jasmine" name="Nine Ball League Match should be able to get the winning teams number" time="0.0" failure="true"><error type="expect.undefined" message="ReferenceError: &quot;NineBallLeagueMatch&quot; is not defined. in file:/Users/levid/Mobile/development/projects/CueScore/target/jasmine/spec/nine_ball/nine_ball_league_match_spec.js (line 16)TypeError: Cannot read property &quot;MatchOne&quot; from undefined in file:/Users/levid/Mobile/development/projects/CueScore/target/jasmine/spec/nine_ball/nine_ball_league_match_spec.js (line 143)">ReferenceError: &quot;NineBallLeagueMatch&quot; is not defined. in file:/Users/levid/Mobile/development/projects/CueScore/target/jasmine/spec/nine_ball/nine_ball_league_match_spec.js (line 16)TypeError: Cannot read property &quot;MatchOne&quot; from undefined in file:/Users/levid/Mobile/development/projects/CueScore/target/jasmine/spec/nine_ball/nine_ball_league_match_spec.js (line 143)</error></testcase><testcase classname="jasmine" name="Nine Ball League Match should be able to set each match and set the LeagueMatchId for each" time="0.0" failure="true"><error type="expect.undefined" message="ReferenceError: &quot;NineBallLeagueMatch&quot; is not defined. in file:/Users/levid/Mobile/development/projects/CueScore/target/jasmine/spec/nine_ball/nine_ball_league_match_spec.js (line 16)TypeError: Cannot read property &quot;MatchOne&quot; from undefined in file:/Users/levid/Mobile/development/projects/CueScore/target/jasmine/spec/nine_ball/nine_ball_league_match_spec.js (line 185)">ReferenceError: &quot;NineBallLeagueMatch&quot; is not defined. in file:/Users/levid/Mobile/development/projects/CueScore/target/jasmine/spec/nine_ball/nine_ball_league_match_spec.js (line 16)TypeError: Cannot read property &quot;MatchOne&quot; from undefined in file:/Users/levid/Mobile/development/projects/CueScore/target/jasmine/spec/nine_ball/nine_ball_league_match_spec.js (line 185)</error></testcase><testcase classname="jasmine" name="Nine Ball League Match should be able to keep team names" time="0.0" failure="true"><error type="expect.undefined" message="ReferenceError: &quot;NineBallLeagueMatch&quot; is not defined. in file:/Users/levid/Mobile/development/projects/CueScore/target/jasmine/spec/nine_ball/nine_ball_league_match_spec.js (line 16)TypeError: Cannot read property &quot;HomeTeamName&quot; from undefined in file:/Users/levid/Mobile/development/projects/CueScore/target/jasmine/spec/nine_ball/nine_ball_league_match_spec.js (line 192)">ReferenceError: &quot;NineBallLeagueMatch&quot; is not defined. in file:/Users/levid/Mobile/development/projects/CueScore/target/jasmine/spec/nine_ball/nine_ball_league_match_spec.js (line 16)TypeError: Cannot read property &quot;HomeTeamName&quot; from undefined in file:/Users/levid/Mobile/development/projects/CueScore/target/jasmine/spec/nine_ball/nine_ball_league_match_spec.js (line 192)</error></testcase><testcase classname="jasmine" name="Nine Ball League Match should be able to tell which team has signed the match" time="0.0" failure="true"><error type="expect.undefined" message="ReferenceError: &quot;NineBallLeagueMatch&quot; is not defined. in file:/Users/levid/Mobile/development/projects/CueScore/target/jasmine/spec/nine_ball/nine_ball_league_match_spec.js (line 16)TypeError: Cannot read property &quot;HomeTeamSigned&quot; from undefined in file:/Users/levid/Mobile/development/projects/CueScore/target/jasmine/spec/nine_ball/nine_ball_league_match_spec.js (line 196)">ReferenceError: &quot;NineBallLeagueMatch&quot; is not defined. in file:/Users/levid/Mobile/development/projects/CueScore/target/jasmine/spec/nine_ball/nine_ball_league_match_spec.js (line 16)TypeError: Cannot read property &quot;HomeTeamSigned&quot; from undefined in file:/Users/levid/Mobile/development/projects/CueScore/target/jasmine/spec/nine_ball/nine_ball_league_match_spec.js (line 196)</error></testcase><testcase classname="jasmine" name="Nine Ball League Match should know when all of the matches have ended and the league match is complete" time="0.0" failure="true"><error type="expect.undefined" message="ReferenceError: &quot;NineBallLeagueMatch&quot; is not defined. in file:/Users/levid/Mobile/development/projects/CueScore/target/jasmine/spec/nine_ball/nine_ball_league_match_spec.js (line 16)TypeError: Cannot read property &quot;MatchOne&quot; from undefined in file:/Users/levid/Mobile/development/projects/CueScore/target/jasmine/spec/nine_ball/nine_ball_league_match_spec.js (line 204)">ReferenceError: &quot;NineBallLeagueMatch&quot; is not defined. in file:/Users/levid/Mobile/development/projects/CueScore/target/jasmine/spec/nine_ball/nine_ball_league_match_spec.js (line 16)TypeError: Cannot read property &quot;MatchOne&quot; from undefined in file:/Users/levid/Mobile/development/projects/CueScore/target/jasmine/spec/nine_ball/nine_ball_league_match_spec.js (line 204)</error></testcase><testcase classname="jasmine" name="Nine Ball League Match toJSON/fromJSON should be able to take a new League Match and turn it into a JSON object" time="0.0" failure="true"><error type="expect.undefined" message="ReferenceError: &quot;NineBallLeagueMatch&quot; is not defined. in file:/Users/levid/Mobile/development/projects/CueScore/target/jasmine/spec/nine_ball/nine_ball_league_match_spec.js (line 16)TypeError: Cannot call method &quot;toJSON&quot; of undefined in file:/Users/levid/Mobile/development/projects/CueScore/target/jasmine/spec/nine_ball/nine_ball_league_match_spec.js (line 213)">ReferenceError: &quot;NineBallLeagueMatch&quot; is not defined. in file:/Users/levid/Mobile/development/projects/CueScore/target/jasmine/spec/nine_ball/nine_ball_league_match_spec.js (line 16)TypeError: Cannot call method &quot;toJSON&quot; of undefined in file:/Users/levid/Mobile/development/projects/CueScore/target/jasmine/spec/nine_ball/nine_ball_league_match_spec.js (line 213)</error></testcase><testcase classname="jasmine" name="Nine Ball League Match toJSON/fromJSON should be able to take a new League Match and turn it into a small JSON object" time="0.0" failure="true"><error type="expect.undefined" message="ReferenceError: &quot;NineBallLeagueMatch&quot; is not defined. in file:/Users/levid/Mobile/development/projects/CueScore/target/jasmine/spec/nine_ball/nine_ball_league_match_spec.js (line 16)TypeError: Cannot call method &quot;toSmallJSON&quot; of undefined in file:/Users/levid/Mobile/development/projects/CueScore/target/jasmine/spec/nine_ball/nine_ball_league_match_spec.js (line 484)">ReferenceError: &quot;NineBallLeagueMatch&quot; is not defined. in file:/Users/levid/Mobile/development/projects/CueScore/target/jasmine/spec/nine_ball/nine_ball_league_match_spec.js (line 16)TypeError: Cannot call method &quot;toSmallJSON&quot; of undefined in file:/Users/levid/Mobile/development/projects/CueScore/target/jasmine/spec/nine_ball/nine_ball_league_match_spec.js (line 484)</error></testcase><testcase classname="jasmine" name="Nine Ball League Match toJSON/fromJSON should be able to set SmallJSON = true to return only the small JSON object when toJSON is called." time="0.0" failure="true"><error type="expect.undefined" message="ReferenceError: &quot;NineBallLeagueMatch&quot; is not defined. in file:/Users/levid/Mobile/development/projects/CueScore/target/jasmine/spec/nine_ball/nine_ball_league_match_spec.js (line 16)TypeError: Cannot set property &quot;SmallJSON&quot; of undefined to &quot;true&quot; in file:/Users/levid/Mobile/development/projects/CueScore/target/jasmine/spec/nine_ball/nine_ball_league_match_spec.js (line 495)">ReferenceError: &quot;NineBallLeagueMatch&quot; is not defined. in file:/Users/levid/Mobile/development/projects/CueScore/target/jasmine/spec/nine_ball/nine_ball_league_match_spec.js (line 16)TypeError: Cannot set property &quot;SmallJSON&quot; of undefined to &quot;true&quot; in file:/Users/levid/Mobile/development/projects/CueScore/target/jasmine/spec/nine_ball/nine_ball_league_match_spec.js (line 495)</error></testcase><testcase classname="jasmine" name="Nine Ball League Match toJSON/fromJSON should be able to take a json object and fill its own values" time="0.0" failure="true"><error type="expect.undefined" message="ReferenceError: &quot;NineBallLeagueMatch&quot; is not defined. in file:/Users/levid/Mobile/development/projects/CueScore/target/jasmine/spec/nine_ball/nine_ball_league_match_spec.js (line 16)ReferenceError: &quot;NineBallLeagueMatch&quot; is not defined. in file:/Users/levid/Mobile/development/projects/CueScore/target/jasmine/spec/nine_ball/nine_ball_league_match_spec.js (line 507)">ReferenceError: &quot;NineBallLeagueMatch&quot; is not defined. in file:/Users/levid/Mobile/development/projects/CueScore/target/jasmine/spec/nine_ball/nine_ball_league_match_spec.js (line 16)ReferenceError: &quot;NineBallLeagueMatch&quot; is not defined. in file:/Users/levid/Mobile/development/projects/CueScore/target/jasmine/spec/nine_ball/nine_ball_league_match_spec.js (line 507)</error></testcase><testcase classname="jasmine" name="Nine Ball League Match toJSON/fromJSON should be able to take a small json object and fill its own values" time="0.0" failure="true"><error type="expect.undefined" message="ReferenceError: &quot;NineBallLeagueMatch&quot; is not defined. in file:/Users/levid/Mobile/development/projects/CueScore/target/jasmine/spec/nine_ball/nine_ball_league_match_spec.js (line 16)ReferenceError: &quot;NineBallLeagueMatch&quot; is not defined. in file:/Users/levid/Mobile/development/projects/CueScore/target/jasmine/spec/nine_ball/nine_ball_league_match_spec.js (line 772)">ReferenceError: &quot;NineBallLeagueMatch&quot; is not defined. in file:/Users/levid/Mobile/development/projects/CueScore/target/jasmine/spec/nine_ball/nine_ball_league_match_spec.js (line 16)ReferenceError: &quot;NineBallLeagueMatch&quot; is not defined. in file:/Users/levid/Mobile/development/projects/CueScore/target/jasmine/spec/nine_ball/nine_ball_league_match_spec.js (line 772)</error></testcase><testcase classname="jasmine" name="Nine Ball Match Constructor should take 4 parameters" time="0.0" failure="true"><error type="expect.toNotEqual" message="ReferenceError: &quot;NineBallMatch&quot; is not defined. in file:/Users/levid/Mobile/development/projects/CueScore/target/jasmine/spec/nine_ball/nine_ball_match_spec.js (line 10)Expected undefined to not equal null.">ReferenceError: &quot;NineBallMatch&quot; is not defined. in file:/Users/levid/Mobile/development/projects/CueScore/target/jasmine/spec/nine_ball/nine_ball_match_spec.js (line 10)Expected undefined to not equal null.</error></testcase><testcase classname="jasmine" name="Nine Ball Match Constructor should have 2 players" time="0.0" failure="true"><error type="expect.undefined" message="ReferenceError: &quot;NineBallMatch&quot; is not defined. in file:/Users/levid/Mobile/development/projects/CueScore/target/jasmine/spec/nine_ball/nine_ball_match_spec.js (line 10)TypeError: Cannot read property &quot;PlayerOne&quot; from undefined in file:/Users/levid/Mobile/development/projects/CueScore/target/jasmine/spec/nine_ball/nine_ball_match_spec.js (line 18)">ReferenceError: &quot;NineBallMatch&quot; is not defined. in file:/Users/levid/Mobile/development/projects/CueScore/target/jasmine/spec/nine_ball/nine_ball_match_spec.js (line 10)TypeError: Cannot read property &quot;PlayerOne&quot; from undefined in file:/Users/levid/Mobile/development/projects/CueScore/target/jasmine/spec/nine_ball/nine_ball_match_spec.js (line 18)</error></testcase><testcase classname="jasmine" name="Nine Ball Match Constructor should set Player 1 to break first" time="0.0" failure="true"><error type="expect.undefined" message="ReferenceError: &quot;NineBallMatch&quot; is not defined. in file:/Users/levid/Mobile/development/projects/CueScore/target/jasmine/spec/nine_ball/nine_ball_match_spec.js (line 10)TypeError: Cannot read property &quot;PlayerOne&quot; from undefined in file:/Users/levid/Mobile/development/projects/CueScore/target/jasmine/spec/nine_ball/nine_ball_match_spec.js (line 28)">ReferenceError: &quot;NineBallMatch&quot; is not defined. in file:/Users/levid/Mobile/development/projects/CueScore/target/jasmine/spec/nine_ball/nine_ball_match_spec.js (line 10)TypeError: Cannot read property &quot;PlayerOne&quot; from undefined in file:/Users/levid/Mobile/development/projects/CueScore/target/jasmine/spec/nine_ball/nine_ball_match_spec.js (line 28)</error></testcase><testcase classname="jasmine" name="Nine Ball Match Constructor should set create the first Game and set it to CurrentGame" time="0.0" failure="true"><error type="expect.undefined" message="ReferenceError: &quot;NineBallMatch&quot; is not defined. in file:/Users/levid/Mobile/development/projects/CueScore/target/jasmine/spec/nine_ball/nine_ball_match_spec.js (line 10)TypeError: Cannot read property &quot;CurrentGame&quot; from undefined in file:/Users/levid/Mobile/development/projects/CueScore/target/jasmine/spec/nine_ball/nine_ball_match_spec.js (line 31)">ReferenceError: &quot;NineBallMatch&quot; is not defined. in file:/Users/levid/Mobile/development/projects/CueScore/target/jasmine/spec/nine_ball/nine_ball_match_spec.js (line 10)TypeError: Cannot read property &quot;CurrentGame&quot; from undefined in file:/Users/levid/Mobile/development/projects/CueScore/target/jasmine/spec/nine_ball/nine_ball_match_spec.js (line 31)</error></testcase><testcase classname="jasmine" name="Nine Ball Match Scoring should accept a number for the ball that was hit in" time="0.0" failure="true"><error type="expect.undefined" message="ReferenceError: &quot;NineBallMatch&quot; is not defined. in file:/Users/levid/Mobile/development/projects/CueScore/target/jasmine/spec/nine_ball/nine_ball_match_spec.js (line 10)TypeError: Cannot call method &quot;scoreNumberedBall&quot; of undefined in file:/Users/levid/Mobile/development/projects/CueScore/target/jasmine/spec/nine_ball/nine_ball_match_spec.js (line 36)">ReferenceError: &quot;NineBallMatch&quot; is not defined. in file:/Users/levid/Mobile/development/projects/CueScore/target/jasmine/spec/nine_ball/nine_ball_match_spec.js (line 10)TypeError: Cannot call method &quot;scoreNumberedBall&quot; of undefined in file:/Users/levid/Mobile/development/projects/CueScore/target/jasmine/spec/nine_ball/nine_ball_match_spec.js (line 36)</error></testcase><testcase classname="jasmine" name="Nine Ball Match Scoring should add 1 to the current Ball Count for the current player up for balls #1-8" time="0.0" failure="true"><error type="expect.undefined" message="ReferenceError: &quot;NineBallMatch&quot; is not defined. in file:/Users/levid/Mobile/development/projects/CueScore/target/jasmine/spec/nine_ball/nine_ball_match_spec.js (line 10)TypeError: Cannot read property &quot;CurrentGame&quot; from undefined in file:/Users/levid/Mobile/development/projects/CueScore/target/jasmine/spec/nine_ball/nine_ball_match_spec.js (line 39)">ReferenceError: &quot;NineBallMatch&quot; is not defined. in file:/Users/levid/Mobile/development/projects/CueScore/target/jasmine/spec/nine_ball/nine_ball_match_spec.js (line 10)TypeError: Cannot read property &quot;CurrentGame&quot; from undefined in file:/Users/levid/Mobile/development/projects/CueScore/target/jasmine/spec/nine_ball/nine_ball_match_spec.js (line 39)</error></testcase><testcase classname="jasmine" name="Nine Ball Match Scoring should add 2 to the current Ball Count for the current player up for ball #9" time="0.0" failure="true"><error type="expect.undefined" message="ReferenceError: &quot;NineBallMatch&quot; is not defined. in file:/Users/levid/Mobile/development/projects/CueScore/target/jasmine/spec/nine_ball/nine_ball_match_spec.js (line 10)TypeError: Cannot read property &quot;CurrentGame&quot; from undefined in file:/Users/levid/Mobile/development/projects/CueScore/target/jasmine/spec/nine_ball/nine_ball_match_spec.js (line 58)">ReferenceError: &quot;NineBallMatch&quot; is not defined. in file:/Users/levid/Mobile/development/projects/CueScore/target/jasmine/spec/nine_ball/nine_ball_match_spec.js (line 10)TypeError: Cannot read property &quot;CurrentGame&quot; from undefined in file:/Users/levid/Mobile/development/projects/CueScore/target/jasmine/spec/nine_ball/nine_ball_match_spec.js (line 58)</error></testcase><testcase classname="jasmine" name="Nine Ball Match Scoring should be able to get match's points by the team number" time="0.0" failure="true"><error type="expect.undefined" message="ReferenceError: &quot;NineBallMatch&quot; is not defined. in file:/Users/levid/Mobile/development/projects/CueScore/target/jasmine/spec/nine_ball/nine_ball_match_spec.js (line 10)TypeError: Cannot call method &quot;scoreNumberedBall&quot; of undefined in file:/Users/levid/Mobile/development/projects/CueScore/target/jasmine/spec/nine_ball/nine_ball_match_spec.js (line 63)">ReferenceError: &quot;NineBallMatch&quot; is not defined. in file:/Users/levid/Mobile/development/projects/CueScore/target/jasmine/spec/nine_ball/nine_ball_match_spec.js (line 10)TypeError: Cannot call method &quot;scoreNumberedBall&quot; of undefined in file:/Users/levid/Mobile/development/projects/CueScore/target/jasmine/spec/nine_ball/nine_ball_match_spec.js (line 63)</error></testcase><testcase classname="jasmine" name="Nine Ball Match Scoring should be able to remember the last person that was winning incase of a tie" time="0.0" failure="true"><error type="expect.undefined" message="ReferenceError: &quot;NineBallMatch&quot; is not defined. in file:/Users/levid/Mobile/development/projects/CueScore/target/jasmine/spec/nine_ball/nine_ball_match_spec.js (line 10)TypeError: Cannot call method &quot;scoreNumberedBall&quot; of undefined in file:/Users/levid/Mobile/development/projects/CueScore/target/jasmine/spec/nine_ball/nine_ball_match_spec.js (line 70)">ReferenceError: &quot;NineBallMatch&quot; is not defined. in file:/Users/levid/Mobile/development/projects/CueScore/target/jasmine/spec/nine_ball/nine_ball_match_spec.js (line 10)TypeError: Cannot call method &quot;scoreNumberedBall&quot; of undefined in file:/Users/levid/Mobile/development/projects/CueScore/target/jasmine/spec/nine_ball/nine_ball_match_spec.js (line 70)</error></testcase><testcase classname="jasmine" name="Nine Ball Match Match/Game Ending should add current game to the CompletedGames list and start a new Game when all 8 balls are accounted for on a DeadBall and 9 is scored" time="0.0" failure="true"><error type="expect.undefined" message="ReferenceError: &quot;NineBallMatch&quot; is not defined. in file:/Users/levid/Mobile/development/projects/CueScore/target/jasmine/spec/nine_ball/nine_ball_match_spec.js (line 10)TypeError: Cannot read property &quot;CompletedGames&quot; from undefined in file:/Users/levid/Mobile/development/projects/CueScore/target/jasmine/spec/nine_ball/nine_ball_match_spec.js (line 89)">ReferenceError: &quot;NineBallMatch&quot; is not defined. in file:/Users/levid/Mobile/development/projects/CueScore/target/jasmine/spec/nine_ball/nine_ball_match_spec.js (line 10)TypeError: Cannot read property &quot;CompletedGames&quot; from undefined in file:/Users/levid/Mobile/development/projects/CueScore/target/jasmine/spec/nine_ball/nine_ball_match_spec.js (line 89)</error></testcase><testcase classname="jasmine" name="Nine Ball Match Match/Game Ending should add current game to the CompletedGames list and start a new Game when all 9 balls are accounted for on a ScoredBall" time="0.0" failure="true"><error type="expect.undefined" message="ReferenceError: &quot;NineBallMatch&quot; is not defined. in file:/Users/levid/Mobile/development/projects/CueScore/target/jasmine/spec/nine_ball/nine_ball_match_spec.js (line 10)TypeError: Cannot read property &quot;CompletedGames&quot; from undefined in file:/Users/levid/Mobile/development/projects/CueScore/target/jasmine/spec/nine_ball/nine_ball_match_spec.js (line 106)">ReferenceError: &quot;NineBallMatch&quot; is not defined. in file:/Users/levid/Mobile/development/projects/CueScore/target/jasmine/spec/nine_ball/nine_ball_match_spec.js (line 10)TypeError: Cannot read property &quot;CompletedGames&quot; from undefined in file:/Users/levid/Mobile/development/projects/CueScore/target/jasmine/spec/nine_ball/nine_ball_match_spec.js (line 106)</error></testcase><testcase classname="jasmine" name="Nine Ball Match Match/Game Ending should know if the match is completed" time="0.0" failure="true"><error type="expect.undefined" message="ReferenceError: &quot;NineBallMatch&quot; is not defined. in file:/Users/levid/Mobile/development/projects/CueScore/target/jasmine/spec/nine_ball/nine_ball_match_spec.js (line 10)TypeError: Cannot read property &quot;Ended&quot; from undefined in file:/Users/levid/Mobile/development/projects/CueScore/target/jasmine/spec/nine_ball/nine_ball_match_spec.js (line 123)">ReferenceError: &quot;NineBallMatch&quot; is not defined. in file:/Users/levid/Mobile/development/projects/CueScore/target/jasmine/spec/nine_ball/nine_ball_match_spec.js (line 10)TypeError: Cannot read property &quot;Ended&quot; from undefined in file:/Users/levid/Mobile/development/projects/CueScore/target/jasmine/spec/nine_ball/nine_ball_match_spec.js (line 123)</error></testcase><testcase classname="jasmine" name="Nine Ball Match Match/Game Ending match should be ended when ball #1-8 scores, which then raises CurrentPlayers Score to equal Ball Count" time="0.0" failure="true"><error type="expect.undefined" message="ReferenceError: &quot;NineBallMatch&quot; is not defined. in file:/Users/levid/Mobile/development/projects/CueScore/target/jasmine/spec/nine_ball/nine_ball_match_spec.js (line 10)TypeError: Cannot read property &quot;Ended&quot; from undefined in file:/Users/levid/Mobile/development/projects/CueScore/target/jasmine/spec/nine_ball/nine_ball_match_spec.js (line 126)">ReferenceError: &quot;NineBallMatch&quot; is not defined. in file:/Users/levid/Mobile/development/projects/CueScore/target/jasmine/spec/nine_ball/nine_ball_match_spec.js (line 10)TypeError: Cannot read property &quot;Ended&quot; from undefined in file:/Users/levid/Mobile/development/projects/CueScore/target/jasmine/spec/nine_ball/nine_ball_match_spec.js (line 126)</error></testcase><testcase classname="jasmine" name="Nine Ball Match Match/Game Ending match should be ended when ball#9 scores, which then raises CurrentPlayers Score to above or equal Ball Count" time="0.0" failure="true"><error type="expect.undefined" message="ReferenceError: &quot;NineBallMatch&quot; is not defined. in file:/Users/levid/Mobile/development/projects/CueScore/target/jasmine/spec/nine_ball/nine_ball_match_spec.js (line 10)TypeError: Cannot read property &quot;Ended&quot; from undefined in file:/Users/levid/Mobile/development/projects/CueScore/target/jasmine/spec/nine_ball/nine_ball_match_spec.js (line 144)">ReferenceError: &quot;NineBallMatch&quot; is not defined. in file:/Users/levid/Mobile/development/projects/CueScore/target/jasmine/spec/nine_ball/nine_ball_match_spec.js (line 10)TypeError: Cannot read property &quot;Ended&quot; from undefined in file:/Users/levid/Mobile/development/projects/CueScore/target/jasmine/spec/nine_ball/nine_ball_match_spec.js (line 144)</error></testcase><testcase classname="jasmine" name="Nine Ball Match Match/Game Ending should hold multiple completed games" time="0.0" failure="true"><error type="expect.undefined" message="ReferenceError: &quot;NineBallMatch&quot; is not defined. in file:/Users/levid/Mobile/development/projects/CueScore/target/jasmine/spec/nine_ball/nine_ball_match_spec.js (line 10)TypeError: Cannot read property &quot;CompletedGames&quot; from undefined in file:/Users/levid/Mobile/development/projects/CueScore/target/jasmine/spec/nine_ball/nine_ball_match_spec.js (line 162)">ReferenceError: &quot;NineBallMatch&quot; is not defined. in file:/Users/levid/Mobile/development/projects/CueScore/target/jasmine/spec/nine_ball/nine_ball_match_spec.js (line 10)TypeError: Cannot read property &quot;CompletedGames&quot; from undefined in file:/Users/levid/Mobile/development/projects/CueScore/target/jasmine/spec/nine_ball/nine_ball_match_spec.js (line 162)</error></testcase><testcase classname="jasmine" name="Nine Ball Match Players should be able to find the losing player" time="0.0" failure="true"><error type="expect.undefined" message="ReferenceError: &quot;NineBallMatch&quot; is not defined. in file:/Users/levid/Mobile/development/projects/CueScore/target/jasmine/spec/nine_ball/nine_ball_match_spec.js (line 10)TypeError: Cannot call method &quot;scoreNumberedBall&quot; of undefined in file:/Users/levid/Mobile/development/projects/CueScore/target/jasmine/spec/nine_ball/nine_ball_match_spec.js (line 167)">ReferenceError: &quot;NineBallMatch&quot; is not defined. in file:/Users/levid/Mobile/development/projects/CueScore/target/jasmine/spec/nine_ball/nine_ball_match_spec.js (line 10)TypeError: Cannot call method &quot;scoreNumberedBall&quot; of undefined in file:/Users/levid/Mobile/development/projects/CueScore/target/jasmine/spec/nine_ball/nine_ball_match_spec.js (line 167)</error></testcase><testcase classname="jasmine" name="Nine Ball Match Players should be able to find the winning player" time="0.0" failure="true"><error type="expect.undefined" message="ReferenceError: &quot;NineBallMatch&quot; is not defined. in file:/Users/levid/Mobile/development/projects/CueScore/target/jasmine/spec/nine_ball/nine_ball_match_spec.js (line 10)TypeError: Cannot call method &quot;scoreNumberedBall&quot; of undefined in file:/Users/levid/Mobile/development/projects/CueScore/target/jasmine/spec/nine_ball/nine_ball_match_spec.js (line 171)">ReferenceError: &quot;NineBallMatch&quot; is not defined. in file:/Users/levid/Mobile/development/projects/CueScore/target/jasmine/spec/nine_ball/nine_ball_match_spec.js (line 10)TypeError: Cannot call method &quot;scoreNumberedBall&quot; of undefined in file:/Users/levid/Mobile/development/projects/CueScore/target/jasmine/spec/nine_ball/nine_ball_match_spec.js (line 171)</error></testcase><testcase classname="jasmine" name="Nine Ball Match Players should change currently up player on missed shot" time="0.0" failure="true"><error type="expect.undefined" message="ReferenceError: &quot;NineBallMatch&quot; is not defined. in file:/Users/levid/Mobile/development/projects/CueScore/target/jasmine/spec/nine_ball/nine_ball_match_spec.js (line 10)TypeError: Cannot read property &quot;PlayerOne&quot; from undefined in file:/Users/levid/Mobile/development/projects/CueScore/target/jasmine/spec/nine_ball/nine_ball_match_spec.js (line 175)">ReferenceError: &quot;NineBallMatch&quot; is not defined. in file:/Users/levid/Mobile/development/projects/CueScore/target/jasmine/spec/nine_ball/nine_ball_match_spec.js (line 10)TypeError: Cannot read property &quot;PlayerOne&quot; from undefined in file:/Users/levid/Mobile/development/projects/CueScore/target/jasmine/spec/nine_ball/nine_ball_match_spec.js (line 175)</error></testcase><testcase classname="jasmine" name="Nine Ball Match Players should be able to get the player twos match points earned" time="0.0" failure="true"><error type="expect.undefined" message="ReferenceError: &quot;NineBallMatch&quot; is not defined. in file:/Users/levid/Mobile/development/projects/CueScore/target/jasmine/spec/nine_ball/nine_ball_match_spec.js (line 10)TypeError: Cannot call method &quot;scoreNumberedBall&quot; of undefined in file:/Users/levid/Mobile/development/projects/CueScore/target/jasmine/spec/nine_ball/nine_ball_match_spec.js (line 180)">ReferenceError: &quot;NineBallMatch&quot; is not defined. in file:/Users/levid/Mobile/development/projects/CueScore/target/jasmine/spec/nine_ball/nine_ball_match_spec.js (line 10)TypeError: Cannot call method &quot;scoreNumberedBall&quot; of undefined in file:/Users/levid/Mobile/development/projects/CueScore/target/jasmine/spec/nine_ball/nine_ball_match_spec.js (line 180)</error></testcase><testcase classname="jasmine" name="Nine Ball Match Players should be able to see if Player One is winning" time="0.0" failure="true"><error type="expect.undefined" message="ReferenceError: &quot;NineBallMatch&quot; is not defined. in file:/Users/levid/Mobile/development/projects/CueScore/target/jasmine/spec/nine_ball/nine_ball_match_spec.js (line 10)TypeError: Cannot call method &quot;scoreNumberedBall&quot; of undefined in file:/Users/levid/Mobile/development/projects/CueScore/target/jasmine/spec/nine_ball/nine_ball_match_spec.js (line 205)">ReferenceError: &quot;NineBallMatch&quot; is not defined. in file:/Users/levid/Mobile/development/projects/CueScore/target/jasmine/spec/nine_ball/nine_ball_match_spec.js (line 10)TypeError: Cannot call method &quot;scoreNumberedBall&quot; of undefined in file:/Users/levid/Mobile/development/projects/CueScore/target/jasmine/spec/nine_ball/nine_ball_match_spec.js (line 205)</error></testcase><testcase classname="jasmine" name="Nine Ball Match Players should be able to see if Player Two is winning" time="0.0" failure="true"><error type="expect.undefined" message="ReferenceError: &quot;NineBallMatch&quot; is not defined. in file:/Users/levid/Mobile/development/projects/CueScore/target/jasmine/spec/nine_ball/nine_ball_match_spec.js (line 10)TypeError: Cannot call method &quot;scoreNumberedBall&quot; of undefined in file:/Users/levid/Mobile/development/projects/CueScore/target/jasmine/spec/nine_ball/nine_ball_match_spec.js (line 220)">ReferenceError: &quot;NineBallMatch&quot; is not defined. in file:/Users/levid/Mobile/development/projects/CueScore/target/jasmine/spec/nine_ball/nine_ball_match_spec.js (line 10)TypeError: Cannot call method &quot;scoreNumberedBall&quot; of undefined in file:/Users/levid/Mobile/development/projects/CueScore/target/jasmine/spec/nine_ball/nine_ball_match_spec.js (line 220)</error></testcase><testcase classname="jasmine" name="Nine Ball Match Players should be able to get the losing players match points earned" time="0.0" failure="true"><error type="expect.undefined" message="ReferenceError: &quot;NineBallMatch&quot; is not defined. in file:/Users/levid/Mobile/development/projects/CueScore/target/jasmine/spec/nine_ball/nine_ball_match_spec.js (line 10)TypeError: Cannot call method &quot;scoreNumberedBall&quot; of undefined in file:/Users/levid/Mobile/development/projects/CueScore/target/jasmine/spec/nine_ball/nine_ball_match_spec.js (line 234)">ReferenceError: &quot;NineBallMatch&quot; is not defined. in file:/Users/levid/Mobile/development/projects/CueScore/target/jasmine/spec/nine_ball/nine_ball_match_spec.js (line 10)TypeError: Cannot call method &quot;scoreNumberedBall&quot; of undefined in file:/Users/levid/Mobile/development/projects/CueScore/target/jasmine/spec/nine_ball/nine_ball_match_spec.js (line 234)</error></testcase><testcase classname="jasmine" name="Nine Ball Match Players should be able to get the winning players match points earned" time="0.0" failure="true"><error type="expect.undefined" message="ReferenceError: &quot;NineBallMatch&quot; is not defined. in file:/Users/levid/Mobile/development/projects/CueScore/target/jasmine/spec/nine_ball/nine_ball_match_spec.js (line 10)TypeError: Cannot call method &quot;scoreNumberedBall&quot; of undefined in file:/Users/levid/Mobile/development/projects/CueScore/target/jasmine/spec/nine_ball/nine_ball_match_spec.js (line 261)">ReferenceError: &quot;NineBallMatch&quot; is not defined. in file:/Users/levid/Mobile/development/projects/CueScore/target/jasmine/spec/nine_ball/nine_ball_match_spec.js (line 10)TypeError: Cannot call method &quot;scoreNumberedBall&quot; of undefined in file:/Users/levid/Mobile/development/projects/CueScore/target/jasmine/spec/nine_ball/nine_ball_match_spec.js (line 261)</error></testcase><testcase classname="jasmine" name="Nine Ball Match Players should be able to get the the match points. (example 20-0)" time="0.0" failure="true"><error type="expect.undefined" message="ReferenceError: &quot;NineBallMatch&quot; is not defined. in file:/Users/levid/Mobile/development/projects/CueScore/target/jasmine/spec/nine_ball/nine_ball_match_spec.js (line 10)TypeError: Cannot call method &quot;getMatchPoints&quot; of undefined in file:/Users/levid/Mobile/development/projects/CueScore/target/jasmine/spec/nine_ball/nine_ball_match_spec.js (line 288)">ReferenceError: &quot;NineBallMatch&quot; is not defined. in file:/Users/levid/Mobile/development/projects/CueScore/target/jasmine/spec/nine_ball/nine_ball_match_spec.js (line 10)TypeError: Cannot call method &quot;getMatchPoints&quot; of undefined in file:/Users/levid/Mobile/development/projects/CueScore/target/jasmine/spec/nine_ball/nine_ball_match_spec.js (line 288)</error></testcase><testcase classname="jasmine" name="Nine Ball Match should be able to set the a ball to be a deadball" time="0.0" failure="true"><error type="expect.undefined" message="ReferenceError: &quot;NineBallMatch&quot; is not defined. in file:/Users/levid/Mobile/development/projects/CueScore/target/jasmine/spec/nine_ball/nine_ball_match_spec.js (line 10)TypeError: Cannot call method &quot;hitDeadBall&quot; of undefined in file:/Users/levid/Mobile/development/projects/CueScore/target/jasmine/spec/nine_ball/nine_ball_match_spec.js (line 317)">ReferenceError: &quot;NineBallMatch&quot; is not defined. in file:/Users/levid/Mobile/development/projects/CueScore/target/jasmine/spec/nine_ball/nine_ball_match_spec.js (line 10)TypeError: Cannot call method &quot;hitDeadBall&quot; of undefined in file:/Users/levid/Mobile/development/projects/CueScore/target/jasmine/spec/nine_ball/nine_ball_match_spec.js (line 317)</error></testcase><testcase classname="jasmine" name="Nine Ball Match should be able to get the total number of innings" time="0.0" failure="true"><error type="expect.undefined" message="ReferenceError: &quot;NineBallMatch&quot; is not defined. in file:/Users/levid/Mobile/development/projects/CueScore/target/jasmine/spec/nine_ball/nine_ball_match_spec.js (line 10)TypeError: Cannot call method &quot;getTotalInnings&quot; of undefined in file:/Users/levid/Mobile/development/projects/CueScore/target/jasmine/spec/nine_ball/nine_ball_match_spec.js (line 324)">ReferenceError: &quot;NineBallMatch&quot; is not defined. in file:/Users/levid/Mobile/development/projects/CueScore/target/jasmine/spec/nine_ball/nine_ball_match_spec.js (line 10)TypeError: Cannot call method &quot;getTotalInnings&quot; of undefined in file:/Users/levid/Mobile/development/projects/CueScore/target/jasmine/spec/nine_ball/nine_ball_match_spec.js (line 324)</error></testcase><testcase classname="jasmine" name="Nine Ball Match should be able to get the total number of dead balls" time="0.0" failure="true"><error type="expect.undefined" message="ReferenceError: &quot;NineBallMatch&quot; is not defined. in file:/Users/levid/Mobile/development/projects/CueScore/target/jasmine/spec/nine_ball/nine_ball_match_spec.js (line 10)TypeError: Cannot call method &quot;getTotalDeadBalls&quot; of undefined in file:/Users/levid/Mobile/development/projects/CueScore/target/jasmine/spec/nine_ball/nine_ball_match_spec.js (line 335)">ReferenceError: &quot;NineBallMatch&quot; is not defined. in file:/Users/levid/Mobile/development/projects/CueScore/target/jasmine/spec/nine_ball/nine_ball_match_spec.js (line 10)TypeError: Cannot call method &quot;getTotalDeadBalls&quot; of undefined in file:/Users/levid/Mobile/development/projects/CueScore/target/jasmine/spec/nine_ball/nine_ball_match_spec.js (line 335)</error></testcase><testcase classname="jasmine" name="Nine Ball Match should be able to hold on to the OriginalId from the database" time="0.0" failure="true"><error type="expect.undefined" message="ReferenceError: &quot;NineBallMatch&quot; is not defined. in file:/Users/levid/Mobile/development/projects/CueScore/target/jasmine/spec/nine_ball/nine_ball_match_spec.js (line 10)TypeError: Cannot read property &quot;OriginalId&quot; from undefined in file:/Users/levid/Mobile/development/projects/CueScore/target/jasmine/spec/nine_ball/nine_ball_match_spec.js (line 349)">ReferenceError: &quot;NineBallMatch&quot; is not defined. in file:/Users/levid/Mobile/development/projects/CueScore/target/jasmine/spec/nine_ball/nine_ball_match_spec.js (line 10)TypeError: Cannot read property &quot;OriginalId&quot; from undefined in file:/Users/levid/Mobile/development/projects/CueScore/target/jasmine/spec/nine_ball/nine_ball_match_spec.js (line 349)</error></testcase><testcase classname="jasmine" name="Nine Ball Match should be able to hold on to the LeagueMatchId from the database" time="0.0" failure="true"><error type="expect.undefined" message="ReferenceError: &quot;NineBallMatch&quot; is not defined. in file:/Users/levid/Mobile/development/projects/CueScore/target/jasmine/spec/nine_ball/nine_ball_match_spec.js (line 10)TypeError: Cannot read property &quot;LeagueMatchId&quot; from undefined in file:/Users/levid/Mobile/development/projects/CueScore/target/jasmine/spec/nine_ball/nine_ball_match_spec.js (line 352)">ReferenceError: &quot;NineBallMatch&quot; is not defined. in file:/Users/levid/Mobile/development/projects/CueScore/target/jasmine/spec/nine_ball/nine_ball_match_spec.js (line 10)TypeError: Cannot read property &quot;LeagueMatchId&quot; from undefined in file:/Users/levid/Mobile/development/projects/CueScore/target/jasmine/spec/nine_ball/nine_ball_match_spec.js (line 352)</error></testcase><testcase classname="jasmine" name="Nine Ball Match should be able to know the current game number" time="0.0" failure="true"><error type="expect.undefined" message="ReferenceError: &quot;NineBallMatch&quot; is not defined. in file:/Users/levid/Mobile/development/projects/CueScore/target/jasmine/spec/nine_ball/nine_ball_match_spec.js (line 10)TypeError: Cannot call method &quot;getCurrentGameNumber&quot; of undefined in file:/Users/levid/Mobile/development/projects/CueScore/target/jasmine/spec/nine_ball/nine_ball_match_spec.js (line 355)">ReferenceError: &quot;NineBallMatch&quot; is not defined. in file:/Users/levid/Mobile/development/projects/CueScore/target/jasmine/spec/nine_ball/nine_ball_match_spec.js (line 10)TypeError: Cannot call method &quot;getCurrentGameNumber&quot; of undefined in file:/Users/levid/Mobile/development/projects/CueScore/target/jasmine/spec/nine_ball/nine_ball_match_spec.js (line 355)</error></testcase><testcase classname="jasmine" name="Nine Ball Match should be able to get total number of safeties" time="0.0" failure="true"><error type="expect.undefined" message="ReferenceError: &quot;NineBallMatch&quot; is not defined. in file:/Users/levid/Mobile/development/projects/CueScore/target/jasmine/spec/nine_ball/nine_ball_match_spec.js (line 10)TypeError: Cannot call method &quot;getTotalSafeties&quot; of undefined in file:/Users/levid/Mobile/development/projects/CueScore/target/jasmine/spec/nine_ball/nine_ball_match_spec.js (line 369)">ReferenceError: &quot;NineBallMatch&quot; is not defined. in file:/Users/levid/Mobile/development/projects/CueScore/target/jasmine/spec/nine_ball/nine_ball_match_spec.js (line 10)TypeError: Cannot call method &quot;getTotalSafeties&quot; of undefined in file:/Users/levid/Mobile/development/projects/CueScore/target/jasmine/spec/nine_ball/nine_ball_match_spec.js (line 369)</error></testcase><testcase classname="jasmine" name="Nine Ball Match should be able to hit a safety" time="0.0" failure="true"><error type="expect.undefined" message="ReferenceError: &quot;NineBallMatch&quot; is not defined. in file:/Users/levid/Mobile/development/projects/CueScore/target/jasmine/spec/nine_ball/nine_ball_match_spec.js (line 10)TypeError: Cannot call method &quot;getTotalSafeties&quot; of undefined in file:/Users/levid/Mobile/development/projects/CueScore/target/jasmine/spec/nine_ball/nine_ball_match_spec.js (line 372)">ReferenceError: &quot;NineBallMatch&quot; is not defined. in file:/Users/levid/Mobile/development/projects/CueScore/target/jasmine/spec/nine_ball/nine_ball_match_spec.js (line 10)TypeError: Cannot call method &quot;getTotalSafeties&quot; of undefined in file:/Users/levid/Mobile/development/projects/CueScore/target/jasmine/spec/nine_ball/nine_ball_match_spec.js (line 372)</error></testcase><testcase classname="jasmine" name="Nine Ball Match should reset Timeouts taken for each player when a game has ended" time="0.0" failure="true"><error type="expect.undefined" message="ReferenceError: &quot;NineBallMatch&quot; is not defined. in file:/Users/levid/Mobile/development/projects/CueScore/target/jasmine/spec/nine_ball/nine_ball_match_spec.js (line 10)TypeError: Cannot read property &quot;CurrentGame&quot; from undefined in file:/Users/levid/Mobile/development/projects/CueScore/target/jasmine/spec/nine_ball/nine_ball_match_spec.js (line 385)">ReferenceError: &quot;NineBallMatch&quot; is not defined. in file:/Users/levid/Mobile/development/projects/CueScore/target/jasmine/spec/nine_ball/nine_ball_match_spec.js (line 10)TypeError: Cannot read property &quot;CurrentGame&quot; from undefined in file:/Users/levid/Mobile/development/projects/CueScore/target/jasmine/spec/nine_ball/nine_ball_match_spec.js (line 385)</error></testcase><testcase classname="jasmine" name="Nine Ball Match toJSON/fromJSON should be able to take a new Match and turn it into a JSON object" time="0.0" failure="true"><error type="expect.undefined" message="ReferenceError: &quot;NineBallMatch&quot; is not defined. in file:/Users/levid/Mobile/development/projects/CueScore/target/jasmine/spec/nine_ball/nine_ball_match_spec.js (line 10)TypeError: Cannot call method &quot;toJSON&quot; of undefined in file:/Users/levid/Mobile/development/projects/CueScore/target/jasmine/spec/nine_ball/nine_ball_match_spec.js (line 399)">ReferenceError: &quot;NineBallMatch&quot; is not defined. in file:/Users/levid/Mobile/development/projects/CueScore/target/jasmine/spec/nine_ball/nine_ball_match_spec.js (line 10)TypeError: Cannot call method &quot;toJSON&quot; of undefined in file:/Users/levid/Mobile/development/projects/CueScore/target/jasmine/spec/nine_ball/nine_ball_match_spec.js (line 399)</error></testcase><testcase classname="jasmine" name="Nine Ball Match toJSON/fromJSON should be able to take a filled Match and turn it into a JSON object" time="0.0" failure="true"><error type="expect.undefined" message="ReferenceError: &quot;NineBallMatch&quot; is not defined. in file:/Users/levid/Mobile/development/projects/CueScore/target/jasmine/spec/nine_ball/nine_ball_match_spec.js (line 10)TypeError: Cannot call method &quot;scoreNumberedBall&quot; of undefined in file:/Users/levid/Mobile/development/projects/CueScore/target/jasmine/spec/nine_ball/nine_ball_match_spec.js (line 453)">ReferenceError: &quot;NineBallMatch&quot; is not defined. in file:/Users/levid/Mobile/development/projects/CueScore/target/jasmine/spec/nine_ball/nine_ball_match_spec.js (line 10)TypeError: Cannot call method &quot;scoreNumberedBall&quot; of undefined in file:/Users/levid/Mobile/development/projects/CueScore/target/jasmine/spec/nine_ball/nine_ball_match_spec.js (line 453)</error></testcase><testcase classname="jasmine" name="Nine Ball Match toJSON/fromJSON should be able to put a matches completed games into a JSON object" time="0.0" failure="true"><error type="expect.undefined" message="ReferenceError: &quot;NineBallMatch&quot; is not defined. in file:/Users/levid/Mobile/development/projects/CueScore/target/jasmine/spec/nine_ball/nine_ball_match_spec.js (line 10)TypeError: Cannot call method &quot;scoreNumberedBall&quot; of undefined in file:/Users/levid/Mobile/development/projects/CueScore/target/jasmine/spec/nine_ball/nine_ball_match_spec.js (line 534)">ReferenceError: &quot;NineBallMatch&quot; is not defined. in file:/Users/levid/Mobile/development/projects/CueScore/target/jasmine/spec/nine_ball/nine_ball_match_spec.js (line 10)TypeError: Cannot call method &quot;scoreNumberedBall&quot; of undefined in file:/Users/levid/Mobile/development/projects/CueScore/target/jasmine/spec/nine_ball/nine_ball_match_spec.js (line 534)</error></testcase><testcase classname="jasmine" name="Nine Ball Match toJSON/fromJSON should be able to take a Player JSON and fill a Player object and return it" time="0.0" failure="true"><error type="expect.undefined" message="ReferenceError: &quot;NineBallMatch&quot; is not defined. in file:/Users/levid/Mobile/development/projects/CueScore/target/jasmine/spec/nine_ball/nine_ball_match_spec.js (line 10)TypeError: Cannot call method &quot;playerFromJSON&quot; of undefined in file:/Users/levid/Mobile/development/projects/CueScore/target/jasmine/spec/nine_ball/nine_ball_match_spec.js (line 565)">ReferenceError: &quot;NineBallMatch&quot; is not defined. in file:/Users/levid/Mobile/development/projects/CueScore/target/jasmine/spec/nine_ball/nine_ball_match_spec.js (line 10)TypeError: Cannot call method &quot;playerFromJSON&quot; of undefined in file:/Users/levid/Mobile/development/projects/CueScore/target/jasmine/spec/nine_ball/nine_ball_match_spec.js (line 565)</error></testcase><testcase classname="jasmine" name="Nine Ball Match toJSON/fromJSON should be able to take a Match JSON and fill its values" time="0.0" failure="true"><error type="expect.undefined" message="ReferenceError: &quot;NineBallMatch&quot; is not defined. in file:/Users/levid/Mobile/development/projects/CueScore/target/jasmine/spec/nine_ball/nine_ball_match_spec.js (line 10)ReferenceError: &quot;NineBallMatch&quot; is not defined. in file:/Users/levid/Mobile/development/projects/CueScore/target/jasmine/spec/nine_ball/nine_ball_match_spec.js (line 590)">ReferenceError: &quot;NineBallMatch&quot; is not defined. in file:/Users/levid/Mobile/development/projects/CueScore/target/jasmine/spec/nine_ball/nine_ball_match_spec.js (line 10)ReferenceError: &quot;NineBallMatch&quot; is not defined. in file:/Users/levid/Mobile/development/projects/CueScore/target/jasmine/spec/nine_ball/nine_ball_match_spec.js (line 590)</error></testcase><testcase classname="jasmine" name="Nine Ball Match toJSON/fromJSON should be able to take a CompletedGames JSON array and convert it to JS Array with Objects" time="0.0" failure="true"><error type="expect.undefined" message="ReferenceError: &quot;NineBallMatch&quot; is not defined. in file:/Users/levid/Mobile/development/projects/CueScore/target/jasmine/spec/nine_ball/nine_ball_match_spec.js (line 10)TypeError: Cannot call method &quot;completedGamesFromJSON&quot; of undefined in file:/Users/levid/Mobile/development/projects/CueScore/target/jasmine/spec/nine_ball/nine_ball_match_spec.js (line 676)">ReferenceError: &quot;NineBallMatch&quot; is not defined. in file:/Users/levid/Mobile/development/projects/CueScore/target/jasmine/spec/nine_ball/nine_ball_match_spec.js (line 10)TypeError: Cannot call method &quot;completedGamesFromJSON&quot; of undefined in file:/Users/levid/Mobile/development/projects/CueScore/target/jasmine/spec/nine_ball/nine_ball_match_spec.js (line 676)</error></testcase><testcase classname="jasmine" name="NineBall Player Constructor should store the parameters" time="0.0" failure="true"><error type="expect.undefined" message="ReferenceError: &quot;NineBallPlayer&quot; is not defined. in file:/Users/levid/Mobile/development/projects/CueScore/target/jasmine/spec/nine_ball/nine_ball_player_spec.js (line 8)TypeError: Cannot read property &quot;Name&quot; from undefined in file:/Users/levid/Mobile/development/projects/CueScore/target/jasmine/spec/nine_ball/nine_ball_player_spec.js (line 12)">ReferenceError: &quot;NineBallPlayer&quot; is not defined. in file:/Users/levid/Mobile/development/projects/CueScore/target/jasmine/spec/nine_ball/nine_ball_player_spec.js (line 8)TypeError: Cannot read property &quot;Name&quot; from undefined in file:/Users/levid/Mobile/development/projects/CueScore/target/jasmine/spec/nine_ball/nine_ball_player_spec.js (line 12)</error></testcase><testcase classname="jasmine" name="NineBall Player Constructor should look up and store ball count" time="0.0" failure="true"><error type="expect.undefined" message="ReferenceError: &quot;NineBallPlayer&quot; is not defined. in file:/Users/levid/Mobile/development/projects/CueScore/target/jasmine/spec/nine_ball/nine_ball_player_spec.js (line 8)TypeError: Cannot read property &quot;BallCount&quot; from undefined in file:/Users/levid/Mobile/development/projects/CueScore/target/jasmine/spec/nine_ball/nine_ball_player_spec.js (line 18)">ReferenceError: &quot;NineBallPlayer&quot; is not defined. in file:/Users/levid/Mobile/development/projects/CueScore/target/jasmine/spec/nine_ball/nine_ball_player_spec.js (line 8)TypeError: Cannot read property &quot;BallCount&quot; from undefined in file:/Users/levid/Mobile/development/projects/CueScore/target/jasmine/spec/nine_ball/nine_ball_player_spec.js (line 18)</error></testcase><testcase classname="jasmine" name="NineBall Player should know if the player is a captain" time="0.0" failure="true"><error type="expect.undefined" message="ReferenceError: &quot;NineBallPlayer&quot; is not defined. in file:/Users/levid/Mobile/development/projects/CueScore/target/jasmine/spec/nine_ball/nine_ball_player_spec.js (line 8)TypeError: Cannot read property &quot;IsCaptain&quot; from undefined in file:/Users/levid/Mobile/development/projects/CueScore/target/jasmine/spec/nine_ball/nine_ball_player_spec.js (line 22)">ReferenceError: &quot;NineBallPlayer&quot; is not defined. in file:/Users/levid/Mobile/development/projects/CueScore/target/jasmine/spec/nine_ball/nine_ball_player_spec.js (line 8)TypeError: Cannot read property &quot;IsCaptain&quot; from undefined in file:/Users/levid/Mobile/development/projects/CueScore/target/jasmine/spec/nine_ball/nine_ball_player_spec.js (line 22)</error></testcase><testcase classname="jasmine" name="NineBall Player should have a Score" time="0.0" failure="true"><error type="expect.undefined" message="ReferenceError: &quot;NineBallPlayer&quot; is not defined. in file:/Users/levid/Mobile/development/projects/CueScore/target/jasmine/spec/nine_ball/nine_ball_player_spec.js (line 8)TypeError: Cannot read property &quot;Score&quot; from undefined in file:/Users/levid/Mobile/development/projects/CueScore/target/jasmine/spec/nine_ball/nine_ball_player_spec.js (line 27)">ReferenceError: &quot;NineBallPlayer&quot; is not defined. in file:/Users/levid/Mobile/development/projects/CueScore/target/jasmine/spec/nine_ball/nine_ball_player_spec.js (line 8)TypeError: Cannot read property &quot;Score&quot; from undefined in file:/Users/levid/Mobile/development/projects/CueScore/target/jasmine/spec/nine_ball/nine_ball_player_spec.js (line 27)</error></testcase><testcase classname="jasmine" name="NineBall Player should be able to add a number to the current score" time="0.0" failure="true"><error type="expect.undefined" message="ReferenceError: &quot;NineBallPlayer&quot; is not defined. in file:/Users/levid/Mobile/development/projects/CueScore/target/jasmine/spec/nine_ball/nine_ball_player_spec.js (line 8)TypeError: Cannot read property &quot;Score&quot; from undefined in file:/Users/levid/Mobile/development/projects/CueScore/target/jasmine/spec/nine_ball/nine_ball_player_spec.js (line 30)">ReferenceError: &quot;NineBallPlayer&quot; is not defined. in file:/Users/levid/Mobile/development/projects/CueScore/target/jasmine/spec/nine_ball/nine_ball_player_spec.js (line 8)TypeError: Cannot read property &quot;Score&quot; from undefined in file:/Users/levid/Mobile/development/projects/CueScore/target/jasmine/spec/nine_ball/nine_ball_player_spec.js (line 30)</error></testcase><testcase classname="jasmine" name="NineBall Player should be able to find the remaining ball count" time="0.0" failure="true"><error type="expect.undefined" message="ReferenceError: &quot;NineBallPlayer&quot; is not defined. in file:/Users/levid/Mobile/development/projects/CueScore/target/jasmine/spec/nine_ball/nine_ball_player_spec.js (line 8)TypeError: Cannot call method &quot;addToScore&quot; of undefined in file:/Users/levid/Mobile/development/projects/CueScore/target/jasmine/spec/nine_ball/nine_ball_player_spec.js (line 37)">ReferenceError: &quot;NineBallPlayer&quot; is not defined. in file:/Users/levid/Mobile/development/projects/CueScore/target/jasmine/spec/nine_ball/nine_ball_player_spec.js (line 8)TypeError: Cannot call method &quot;addToScore&quot; of undefined in file:/Users/levid/Mobile/development/projects/CueScore/target/jasmine/spec/nine_ball/nine_ball_player_spec.js (line 37)</error></testcase><testcase classname="jasmine" name="NineBall Player should keep track of Safeties" time="0.0" failure="true"><error type="expect.undefined" message="ReferenceError: &quot;NineBallPlayer&quot; is not defined. in file:/Users/levid/Mobile/development/projects/CueScore/target/jasmine/spec/nine_ball/nine_ball_player_spec.js (line 8)TypeError: Cannot read property &quot;Safeties&quot; from undefined in file:/Users/levid/Mobile/development/projects/CueScore/target/jasmine/spec/nine_ball/nine_ball_player_spec.js (line 41)">ReferenceError: &quot;NineBallPlayer&quot; is not defined. in file:/Users/levid/Mobile/development/projects/CueScore/target/jasmine/spec/nine_ball/nine_ball_player_spec.js (line 8)TypeError: Cannot read property &quot;Safeties&quot; from undefined in file:/Users/levid/Mobile/development/projects/CueScore/target/jasmine/spec/nine_ball/nine_ball_player_spec.js (line 41)</error></testcase><testcase classname="jasmine" name="NineBall Player should be able to add 1 to Safeties" time="0.0" failure="true"><error type="expect.undefined" message="ReferenceError: &quot;NineBallPlayer&quot; is not defined. in file:/Users/levid/Mobile/development/projects/CueScore/target/jasmine/spec/nine_ball/nine_ball_player_spec.js (line 8)TypeError: Cannot call method &quot;addOneToSafeties&quot; of undefined in file:/Users/levid/Mobile/development/projects/CueScore/target/jasmine/spec/nine_ball/nine_ball_player_spec.js (line 44)">ReferenceError: &quot;NineBallPlayer&quot; is not defined. in file:/Users/levid/Mobile/development/projects/CueScore/target/jasmine/spec/nine_ball/nine_ball_player_spec.js (line 8)TypeError: Cannot call method &quot;addOneToSafeties&quot; of undefined in file:/Users/levid/Mobile/development/projects/CueScore/target/jasmine/spec/nine_ball/nine_ball_player_spec.js (line 44)</error></testcase><testcase classname="jasmine" name="NineBall Player should be able to keep track if it is the currently up player" time="0.0" failure="true"><error type="expect.undefined" message="ReferenceError: &quot;NineBallPlayer&quot; is not defined. in file:/Users/levid/Mobile/development/projects/CueScore/target/jasmine/spec/nine_ball/nine_ball_player_spec.js (line 8)TypeError: Cannot read property &quot;CurrentlyUp&quot; from undefined in file:/Users/levid/Mobile/development/projects/CueScore/target/jasmine/spec/nine_ball/nine_ball_player_spec.js (line 48)">ReferenceError: &quot;NineBallPlayer&quot; is not defined. in file:/Users/levid/Mobile/development/projects/CueScore/target/jasmine/spec/nine_ball/nine_ball_player_spec.js (line 8)TypeError: Cannot read property &quot;CurrentlyUp&quot; from undefined in file:/Users/levid/Mobile/development/projects/CueScore/target/jasmine/spec/nine_ball/nine_ball_player_spec.js (line 48)</error></testcase><testcase classname="jasmine" name="NineBall Player should be able to set currently up to true or false" time="0.0" failure="true"><error type="expect.undefined" message="ReferenceError: &quot;NineBallPlayer&quot; is not defined. in file:/Users/levid/Mobile/development/projects/CueScore/target/jasmine/spec/nine_ball/nine_ball_player_spec.js (line 8)TypeError: Cannot set property &quot;CurrentlyUp&quot; of undefined to &quot;true&quot; in file:/Users/levid/Mobile/development/projects/CueScore/target/jasmine/spec/nine_ball/nine_ball_player_spec.js (line 51)">ReferenceError: &quot;NineBallPlayer&quot; is not defined. in file:/Users/levid/Mobile/development/projects/CueScore/target/jasmine/spec/nine_ball/nine_ball_player_spec.js (line 8)TypeError: Cannot set property &quot;CurrentlyUp&quot; of undefined to &quot;true&quot; in file:/Users/levid/Mobile/development/projects/CueScore/target/jasmine/spec/nine_ball/nine_ball_player_spec.js (line 51)</error></testcase><testcase classname="jasmine" name="NineBall Player should know if player won" time="0.0" failure="true"><error type="expect.undefined" message="ReferenceError: &quot;NineBallPlayer&quot; is not defined. in file:/Users/levid/Mobile/development/projects/CueScore/target/jasmine/spec/nine_ball/nine_ball_player_spec.js (line 8)TypeError: Cannot call method &quot;addToScore&quot; of undefined in file:/Users/levid/Mobile/development/projects/CueScore/target/jasmine/spec/nine_ball/nine_ball_player_spec.js (line 57)">ReferenceError: &quot;NineBallPlayer&quot; is not defined. in file:/Users/levid/Mobile/development/projects/CueScore/target/jasmine/spec/nine_ball/nine_ball_player_spec.js (line 8)TypeError: Cannot call method &quot;addToScore&quot; of undefined in file:/Users/levid/Mobile/development/projects/CueScore/target/jasmine/spec/nine_ball/nine_ball_player_spec.js (line 57)</error></testcase><testcase classname="jasmine" name="NineBall Player should be able to keep track of number of 9 on snap" time="0.0" failure="true"><error type="expect.undefined" message="ReferenceError: &quot;NineBallPlayer&quot; is not defined. in file:/Users/levid/Mobile/development/projects/CueScore/target/jasmine/spec/nine_ball/nine_ball_player_spec.js (line 8)TypeError: Cannot read property &quot;NineOnSnaps&quot; from undefined in file:/Users/levid/Mobile/development/projects/CueScore/target/jasmine/spec/nine_ball/nine_ball_player_spec.js (line 63)">ReferenceError: &quot;NineBallPlayer&quot; is not defined. in file:/Users/levid/Mobile/development/projects/CueScore/target/jasmine/spec/nine_ball/nine_ball_player_spec.js (line 8)TypeError: Cannot read property &quot;NineOnSnaps&quot; from undefined in file:/Users/levid/Mobile/development/projects/CueScore/target/jasmine/spec/nine_ball/nine_ball_player_spec.js (line 63)</error></testcase><testcase classname="jasmine" name="NineBall Player should be able to keep track of number of break and run" time="0.0" failure="true"><error type="expect.undefined" message="ReferenceError: &quot;NineBallPlayer&quot; is not defined. in file:/Users/levid/Mobile/development/projects/CueScore/target/jasmine/spec/nine_ball/nine_ball_player_spec.js (line 8)TypeError: Cannot read property &quot;BreakAndRuns&quot; from undefined in file:/Users/levid/Mobile/development/projects/CueScore/target/jasmine/spec/nine_ball/nine_ball_player_spec.js (line 66)">ReferenceError: &quot;NineBallPlayer&quot; is not defined. in file:/Users/levid/Mobile/development/projects/CueScore/target/jasmine/spec/nine_ball/nine_ball_player_spec.js (line 8)TypeError: Cannot read property &quot;BreakAndRuns&quot; from undefined in file:/Users/levid/Mobile/development/projects/CueScore/target/jasmine/spec/nine_ball/nine_ball_player_spec.js (line 66)</error></testcase><testcase classname="jasmine" name="NineBall Player should be able to add one to number of 9 on snap" time="0.0" failure="true"><error type="expect.undefined" message="ReferenceError: &quot;NineBallPlayer&quot; is not defined. in file:/Users/levid/Mobile/development/projects/CueScore/target/jasmine/spec/nine_ball/nine_ball_player_spec.js (line 8)TypeError: Cannot read property &quot;NineOnSnaps&quot; from undefined in file:/Users/levid/Mobile/development/projects/CueScore/target/jasmine/spec/nine_ball/nine_ball_player_spec.js (line 69)">ReferenceError: &quot;NineBallPlayer&quot; is not defined. in file:/Users/levid/Mobile/development/projects/CueScore/target/jasmine/spec/nine_ball/nine_ball_player_spec.js (line 8)TypeError: Cannot read property &quot;NineOnSnaps&quot; from undefined in file:/Users/levid/Mobile/development/projects/CueScore/target/jasmine/spec/nine_ball/nine_ball_player_spec.js (line 69)</error></testcase><testcase classname="jasmine" name="NineBall Player should be able add one to break and run" time="0.0" failure="true"><error type="expect.undefined" message="ReferenceError: &quot;NineBallPlayer&quot; is not defined. in file:/Users/levid/Mobile/development/projects/CueScore/target/jasmine/spec/nine_ball/nine_ball_player_spec.js (line 8)TypeError: Cannot read property &quot;BreakAndRuns&quot; from undefined in file:/Users/levid/Mobile/development/projects/CueScore/target/jasmine/spec/nine_ball/nine_ball_player_spec.js (line 74)">ReferenceError: &quot;NineBallPlayer&quot; is not defined. in file:/Users/levid/Mobile/development/projects/CueScore/target/jasmine/spec/nine_ball/nine_ball_player_spec.js (line 8)TypeError: Cannot read property &quot;BreakAndRuns&quot; from undefined in file:/Users/levid/Mobile/development/projects/CueScore/target/jasmine/spec/nine_ball/nine_ball_player_spec.js (line 74)</error></testcase><testcase classname="jasmine" name="NineBall Player should be able to return first name and last name as initial" time="0.0" failure="true"><error type="expect.undefined" message="ReferenceError: &quot;NineBallPlayer&quot; is not defined. in file:/Users/levid/Mobile/development/projects/CueScore/target/jasmine/spec/nine_ball/nine_ball_player_spec.js (line 8)TypeError: Cannot call method &quot;getFirstNameWithInitials&quot; of undefined in file:/Users/levid/Mobile/development/projects/CueScore/target/jasmine/spec/nine_ball/nine_ball_player_spec.js (line 79)">ReferenceError: &quot;NineBallPlayer&quot; is not defined. in file:/Users/levid/Mobile/development/projects/CueScore/target/jasmine/spec/nine_ball/nine_ball_player_spec.js (line 8)TypeError: Cannot call method &quot;getFirstNameWithInitials&quot; of undefined in file:/Users/levid/Mobile/development/projects/CueScore/target/jasmine/spec/nine_ball/nine_ball_player_spec.js (line 79)</error></testcase><testcase classname="jasmine" name="NineBall Player should return just the first name if no last name is defined" time="0.0" failure="true"><error type="expect.undefined" message="ReferenceError: &quot;NineBallPlayer&quot; is not defined. in file:/Users/levid/Mobile/development/projects/CueScore/target/jasmine/spec/nine_ball/nine_ball_player_spec.js (line 8)ReferenceError: &quot;NineBallPlayer&quot; is not defined. in file:/Users/levid/Mobile/development/projects/CueScore/target/jasmine/spec/nine_ball/nine_ball_player_spec.js (line 82)">ReferenceError: &quot;NineBallPlayer&quot; is not defined. in file:/Users/levid/Mobile/development/projects/CueScore/target/jasmine/spec/nine_ball/nine_ball_player_spec.js (line 8)ReferenceError: &quot;NineBallPlayer&quot; is not defined. in file:/Users/levid/Mobile/development/projects/CueScore/target/jasmine/spec/nine_ball/nine_ball_player_spec.js (line 82)</error></testcase><testcase classname="jasmine" name="NineBall Player should return the Score as a string" time="0.0" failure="true"><error type="expect.undefined" message="ReferenceError: &quot;NineBallPlayer&quot; is not defined. in file:/Users/levid/Mobile/development/projects/CueScore/target/jasmine/spec/nine_ball/nine_ball_player_spec.js (line 8)TypeError: Cannot call method &quot;getScore&quot; of undefined in file:/Users/levid/Mobile/development/projects/CueScore/target/jasmine/spec/nine_ball/nine_ball_player_spec.js (line 86)">ReferenceError: &quot;NineBallPlayer&quot; is not defined. in file:/Users/levid/Mobile/development/projects/CueScore/target/jasmine/spec/nine_ball/nine_ball_player_spec.js (line 8)TypeError: Cannot call method &quot;getScore&quot; of undefined in file:/Users/levid/Mobile/development/projects/CueScore/target/jasmine/spec/nine_ball/nine_ball_player_spec.js (line 86)</error></testcase><testcase classname="jasmine" name="NineBall Player should return Nine On Snap as a string" time="0.0" failure="true"><error type="expect.undefined" message="ReferenceError: &quot;NineBallPlayer&quot; is not defined. in file:/Users/levid/Mobile/development/projects/CueScore/target/jasmine/spec/nine_ball/nine_ball_player_spec.js (line 8)TypeError: Cannot call method &quot;getNineOnSnaps&quot; of undefined in file:/Users/levid/Mobile/development/projects/CueScore/target/jasmine/spec/nine_ball/nine_ball_player_spec.js (line 89)">ReferenceError: &quot;NineBallPlayer&quot; is not defined. in file:/Users/levid/Mobile/development/projects/CueScore/target/jasmine/spec/nine_ball/nine_ball_player_spec.js (line 8)TypeError: Cannot call method &quot;getNineOnSnaps&quot; of undefined in file:/Users/levid/Mobile/development/projects/CueScore/target/jasmine/spec/nine_ball/nine_ball_player_spec.js (line 89)</error></testcase><testcase classname="jasmine" name="NineBall Player should return Break And Runs as a string" time="0.0" failure="true"><error type="expect.undefined" message="ReferenceError: &quot;NineBallPlayer&quot; is not defined. in file:/Users/levid/Mobile/development/projects/CueScore/target/jasmine/spec/nine_ball/nine_ball_player_spec.js (line 8)TypeError: Cannot call method &quot;getBreakAndRuns&quot; of undefined in file:/Users/levid/Mobile/development/projects/CueScore/target/jasmine/spec/nine_ball/nine_ball_player_spec.js (line 94)">ReferenceError: &quot;NineBallPlayer&quot; is not defined. in file:/Users/levid/Mobile/development/projects/CueScore/target/jasmine/spec/nine_ball/nine_ball_player_spec.js (line 8)TypeError: Cannot call method &quot;getBreakAndRuns&quot; of undefined in file:/Users/levid/Mobile/development/projects/CueScore/target/jasmine/spec/nine_ball/nine_ball_player_spec.js (line 94)</error></testcase><testcase classname="jasmine" name="NineBall Player should be able to have the Rank changed and have the BallCounts and TimeoutsAllowed automatically" time="0.0" failure="true"><error type="expect.undefined" message="ReferenceError: &quot;NineBallPlayer&quot; is not defined. in file:/Users/levid/Mobile/development/projects/CueScore/target/jasmine/spec/nine_ball/nine_ball_player_spec.js (line 8)TypeError: Cannot read property &quot;BallCount&quot; from undefined in file:/Users/levid/Mobile/development/projects/CueScore/target/jasmine/spec/nine_ball/nine_ball_player_spec.js (line 99)">ReferenceError: &quot;NineBallPlayer&quot; is not defined. in file:/Users/levid/Mobile/development/projects/CueScore/target/jasmine/spec/nine_ball/nine_ball_player_spec.js (line 8)TypeError: Cannot read property &quot;BallCount&quot; from undefined in file:/Users/levid/Mobile/development/projects/CueScore/target/jasmine/spec/nine_ball/nine_ball_player_spec.js (line 99)</error></testcase><testcase classname="jasmine" name="NineBall Player should be able to return a Ratio Score" time="0.0" failure="true"><error type="expect.undefined" message="ReferenceError: &quot;NineBallPlayer&quot; is not defined. in file:/Users/levid/Mobile/development/projects/CueScore/target/jasmine/spec/nine_ball/nine_ball_player_spec.js (line 8)TypeError: Cannot call method &quot;addToScore&quot; of undefined in file:/Users/levid/Mobile/development/projects/CueScore/target/jasmine/spec/nine_ball/nine_ball_player_spec.js (line 107)">ReferenceError: &quot;NineBallPlayer&quot; is not defined. in file:/Users/levid/Mobile/development/projects/CueScore/target/jasmine/spec/nine_ball/nine_ball_player_spec.js (line 8)TypeError: Cannot call method &quot;addToScore&quot; of undefined in file:/Users/levid/Mobile/development/projects/CueScore/target/jasmine/spec/nine_ball/nine_ball_player_spec.js (line 107)</error></testcase><testcase classname="jasmine" name="NineBall Player toJSON/fromJSON should be able to take a new Player and turn it into a JSON object" time="0.0" failure="true"><error type="expect.undefined" message="ReferenceError: &quot;NineBallPlayer&quot; is not defined. in file:/Users/levid/Mobile/development/projects/CueScore/target/jasmine/spec/nine_ball/nine_ball_player_spec.js (line 8)TypeError: Cannot call method &quot;toJSON&quot; of undefined in file:/Users/levid/Mobile/development/projects/CueScore/target/jasmine/spec/nine_ball/nine_ball_player_spec.js (line 112)">ReferenceError: &quot;NineBallPlayer&quot; is not defined. in file:/Users/levid/Mobile/development/projects/CueScore/target/jasmine/spec/nine_ball/nine_ball_player_spec.js (line 8)TypeError: Cannot call method &quot;toJSON&quot; of undefined in file:/Users/levid/Mobile/development/projects/CueScore/target/jasmine/spec/nine_ball/nine_ball_player_spec.js (line 112)</error></testcase><testcase classname="jasmine" name="NineBall Player toJSON/fromJSON should be able to take a Player with all variables filled and turn it into a JSON object" time="0.0" failure="true"><error type="expect.undefined" message="ReferenceError: &quot;NineBallPlayer&quot; is not defined. in file:/Users/levid/Mobile/development/projects/CueScore/target/jasmine/spec/nine_ball/nine_ball_player_spec.js (line 8)TypeError: Cannot set property &quot;Score&quot; of undefined to &quot;12&quot; in file:/Users/levid/Mobile/development/projects/CueScore/target/jasmine/spec/nine_ball/nine_ball_player_spec.js (line 126)">ReferenceError: &quot;NineBallPlayer&quot; is not defined. in file:/Users/levid/Mobile/development/projects/CueScore/target/jasmine/spec/nine_ball/nine_ball_player_spec.js (line 8)TypeError: Cannot set property &quot;Score&quot; of undefined to &quot;12&quot; in file:/Users/levid/Mobile/development/projects/CueScore/target/jasmine/spec/nine_ball/nine_ball_player_spec.js (line 126)</error></testcase><testcase classname="jasmine" name="NineBall Player toJSON/fromJSON should be able to take a Player JSON and fill a Player object with it" time="0.0" failure="true"><error type="expect.undefined" message="ReferenceError: &quot;NineBallPlayer&quot; is not defined. in file:/Users/levid/Mobile/development/projects/CueScore/target/jasmine/spec/nine_ball/nine_ball_player_spec.js (line 8)TypeError: Cannot call method &quot;fromJSON&quot; of undefined in file:/Users/levid/Mobile/development/projects/CueScore/target/jasmine/spec/nine_ball/nine_ball_player_spec.js (line 146)">ReferenceError: &quot;NineBallPlayer&quot; is not defined. in file:/Users/levid/Mobile/development/projects/CueScore/target/jasmine/spec/nine_ball/nine_ball_player_spec.js (line 8)TypeError: Cannot call method &quot;fromJSON&quot; of undefined in file:/Users/levid/Mobile/development/projects/CueScore/target/jasmine/spec/nine_ball/nine_ball_player_spec.js (line 146)</error></testcase><testcase classname="jasmine" name="NineBall Rank Scoring should return the correct Ball Counts for each rank" time="0.0" failure="false"/><testcase classname="jasmine" name="NineBall Rank Scoring should be able to return the match points for the losing player" time="0.0" failure="false"/><testcase classname="jasmine" name="NineBall Rank Scoring should be able to return the match points for the winning player" time="0.0" failure="false"/><testcase classname="jasmine" name="NineBall Rank Scoring should be able to return the number of timeouts based on model" time="0.0" failure="false"/></testsuite>